2024-07-04 13:22:48,090 - database_functions - INFO - Ensuring directory exists for database: data/LINEAR_CORN_A.db
2024-07-04 13:22:48,120 - database_functions - INFO - Database data/LINEAR_CORN_A.db set up successfully
2024-07-04 13:22:48,122 - database_functions - DEBUG - Created table with columns: TIMESTAMP TEXT, RecNbr TEXT, BatV TEXT, PanelTempC TEXT, IRT5023A1xx24 TEXT, IRT5020A3xx24 TEXT, IRT5018A3xx24 TEXT, TDR5023A10624 TEXT, TDR5023A11824 TEXT, TDR5023A13024 TEXT, TDR5023A14224 TEXT, TDR5026A20624 TEXT, TDR5026A21824 TEXT, TDR5026A23024 TEXT, TDR5027A40624 TEXT, TDR5027A41824 TEXT, TDR5027A43024 TEXT, DEN5023A1xx24 TEXT
2024-07-04 13:22:48,144 - database_functions - INFO - Inserted 1 rows into data/LINEAR_CORN_A.db
2024-07-04 13:22:48,145 - database_functions - DEBUG - Sample of inserted data: [{"TIMESTAMP": "2024-07-04 13:22:00", "RecNbr": 1546, "BatV": 12.83, "PanelTempC": 24.84, "IRT5023A1xx24": 9.015302658081055, "IRT5020A3xx24": 28.800655364990234, "IRT5018A3xx24": 6.308988571166992, "TDR5023A10624": 0.4158160090446472, "TDR5023A11824": 0.030538270249962807, "TDR5023A13024": 0.4427576959133148, "TDR5023A14224": 0.3794659674167633, "TDR5026A20624": 0.29458087682724, "TDR5026A21824": 0.29603415727615356, "TDR5026A23024": 0.33648520708084106, "TDR5027A40624": 0.3419680893421173, "TDR5027A41824": 0.4658794403076172, "TDR5027A43024": 0.33761951327323914, "DEN5023A1xx24": 4.949370861053467}]
2024-07-04 13:25:00,124 - database_functions - INFO - Ensuring directory exists for database: data/LINEAR_CORN_A.db
2024-07-04 13:25:00,127 - database_functions - INFO - Database data/LINEAR_CORN_A.db set up successfully
2024-07-04 13:25:00,128 - database_functions - DEBUG - Created table with columns: TIMESTAMP TEXT, RecNbr TEXT, BatV TEXT, PanelTempC TEXT, IRT5023A1xx24 TEXT, IRT5020A3xx24 TEXT, IRT5018A3xx24 TEXT, TDR5023A10624 TEXT, TDR5023A11824 TEXT, TDR5023A13024 TEXT, TDR5023A14224 TEXT, TDR5026A20624 TEXT, TDR5026A21824 TEXT, TDR5026A23024 TEXT, TDR5027A40624 TEXT, TDR5027A41824 TEXT, TDR5027A43024 TEXT, DEN5023A1xx24 TEXT
2024-07-04 13:25:00,150 - database_functions - INFO - Inserted 1 rows into data/LINEAR_CORN_A.db
2024-07-04 13:25:00,151 - database_functions - DEBUG - Sample of inserted data: [{"TIMESTAMP": "2024-07-04 13:24:00", "RecNbr": 1548, "BatV": 12.84, "PanelTempC": 24.84, "IRT5023A1xx24": -0.7333459854125977, "IRT5020A3xx24": 18.00118064880371, "IRT5018A3xx24": 2.792904853820801, "TDR5023A10624": 0.38747602701187134, "TDR5023A11824": 0.03799403831362724, "TDR5023A13024": 0.14859038591384888, "TDR5023A14224": 0.430409699678421, "TDR5026A20624": 0.29441162943840027, "TDR5026A21824": 0.33709532022476196, "TDR5026A23024": 0.044713109731674194, "TDR5027A40624": 0.26001259684562683, "TDR5027A41824": 0.36626696586608887, "TDR5027A43024": 0.119853675365448, "DEN5023A1xx24": 4.253222465515137}]
2024-07-05 07:03:31,765 - database_functions - INFO - Ensuring directory exists for database: data/LINEAR_CORN_A.db
2024-07-05 07:03:31,767 - database_functions - INFO - Database data/LINEAR_CORN_A.db set up successfully
2024-07-05 07:03:31,768 - database_functions - DEBUG - Created table with columns: TIMESTAMP TEXT, RecNbr TEXT, BatV TEXT, PanelTempC TEXT, IRT5023A1xx24 TEXT, IRT5020A3xx24 TEXT, IRT5018A3xx24 TEXT, TDR5023A10624 TEXT, TDR5023A11824 TEXT, TDR5023A13024 TEXT, TDR5023A14224 TEXT, TDR5026A20624 TEXT, TDR5026A21824 TEXT, TDR5026A23024 TEXT, TDR5027A40624 TEXT, TDR5027A41824 TEXT, TDR5027A43024 TEXT, DEN5023A1xx24 TEXT
2024-07-05 07:03:31,781 - database_functions - INFO - Inserted 1 rows into data/LINEAR_CORN_A.db
2024-07-05 07:03:31,782 - database_functions - DEBUG - Sample of inserted data: [{"TIMESTAMP": "2024-07-05 07:03:00", "RecNbr": 2607, "BatV": 12.84, "PanelTempC": 23.7, "IRT5023A1xx24": 11.10580825805664, "IRT5020A3xx24": 14.191568374633789, "IRT5018A3xx24": 31.55599594116211, "TDR5023A10624": 0.3395520746707916, "TDR5023A11824": 0.18089835345745087, "TDR5023A13024": 0.10840854793787003, "TDR5023A14224": 0.11476314812898636, "TDR5026A20624": 0.44790568947792053, "TDR5026A21824": 0.2437116503715515, "TDR5026A23024": 0.05083949491381645, "TDR5027A40624": 0.2919912040233612, "TDR5027A41824": 0.27819445729255676, "TDR5027A43024": 0.23126500844955444, "DEN5023A1xx24": 5.440496921539307}]
2024-07-05 07:04:20,115 - database_functions - INFO - Ensuring directory exists for database: data/LINEAR_CORN_A.db
2024-07-05 07:04:20,117 - database_functions - INFO - Database data/LINEAR_CORN_A.db set up successfully
2024-07-05 07:04:20,118 - database_functions - DEBUG - Created table with columns: TIMESTAMP TEXT, RecNbr TEXT, BatV TEXT, PanelTempC TEXT, IRT5023A1xx24 TEXT, IRT5020A3xx24 TEXT, IRT5018A3xx24 TEXT, TDR5023A10624 TEXT, TDR5023A11824 TEXT, TDR5023A13024 TEXT, TDR5023A14224 TEXT, TDR5026A20624 TEXT, TDR5026A21824 TEXT, TDR5026A23024 TEXT, TDR5027A40624 TEXT, TDR5027A41824 TEXT, TDR5027A43024 TEXT, DEN5023A1xx24 TEXT
2024-07-05 07:04:20,138 - database_functions - INFO - Inserted 1 rows into data/LINEAR_CORN_A.db
2024-07-05 07:04:20,139 - database_functions - DEBUG - Sample of inserted data: [{"TIMESTAMP": "2024-07-05 07:04:00", "RecNbr": 2608, "BatV": 12.84, "PanelTempC": 23.7, "IRT5023A1xx24": 38.06817626953125, "IRT5020A3xx24": -8.487166404724121, "IRT5018A3xx24": 32.777217864990234, "TDR5023A10624": 0.1397847831249237, "TDR5023A11824": 0.10544823110103607, "TDR5023A13024": 0.3872911334037781, "TDR5023A14224": 0.0806318148970604, "TDR5026A20624": 0.1159643903374672, "TDR5026A21824": 0.14013759791851044, "TDR5026A23024": 0.42015576362609863, "TDR5027A40624": 0.20908673107624054, "TDR5027A41824": 0.26884666085243225, "TDR5027A43024": 0.30676189064979553, "DEN5023A1xx24": 5.774628639221191}]
2024-07-05 07:16:48,147 - database_functions - INFO - Ensuring directory exists for database: data/LINEAR_CORN_A.db
2024-07-05 07:16:48,151 - database_functions - INFO - Database data/LINEAR_CORN_A.db set up successfully
2024-07-05 07:16:48,153 - database_functions - DEBUG - Created table with columns: TIMESTAMP TEXT, RecNbr TEXT, BatV TEXT, PanelTempC TEXT, IRT5023A1xx24 TEXT, IRT5020A3xx24 TEXT, IRT5018A3xx24 TEXT, TDR5023A10624 TEXT, TDR5023A11824 TEXT, TDR5023A13024 TEXT, TDR5023A14224 TEXT, TDR5026A20624 TEXT, TDR5026A21824 TEXT, TDR5026A23024 TEXT, TDR5027A40624 TEXT, TDR5027A41824 TEXT, TDR5027A43024 TEXT, DEN5023A1xx24 TEXT
2024-07-05 07:16:48,182 - database_functions - INFO - Inserted 1 rows into data/LINEAR_CORN_A.db
2024-07-05 07:16:48,184 - database_functions - DEBUG - Sample of inserted data: [{"TIMESTAMP": "2024-07-05 07:16:00", "RecNbr": 2620, "BatV": 12.84, "PanelTempC": 23.9, "IRT5023A1xx24": 19.153072357177734, "IRT5020A3xx24": 12.629070281982422, "IRT5018A3xx24": 10.843868255615234, "TDR5023A10624": 0.20400391519069672, "TDR5023A11824": 0.4283883273601532, "TDR5023A13024": 0.07875946909189224, "TDR5023A14224": 0.0269472673535347, "TDR5026A20624": 0.2232513129711151, "TDR5026A21824": 0.3389073610305786, "TDR5026A23024": 0.42834025621414185, "TDR5027A40624": 0.07258875668048859, "TDR5027A41824": 0.17654642462730408, "TDR5027A43024": 0.11372464150190353, "DEN5023A1xx24": 3.346656322479248}]
2024-07-05 07:19:06,185 - database_functions - INFO - Ensuring directory exists for database: data/LINEAR_CORN_A.db
2024-07-05 07:19:06,187 - database_functions - INFO - Database data/LINEAR_CORN_A.db set up successfully
2024-07-05 07:19:06,188 - database_functions - DEBUG - Created table with columns: TIMESTAMP TEXT, RecNbr TEXT, BatV TEXT, PanelTempC TEXT, IRT5023A1xx24 TEXT, IRT5020A3xx24 TEXT, IRT5018A3xx24 TEXT, TDR5023A10624 TEXT, TDR5023A11824 TEXT, TDR5023A13024 TEXT, TDR5023A14224 TEXT, TDR5026A20624 TEXT, TDR5026A21824 TEXT, TDR5026A23024 TEXT, TDR5027A40624 TEXT, TDR5027A41824 TEXT, TDR5027A43024 TEXT, DEN5023A1xx24 TEXT
2024-07-05 07:19:06,203 - database_functions - INFO - Inserted 1 rows into data/LINEAR_CORN_A.db
2024-07-05 07:19:06,203 - database_functions - DEBUG - Sample of inserted data: [{"TIMESTAMP": "2024-07-05 07:19:00", "RecNbr": 2623, "BatV": 12.83, "PanelTempC": 23.96, "IRT5023A1xx24": 32.74060821533203, "IRT5020A3xx24": 9.657529830932617, "IRT5018A3xx24": -3.6272101402282715, "TDR5023A10624": 0.3986209034919739, "TDR5023A11824": 0.2428881675004959, "TDR5023A13024": 0.08703035116195679, "TDR5023A14224": 0.40240976214408875, "TDR5026A20624": 0.4495246410369873, "TDR5026A21824": 0.3324849307537079, "TDR5026A23024": 0.25035208463668823, "TDR5027A40624": 0.12686821818351746, "TDR5027A41824": 0.27095648646354675, "TDR5027A43024": 0.2796904444694519, "DEN5023A1xx24": 4.987987041473389}]
2024-07-05 07:30:56,499 - database_functions - INFO - Ensuring directory exists for database: data/LINEAR_CORN_A.db
2024-07-05 07:30:56,501 - database_functions - INFO - Database data/LINEAR_CORN_A.db set up successfully
2024-07-05 07:30:56,502 - database_functions - DEBUG - Created table with columns: TIMESTAMP TEXT, RecNbr TEXT, BatV TEXT, PanelTempC TEXT, IRT5023A1xx24 TEXT, IRT5020A3xx24 TEXT, IRT5018A3xx24 TEXT, TDR5023A10624 TEXT, TDR5023A11824 TEXT, TDR5023A13024 TEXT, TDR5023A14224 TEXT, TDR5026A20624 TEXT, TDR5026A21824 TEXT, TDR5026A23024 TEXT, TDR5027A40624 TEXT, TDR5027A41824 TEXT, TDR5027A43024 TEXT, DEN5023A1xx24 TEXT
2024-07-05 07:30:56,516 - database_functions - INFO - Inserted 1 rows into data/LINEAR_CORN_A.db
2024-07-05 07:30:56,518 - database_functions - DEBUG - Sample of inserted data: [{"TIMESTAMP": "2024-07-05 07:30:00", "RecNbr": 2634, "BatV": 12.84, "PanelTempC": 24.1, "IRT5023A1xx24": 25.045860290527344, "IRT5020A3xx24": 6.444530487060547, "IRT5018A3xx24": 7.91425895690918, "TDR5023A10624": 0.13178236782550812, "TDR5023A11824": 0.0028779867570847273, "TDR5023A13024": 0.1712653636932373, "TDR5023A14224": 0.07227662205696106, "TDR5026A20624": 0.3433173894882202, "TDR5026A21824": 0.21689583361148834, "TDR5026A23024": 0.17677071690559387, "TDR5027A40624": 0.3712187707424164, "TDR5027A41824": 0.4603135585784912, "TDR5027A43024": 0.010921323671936989, "DEN5023A1xx24": 8.123063087463379}]
2024-07-05 07:42:36,945 - database_functions - INFO - Ensuring directory exists for database: data/LINEAR_CORN_A.db
2024-07-05 07:42:36,948 - database_functions - INFO - Database data/LINEAR_CORN_A.db set up successfully
2024-07-05 07:42:36,948 - database_functions - DEBUG - Created table with columns: TIMESTAMP TEXT, RecNbr TEXT, BatV TEXT, PanelTempC TEXT, IRT5023A1xx24 TEXT, IRT5020A3xx24 TEXT, IRT5018A3xx24 TEXT, TDR5023A10624 TEXT, TDR5023A11824 TEXT, TDR5023A13024 TEXT, TDR5023A14224 TEXT, TDR5026A20624 TEXT, TDR5026A21824 TEXT, TDR5026A23024 TEXT, TDR5027A40624 TEXT, TDR5027A41824 TEXT, TDR5027A43024 TEXT, DEN5023A1xx24 TEXT
2024-07-05 07:42:36,964 - database_functions - INFO - Inserted 1 rows into data/LINEAR_CORN_A.db
2024-07-05 07:42:36,965 - database_functions - DEBUG - Sample of inserted data: [{"TIMESTAMP": "2024-07-05 07:42:00", "RecNbr": 2646, "BatV": 12.84, "PanelTempC": 24.28, "IRT5023A1xx24": 6.8577117919921875, "IRT5020A3xx24": 23.098308563232422, "IRT5018A3xx24": 8.786243438720703, "TDR5023A10624": 0.43544232845306396, "TDR5023A11824": 0.22203442454338074, "TDR5023A13024": 0.30542436242103577, "TDR5023A14224": 0.4207487404346466, "TDR5026A20624": 0.11907074600458145, "TDR5026A21824": 0.3405027687549591, "TDR5026A23024": 0.4790763258934021, "TDR5027A40624": 0.23003488779067993, "TDR5027A41824": 0.16683387756347656, "TDR5027A43024": 0.1334071308374405, "DEN5023A1xx24": 0.6588196158409119}]
2024-07-05 07:52:41,543 - database_functions - INFO - Ensuring directory exists for database: data/LINEAR_CORN_A.db
2024-07-05 07:52:41,548 - database_functions - INFO - Database data/LINEAR_CORN_A.db set up successfully
2024-07-05 07:52:41,549 - database_functions - DEBUG - Created table with columns: TIMESTAMP TEXT, RecNbr TEXT, BatV TEXT, PanelTempC TEXT, IRT5023A1xx24 TEXT, IRT5020A3xx24 TEXT, IRT5018A3xx24 TEXT, TDR5023A10624 TEXT, TDR5023A11824 TEXT, TDR5023A13024 TEXT, TDR5023A14224 TEXT, TDR5026A20624 TEXT, TDR5026A21824 TEXT, TDR5026A23024 TEXT, TDR5027A40624 TEXT, TDR5027A41824 TEXT, TDR5027A43024 TEXT, DEN5023A1xx24 TEXT
2024-07-05 07:52:41,571 - database_functions - INFO - Inserted 1 rows into data/LINEAR_CORN_A.db
2024-07-05 07:52:41,572 - database_functions - DEBUG - Sample of inserted data: [{"TIMESTAMP": "2024-07-05 07:52:00", "RecNbr": 2656, "BatV": 12.84, "PanelTempC": 24.28, "IRT5023A1xx24": 24.78110122680664, "IRT5020A3xx24": 34.18178939819336, "IRT5018A3xx24": 39.7993049621582, "TDR5023A10624": 0.3199336528778076, "TDR5023A11824": 0.421286940574646, "TDR5023A13024": 0.2612965404987335, "TDR5023A14224": 0.15453402698040009, "TDR5026A20624": 0.23057614266872406, "TDR5026A21824": 0.36245647072792053, "TDR5026A23024": 0.12952379882335663, "TDR5027A40624": 0.13155873119831085, "TDR5027A41824": 0.2571744918823242, "TDR5027A43024": 0.23230835795402527, "DEN5023A1xx24": 5.518677234649658}]
2024-07-05 07:53:38,242 - database_functions - INFO - Ensuring directory exists for database: data/LINEAR_CORN_A.db
2024-07-05 07:53:38,245 - database_functions - INFO - Database data/LINEAR_CORN_A.db set up successfully
2024-07-05 07:53:38,245 - database_functions - DEBUG - Created table with columns: TIMESTAMP TEXT, RecNbr TEXT, BatV TEXT, PanelTempC TEXT, IRT5023A1xx24 TEXT, IRT5020A3xx24 TEXT, IRT5018A3xx24 TEXT, TDR5023A10624 TEXT, TDR5023A11824 TEXT, TDR5023A13024 TEXT, TDR5023A14224 TEXT, TDR5026A20624 TEXT, TDR5026A21824 TEXT, TDR5026A23024 TEXT, TDR5027A40624 TEXT, TDR5027A41824 TEXT, TDR5027A43024 TEXT, DEN5023A1xx24 TEXT
2024-07-05 07:53:38,285 - database_functions - INFO - Inserted 1 rows into data/LINEAR_CORN_A.db
2024-07-05 07:53:38,288 - database_functions - DEBUG - Sample of inserted data: [{"TIMESTAMP": "2024-07-05 07:53:00", "RecNbr": 2657, "BatV": 12.84, "PanelTempC": 24.28, "IRT5023A1xx24": 25.74850082397461, "IRT5020A3xx24": 32.32896041870117, "IRT5018A3xx24": 26.791336059570312, "TDR5023A10624": 0.4882631003856659, "TDR5023A11824": 0.22385470569133759, "TDR5023A13024": 0.0678548812866211, "TDR5023A14224": 0.35885974764823914, "TDR5026A20624": 0.2104480117559433, "TDR5026A21824": 0.4345783293247223, "TDR5026A23024": 0.020549623295664787, "TDR5027A40624": 0.4769565761089325, "TDR5027A41824": 0.4762979745864868, "TDR5027A43024": 0.48359036445617676, "DEN5023A1xx24": 7.6513824462890625}]
2024-07-05 07:55:22,800 - database_functions - INFO - Ensuring directory exists for database: data/LINEAR_CORN_A.db
2024-07-05 07:55:22,802 - database_functions - INFO - Database data/LINEAR_CORN_A.db set up successfully
2024-07-05 07:55:22,802 - database_functions - DEBUG - Created table with columns: TIMESTAMP TEXT, RecNbr TEXT, BatV TEXT, PanelTempC TEXT, IRT5023A1xx24 TEXT, IRT5020A3xx24 TEXT, IRT5018A3xx24 TEXT, TDR5023A10624 TEXT, TDR5023A11824 TEXT, TDR5023A13024 TEXT, TDR5023A14224 TEXT, TDR5026A20624 TEXT, TDR5026A21824 TEXT, TDR5026A23024 TEXT, TDR5027A40624 TEXT, TDR5027A41824 TEXT, TDR5027A43024 TEXT, DEN5023A1xx24 TEXT
2024-07-05 07:55:22,829 - database_functions - INFO - Inserted 1 rows into data/LINEAR_CORN_A.db
2024-07-05 07:55:22,830 - database_functions - DEBUG - Sample of inserted data: [{"TIMESTAMP": "2024-07-05 07:55:00", "RecNbr": 2659, "BatV": 12.84, "PanelTempC": 24.3, "IRT5023A1xx24": 6.051885604858398, "IRT5020A3xx24": 23.957881927490234, "IRT5018A3xx24": 31.741092681884766, "TDR5023A10624": 0.2520312964916229, "TDR5023A11824": 0.49562492966651917, "TDR5023A13024": 0.1379367560148239, "TDR5023A14224": 0.4988482594490051, "TDR5026A20624": 0.43460649251937866, "TDR5026A21824": 0.058679062873125076, "TDR5026A23024": 0.1367797553539276, "TDR5027A40624": 0.282858282327652, "TDR5027A41824": 0.22083888947963715, "TDR5027A43024": 0.35957100987434387, "DEN5023A1xx24": 2.113065481185913}]
