2024-07-05 15:19:00,549 - data_logger - INFO - Attempting to connect to datalogger on port /dev/ttyUSB0 (Attempt 1/3)
2024-07-05 15:19:20,626 - data_logger - INFO - Successfully connected to datalogger on port /dev/ttyUSB0
2024-07-05 15:19:21,692 - data_logger - INFO - Retrieved 4 table names: [b'Status', b'RandomData', b'DataTableInfo', b'Public']
2024-07-05 15:19:21,692 - data_logger - INFO - Selected table for data retrieval: b'RandomData'
2024-07-05 15:19:21,693 - data_logger - INFO - Attempting to retrieve data from RandomData between 2024-07-05 14:19:21.693029 and 2024-07-05 15:19:21.693029
2024-07-05 15:19:23,046 - data_logger - INFO - Retrieved and cleaned 60 data points from RandomData
2024-07-05 15:19:23,052 - data_logger - DEBUG - Sample of cleaned data: [{"TIMESTAMP": "2024-07-05 14:20:00", "RecNbr": 3044, "BatV": 12.83, "PanelTempC": 25.52, "IRT5023A1xx24": 20.489641189575195, "IRT5020A3xx24": -0.6705989837646484, "IRT5018A3xx24": 2.9259843826293945, "TDR5023A10624": 0.23374974727630615, "TDR5023A11824": 0.25084415078163147, "TDR5023A13024": 0.024017365649342537, "TDR5023A14224": 0.07160145789384842, "TDR5026A20624": 0.4243733584880829, "TDR5026A21824": 0.035451166331768036, "TDR5026A23024": 0.1449332982301712, "TDR5027A40624": 0.43066200613975525, "TDR5027A41824": 0.04848732426762581, "TDR5027A43024": 0.27843672037124634, "DEN5023A1xx24": 7.271615982055664}, {"TIMESTAMP": "2024-07-05 14:21:00", "RecNbr": 3045, "BatV": 12.83, "PanelTempC": 25.55, "IRT5023A1xx24": 8.541051864624023, "IRT5020A3xx24": 20.878070831298828, "IRT5018A3xx24": -2.170712947845459, "TDR5023A10624": 0.007622044533491135, "TDR5023A11824": 0.35264959931373596, "TDR5023A13024": 0.23065951466560364, "TDR5023A14224": 0.37690070271492004, "TDR5026A20624": 0.11103259772062302, "TDR5026A21824": 0.46501368284225464, "TDR5026A23024": 0.03265680745244026, "TDR5027A40624": 0.16061580181121826, "TDR5027A41824": 0.13929377496242523, "TDR5027A43024": 0.3370709717273712, "DEN5023A1xx24": 1.5549628734588623}]
2024-07-05 15:52:13,912 - data_logger - INFO - Attempting to connect to datalogger on port /dev/ttyUSB0 (Attempt 1/3)
2024-07-05 15:52:13,913 - data_logger - ERROR - Failed to connect to datalogger: [Errno 2] could not open port /dev/ttyUSB0: [Errno 2] No such file or directory: '/dev/ttyUSB0'
2024-07-05 15:52:13,914 - data_logger - INFO - Retrying in 5 seconds...
2024-07-05 15:52:18,919 - data_logger - INFO - Attempting to connect to datalogger on port /dev/ttyUSB0 (Attempt 2/3)
2024-07-05 15:52:18,920 - data_logger - ERROR - Failed to connect to datalogger: [Errno 2] could not open port /dev/ttyUSB0: [Errno 2] No such file or directory: '/dev/ttyUSB0'
2024-07-05 15:52:18,925 - data_logger - INFO - Retrying in 5 seconds...
2024-07-05 15:52:23,931 - data_logger - INFO - Attempting to connect to datalogger on port /dev/ttyUSB0 (Attempt 3/3)
2024-07-05 15:52:23,932 - data_logger - ERROR - Failed to connect to datalogger: [Errno 2] could not open port /dev/ttyUSB0: [Errno 2] No such file or directory: '/dev/ttyUSB0'
2024-07-05 15:52:23,934 - data_logger - ERROR - Max retries reached. Unable to connect to datalogger.
2024-07-05 16:22:26,137 - data_logger - INFO - Attempting to connect to datalogger on port /dev/ttyUSB0 (Attempt 1/3)
2024-07-05 16:22:26,138 - data_logger - ERROR - Failed to connect to datalogger: [Errno 2] could not open port /dev/ttyUSB0: [Errno 2] No such file or directory: '/dev/ttyUSB0'
2024-07-05 16:22:26,138 - data_logger - INFO - Retrying in 5 seconds...
2024-07-05 16:22:31,144 - data_logger - INFO - Attempting to connect to datalogger on port /dev/ttyUSB0 (Attempt 2/3)
2024-07-05 16:22:31,145 - data_logger - ERROR - Failed to connect to datalogger: [Errno 2] could not open port /dev/ttyUSB0: [Errno 2] No such file or directory: '/dev/ttyUSB0'
2024-07-05 16:22:31,146 - data_logger - INFO - Retrying in 5 seconds...
2024-07-05 16:22:36,152 - data_logger - INFO - Attempting to connect to datalogger on port /dev/ttyUSB0 (Attempt 3/3)
2024-07-05 16:22:36,153 - data_logger - ERROR - Failed to connect to datalogger: [Errno 2] could not open port /dev/ttyUSB0: [Errno 2] No such file or directory: '/dev/ttyUSB0'
2024-07-05 16:22:36,155 - data_logger - ERROR - Max retries reached. Unable to connect to datalogger.
2024-07-05 15:25:37,596 - data_logger - INFO - Attempting to connect to datalogger on port /dev/ttyUSB0 (Attempt 1/3)
2024-07-05 15:25:37,601 - data_logger - ERROR - Failed to connect to datalogger: [Errno 2] could not open port /dev/ttyUSB0: [Errno 2] No such file or directory: '/dev/ttyUSB0'
2024-07-05 15:25:37,601 - data_logger - INFO - Retrying in 5 seconds...
2024-07-05 15:25:42,607 - data_logger - INFO - Attempting to connect to datalogger on port /dev/ttyUSB0 (Attempt 2/3)
2024-07-05 15:25:42,607 - data_logger - ERROR - Failed to connect to datalogger: [Errno 2] could not open port /dev/ttyUSB0: [Errno 2] No such file or directory: '/dev/ttyUSB0'
2024-07-05 15:25:42,608 - data_logger - INFO - Retrying in 5 seconds...
2024-07-05 15:25:47,613 - data_logger - INFO - Attempting to connect to datalogger on port /dev/ttyUSB0 (Attempt 3/3)
2024-07-05 15:25:47,615 - data_logger - ERROR - Failed to connect to datalogger: [Errno 2] could not open port /dev/ttyUSB0: [Errno 2] No such file or directory: '/dev/ttyUSB0'
2024-07-05 15:25:47,615 - data_logger - ERROR - Max retries reached. Unable to connect to datalogger.
2024-07-05 16:57:23,019 - data_logger - INFO - Attempting to connect to datalogger on port /dev/ttyUSB0 (Attempt 1/3)
2024-07-05 16:57:23,021 - data_logger - ERROR - Failed to connect to datalogger: [Errno 2] could not open port /dev/ttyUSB0: [Errno 2] No such file or directory: '/dev/ttyUSB0'
2024-07-05 16:57:23,022 - data_logger - INFO - Retrying in 5 seconds...
2024-07-05 16:57:28,028 - data_logger - INFO - Attempting to connect to datalogger on port /dev/ttyUSB0 (Attempt 2/3)
2024-07-05 16:57:28,029 - data_logger - ERROR - Failed to connect to datalogger: [Errno 2] could not open port /dev/ttyUSB0: [Errno 2] No such file or directory: '/dev/ttyUSB0'
2024-07-05 16:57:28,030 - data_logger - INFO - Retrying in 5 seconds...
2024-07-05 16:57:33,032 - data_logger - INFO - Attempting to connect to datalogger on port /dev/ttyUSB0 (Attempt 3/3)
2024-07-05 16:57:33,033 - data_logger - ERROR - Failed to connect to datalogger: [Errno 2] could not open port /dev/ttyUSB0: [Errno 2] No such file or directory: '/dev/ttyUSB0'
2024-07-05 16:57:33,033 - data_logger - ERROR - Max retries reached. Unable to connect to datalogger.
2024-07-05 17:09:01,802 - data_logger - INFO - Attempting to connect to datalogger on port /dev/ttyUSB0 (Attempt 1/3)
2024-07-05 17:09:11,866 - data_logger - INFO - Successfully connected to datalogger on port /dev/ttyUSB0
2024-07-05 17:09:12,928 - data_logger - INFO - Retrieved 4 table names: [b'Status', b'RandomData', b'DataTableInfo', b'Public']
2024-07-05 17:09:12,928 - data_logger - INFO - Selected table for data retrieval: b'RandomData'
2024-07-05 17:09:12,930 - data_logger - INFO - Attempting to retrieve data from RandomData between 2024-07-05 16:09:12.929403 and 2024-07-05 17:09:12.929403
2024-07-05 17:09:14,290 - data_logger - INFO - Retrieved and cleaned 60 data points from RandomData
2024-07-05 17:09:14,292 - data_logger - DEBUG - Sample of cleaned data: [{"TIMESTAMP": "2024-07-05 16:10:00", "RecNbr": 3154, "BatV": 12.83, "PanelTempC": 24.19, "IRT5023A1xx24": 5.8112897872924805, "IRT5020A3xx24": -2.6775617599487305, "IRT5018A3xx24": 12.350286483764648, "TDR5023A10624": 0.11001350730657578, "TDR5023A11824": 0.2334035485982895, "TDR5023A13024": 0.23945093154907227, "TDR5023A14224": 0.4961830973625183, "TDR5026A20624": 0.14016138017177582, "TDR5026A21824": 0.013322396203875542, "TDR5026A23024": 0.4835783839225769, "TDR5027A40624": 0.15297099947929382, "TDR5027A41824": 0.4691798686981201, "TDR5027A43024": 0.1588827669620514, "DEN5023A1xx24": 9.322408676147461}, {"TIMESTAMP": "2024-07-05 16:11:00", "RecNbr": 3155, "BatV": 12.83, "PanelTempC": 24.22, "IRT5023A1xx24": 33.455020904541016, "IRT5020A3xx24": -7.978521823883057, "IRT5018A3xx24": 23.521774291992188, "TDR5023A10624": 0.4887975752353668, "TDR5023A11824": 0.4062051475048065, "TDR5023A13024": 0.20614944398403168, "TDR5023A14224": 0.134004145860672, "TDR5026A20624": 0.18207228183746338, "TDR5026A21824": 0.019932609051465988, "TDR5026A23024": 0.26635998487472534, "TDR5027A40624": 0.19867093861103058, "TDR5027A41824": 0.3550772964954376, "TDR5027A43024": 0.2990082800388336, "DEN5023A1xx24": 3.416236400604248}]
2024-07-05 17:17:55,422 - data_logger - INFO - Attempting to connect to datalogger on port /dev/ttyUSB0 (Attempt 1/3)
2024-07-05 17:22:35,610 - data_logger - INFO - Successfully connected to datalogger on port /dev/ttyUSB0
2024-07-05 17:22:36,679 - data_logger - INFO - Retrieved 4 table names: [b'Status', b'RandomData', b'DataTableInfo', b'Public']
2024-07-05 17:22:36,680 - data_logger - INFO - Selected table for data retrieval: b'RandomData'
2024-07-05 17:22:36,681 - data_logger - INFO - Attempting to retrieve data from RandomData between 2024-07-05 16:22:36.680925 and 2024-07-05 17:22:36.680925
2024-07-05 17:22:38,040 - data_logger - INFO - Retrieved and cleaned 60 data points from RandomData
2024-07-05 17:22:38,041 - data_logger - DEBUG - Sample of cleaned data: [{"TIMESTAMP": "2024-07-05 16:23:00", "RecNbr": 3167, "BatV": 12.83, "PanelTempC": 24.51, "IRT5023A1xx24": 5.809337615966797, "IRT5020A3xx24": 7.091447830200195, "IRT5018A3xx24": 27.86880111694336, "TDR5023A10624": 0.4526285231113434, "TDR5023A11824": 0.3196125328540802, "TDR5023A13024": 0.30423951148986816, "TDR5023A14224": 0.1164860650897026, "TDR5026A20624": 0.34828662872314453, "TDR5026A21824": 0.0872514620423317, "TDR5026A23024": 0.29142647981643677, "TDR5027A40624": 0.26148316264152527, "TDR5027A41824": 0.25980421900749207, "TDR5027A43024": 0.3783775568008423, "DEN5023A1xx24": 4.453105449676514}, {"TIMESTAMP": "2024-07-05 16:24:00", "RecNbr": 3168, "BatV": 12.83, "PanelTempC": 24.54, "IRT5023A1xx24": 9.888103485107422, "IRT5020A3xx24": 9.987260818481445, "IRT5018A3xx24": 29.26898193359375, "TDR5023A10624": 0.41596469283103943, "TDR5023A11824": 0.44025763869285583, "TDR5023A13024": 0.4156053364276886, "TDR5023A14224": 0.00834382139146328, "TDR5026A20624": 0.49491414427757263, "TDR5026A21824": 0.19314368069171906, "TDR5026A23024": 0.12073102593421936, "TDR5027A40624": 0.08841340988874435, "TDR5027A41824": 0.12769918143749237, "TDR5027A43024": 0.04689379781484604, "DEN5023A1xx24": 5.937956809997559}]
2024-07-05 17:37:14,163 - data_logger - INFO - Attempting to connect to datalogger on port /dev/ttyUSB0 (Attempt 1/3)
2024-07-05 17:44:30,580 - data_logger - INFO - Successfully connected to datalogger on port /dev/ttyUSB0
2024-07-05 17:44:31,676 - data_logger - INFO - Retrieved 4 table names: [b'Status', b'RandomData', b'DataTableInfo', b'Public']
2024-07-05 17:44:31,677 - data_logger - INFO - Selected table for data retrieval: b'RandomData'
2024-07-05 17:44:31,678 - data_logger - INFO - Attempting to retrieve data from RandomData between 2024-07-05 16:44:31.677594 and 2024-07-05 17:44:31.677594
2024-07-05 17:44:33,023 - data_logger - INFO - Retrieved and cleaned 60 data points from RandomData
2024-07-05 17:44:33,024 - data_logger - DEBUG - Sample of cleaned data: [{"TIMESTAMP": "2024-07-05 16:45:00", "RecNbr": 3189, "BatV": 12.83, "PanelTempC": 24.92, "IRT5023A1xx24": 35.31249237060547, "IRT5020A3xx24": -6.023054122924805, "IRT5018A3xx24": 25.913227081298828, "TDR5023A10624": 0.19119130074977875, "TDR5023A11824": 0.005584662780165672, "TDR5023A13024": 0.42426353693008423, "TDR5023A14224": 0.005611860193312168, "TDR5026A20624": 0.01210714876651764, "TDR5026A21824": 0.40960508584976196, "TDR5026A23024": 0.013817555271089077, "TDR5027A40624": 0.40821245312690735, "TDR5027A41824": 0.19848418235778809, "TDR5027A43024": 0.14048069715499878, "DEN5023A1xx24": 5.208644390106201}, {"TIMESTAMP": "2024-07-05 16:46:00", "RecNbr": 3190, "BatV": 12.83, "PanelTempC": 24.92, "IRT5023A1xx24": 31.652294158935547, "IRT5020A3xx24": 13.764410018920898, "IRT5018A3xx24": 35.12986373901367, "TDR5023A10624": 0.3940170705318451, "TDR5023A11824": 0.2548264265060425, "TDR5023A13024": 0.46195197105407715, "TDR5023A14224": 0.059824131429195404, "TDR5026A20624": 0.001087928656488657, "TDR5026A21824": 0.3005704879760742, "TDR5026A23024": 0.3790898025035858, "TDR5027A40624": 0.3188239634037018, "TDR5027A41824": 0.45083776116371155, "TDR5027A43024": 0.14101099967956543, "DEN5023A1xx24": 5.4844560623168945}]
2024-07-05 17:46:08,657 - data_logger - INFO - Attempting to connect to datalogger on port /dev/ttyUSB0 (Attempt 1/3)
2024-07-05 17:46:18,707 - data_logger - INFO - Successfully connected to datalogger on port /dev/ttyUSB0
2024-07-05 17:46:19,783 - data_logger - INFO - Retrieved 4 table names: [b'Status', b'RandomData', b'DataTableInfo', b'Public']
2024-07-05 17:46:19,784 - data_logger - INFO - Selected table for data retrieval: b'RandomData'
2024-07-05 17:46:19,785 - data_logger - INFO - Attempting to retrieve data from RandomData between 2024-07-05 16:46:19.785146 and 2024-07-05 17:46:19.785146
2024-07-05 17:46:21,126 - data_logger - INFO - Retrieved and cleaned 60 data points from RandomData
2024-07-05 17:46:21,127 - data_logger - DEBUG - Sample of cleaned data: [{"TIMESTAMP": "2024-07-05 16:47:00", "RecNbr": 3191, "BatV": 12.83, "PanelTempC": 24.95, "IRT5023A1xx24": -1.885237693786621, "IRT5020A3xx24": -3.7498817443847656, "IRT5018A3xx24": 0.8061552047729492, "TDR5023A10624": 0.2909650504589081, "TDR5023A11824": 0.08367396146059036, "TDR5023A13024": 0.2577117681503296, "TDR5023A14224": 0.09666845947504044, "TDR5026A20624": 0.19694684445858002, "TDR5026A21824": 0.33943694829940796, "TDR5026A23024": 0.2976318895816803, "TDR5027A40624": 0.2809618413448334, "TDR5027A41824": 0.031840987503528595, "TDR5027A43024": 0.16558724641799927, "DEN5023A1xx24": 9.265961647033691}, {"TIMESTAMP": "2024-07-05 16:48:00", "RecNbr": 3192, "BatV": 12.83, "PanelTempC": 24.95, "IRT5023A1xx24": 9.54863166809082, "IRT5020A3xx24": 25.53528594970703, "IRT5018A3xx24": -0.6759452819824219, "TDR5023A10624": 0.3539729118347168, "TDR5023A11824": 0.31384599208831787, "TDR5023A13024": 0.4757145643234253, "TDR5023A14224": 0.44329094886779785, "TDR5026A20624": 0.2844991087913513, "TDR5026A21824": 0.2044970542192459, "TDR5026A23024": 0.1095002070069313, "TDR5027A40624": 0.23831364512443542, "TDR5027A41824": 0.04883580654859543, "TDR5027A43024": 0.10543837398290634, "DEN5023A1xx24": 2.4065003395080566}]
2024-07-05 17:54:55,361 - data_logger - INFO - Attempting to connect to datalogger on port /dev/ttyUSB0 (Attempt 1/3)
2024-07-05 17:57:30,808 - data_logger - INFO - Successfully connected to datalogger on port /dev/ttyUSB0
2024-07-05 17:57:31,887 - data_logger - INFO - Retrieved 4 table names: [b'Status', b'RandomData', b'DataTableInfo', b'Public']
2024-07-05 17:57:31,888 - data_logger - INFO - Selected table for data retrieval: b'RandomData'
2024-07-05 17:57:31,889 - data_logger - INFO - Attempting to retrieve data from RandomData between 2024-07-05 16:57:31.888976 and 2024-07-05 17:57:31.888976
2024-07-05 17:57:33,221 - data_logger - INFO - Retrieved and cleaned 60 data points from RandomData
2024-07-05 17:57:33,222 - data_logger - DEBUG - Sample of cleaned data: [{"TIMESTAMP": "2024-07-05 16:58:00", "RecNbr": 3202, "BatV": 12.83, "PanelTempC": 25.1, "IRT5023A1xx24": 13.623584747314453, "IRT5020A3xx24": -9.63387393951416, "IRT5018A3xx24": 19.010900497436523, "TDR5023A10624": 0.35805216431617737, "TDR5023A11824": 0.4281017482280731, "TDR5023A13024": 0.07736151665449142, "TDR5023A14224": 0.45921188592910767, "TDR5026A20624": 0.1210034117102623, "TDR5026A21824": 0.2706134617328644, "TDR5026A23024": 0.2683669924736023, "TDR5027A40624": 0.2840079665184021, "TDR5027A41824": 0.025630729272961617, "TDR5027A43024": 0.10977055877447128, "DEN5023A1xx24": 6.280447959899902}, {"TIMESTAMP": "2024-07-05 16:59:00", "RecNbr": 3203, "BatV": 12.83, "PanelTempC": 25.1, "IRT5023A1xx24": 5.761646270751953, "IRT5020A3xx24": 36.73023986816406, "IRT5018A3xx24": 31.2664794921875, "TDR5023A10624": 0.3677765429019928, "TDR5023A11824": 0.2507920563220978, "TDR5023A13024": 0.09479892998933792, "TDR5023A14224": 0.4109064042568207, "TDR5026A20624": 0.33854806423187256, "TDR5026A21824": 0.38802069425582886, "TDR5026A23024": 0.015450322069227695, "TDR5027A40624": 0.03649483993649483, "TDR5027A41824": 0.0585109144449234, "TDR5027A43024": 0.17958275973796844, "DEN5023A1xx24": 3.757303237915039}]
2024-07-05 18:01:36,660 - data_logger - INFO - Attempting to connect to datalogger on port /dev/ttyUSB0 (Attempt 1/3)
2024-07-05 18:01:46,706 - data_logger - INFO - Successfully connected to datalogger on port /dev/ttyUSB0
2024-07-05 18:01:47,783 - data_logger - INFO - Retrieved 4 table names: [b'Status', b'RandomData', b'DataTableInfo', b'Public']
2024-07-05 18:01:47,783 - data_logger - INFO - Selected table for data retrieval: b'RandomData'
2024-07-05 18:01:47,784 - data_logger - INFO - Attempting to retrieve data from RandomData between 2024-07-05 17:01:47.784068 and 2024-07-05 18:01:47.784068
2024-07-05 18:01:49,115 - data_logger - INFO - Retrieved and cleaned 60 data points from RandomData
2024-07-05 18:01:49,116 - data_logger - DEBUG - Sample of cleaned data: [{"TIMESTAMP": "2024-07-05 17:02:00", "RecNbr": 3206, "BatV": 12.83, "PanelTempC": 25.13, "IRT5023A1xx24": 6.415348052978516, "IRT5020A3xx24": -9.610864639282227, "IRT5018A3xx24": 1.517704963684082, "TDR5023A10624": 0.1195678859949112, "TDR5023A11824": 0.4469063878059387, "TDR5023A13024": 0.04004297032952309, "TDR5023A14224": 0.4117260277271271, "TDR5026A20624": 0.4584157168865204, "TDR5026A21824": 0.1815858632326126, "TDR5026A23024": 0.003944117110222578, "TDR5027A40624": 0.4761730432510376, "TDR5027A41824": 0.037527114152908325, "TDR5027A43024": 0.42049020528793335, "DEN5023A1xx24": 4.759243011474609}, {"TIMESTAMP": "2024-07-05 17:03:00", "RecNbr": 3207, "BatV": 12.83, "PanelTempC": 25.16, "IRT5023A1xx24": -1.826634407043457, "IRT5020A3xx24": 31.85342025756836, "IRT5018A3xx24": 5.017986297607422, "TDR5023A10624": 0.22209088504314423, "TDR5023A11824": 0.30922284722328186, "TDR5023A13024": 0.13750611245632172, "TDR5023A14224": 0.26463058590888977, "TDR5026A20624": 0.3971531093120575, "TDR5026A21824": 0.21089507639408112, "TDR5026A23024": 0.3237208127975464, "TDR5027A40624": 0.24074602127075195, "TDR5027A41824": 0.12161879986524582, "TDR5027A43024": 0.4348726272583008, "DEN5023A1xx24": 0.5600669384002686}]
2024-07-05 18:12:40,617 - data_logger - INFO - Attempting to connect to datalogger on port /dev/ttyUSB0 (Attempt 1/3)
2024-07-05 18:12:50,670 - data_logger - INFO - Successfully connected to datalogger on port /dev/ttyUSB0
2024-07-05 18:12:51,747 - data_logger - INFO - Retrieved 4 table names: [b'Status', b'RandomData', b'DataTableInfo', b'Public']
2024-07-05 18:12:51,750 - data_logger - INFO - Selected table for data retrieval: b'RandomData'
2024-07-05 18:12:51,752 - data_logger - INFO - Attempting to retrieve data from RandomData between 2024-07-05 17:12:51.751302 and 2024-07-05 18:12:51.751302
2024-07-05 18:12:53,087 - data_logger - INFO - Retrieved and cleaned 60 data points from RandomData
2024-07-05 18:12:53,093 - data_logger - DEBUG - Sample of cleaned data: [{"TIMESTAMP": "2024-07-05 17:13:00", "RecNbr": 3217, "BatV": 12.83, "PanelTempC": 25.25, "IRT5023A1xx24": 39.394020080566406, "IRT5020A3xx24": 20.83072280883789, "IRT5018A3xx24": 20.813148498535156, "TDR5023A10624": 0.17084284126758575, "TDR5023A11824": 0.01603667251765728, "TDR5023A13024": 0.33886492252349854, "TDR5023A14224": 0.48500856757164, "TDR5026A20624": 0.1608283668756485, "TDR5026A21824": 0.3867602050304413, "TDR5026A23024": 0.09795285761356354, "TDR5027A40624": 0.39378559589385986, "TDR5027A41824": 0.2748967111110687, "TDR5027A43024": 0.09820219874382019, "DEN5023A1xx24": 0.6407273411750793}, {"TIMESTAMP": "2024-07-05 17:14:00", "RecNbr": 3218, "BatV": 12.83, "PanelTempC": 25.25, "IRT5023A1xx24": 14.237329483032227, "IRT5020A3xx24": 10.150245666503906, "IRT5018A3xx24": 1.2580957412719727, "TDR5023A10624": 0.2564947307109833, "TDR5023A11824": 0.1975383162498474, "TDR5023A13024": 0.37701377272605896, "TDR5023A14224": 0.165436252951622, "TDR5026A20624": 0.2580443024635315, "TDR5026A21824": 0.2529609799385071, "TDR5026A23024": 0.3337498605251312, "TDR5027A40624": 0.38672131299972534, "TDR5027A41824": 0.4485916793346405, "TDR5027A43024": 0.18265628814697266, "DEN5023A1xx24": 6.645755290985107}]
2024-07-05 18:48:12,975 - data_logger - INFO - Attempting to connect to datalogger on port /dev/ttyUSB0 (Attempt 1/3)
2024-07-05 18:48:23,018 - data_logger - INFO - Successfully connected to datalogger on port /dev/ttyUSB0
2024-07-05 18:48:23,047 - data_logger - ERROR - Failed to get table names: unpack requires a buffer of 8 bytes
2024-07-05 18:18:09,634 - data_logger - INFO - Attempting to connect to datalogger on port /dev/ttyUSB0 (Attempt 1/3)
2024-07-05 18:54:26,803 - data_logger - INFO - Successfully connected to datalogger on port /dev/ttyUSB0
2024-07-05 18:54:27,882 - data_logger - INFO - Retrieved 4 table names: [b'Status', b'RandomData', b'DataTableInfo', b'Public']
2024-07-05 18:54:27,883 - data_logger - INFO - Selected table for data retrieval: b'RandomData'
2024-07-05 18:54:27,884 - data_logger - INFO - Attempting to retrieve data from RandomData between 2024-07-05 17:54:27.883491 and 2024-07-05 18:54:27.883491
2024-07-05 18:54:29,236 - data_logger - INFO - Retrieved and cleaned 60 data points from RandomData
2024-07-05 18:54:29,237 - data_logger - DEBUG - Sample of cleaned data: [{"TIMESTAMP": "2024-07-05 17:55:00", "RecNbr": 3259, "BatV": 12.83, "PanelTempC": 25.55, "IRT5023A1xx24": -9.765543937683105, "IRT5020A3xx24": -5.851985454559326, "IRT5018A3xx24": -0.8906841278076172, "TDR5023A10624": 0.25204041600227356, "TDR5023A11824": 0.33659106492996216, "TDR5023A13024": 0.11985096335411072, "TDR5023A14224": 0.04294314607977867, "TDR5026A20624": 0.08878395706415176, "TDR5026A21824": 0.3548017144203186, "TDR5026A23024": 0.4251520335674286, "TDR5027A40624": 0.0029485845007002354, "TDR5027A41824": 0.04547244310379028, "TDR5027A43024": 0.37445271015167236, "DEN5023A1xx24": 8.028964042663574}, {"TIMESTAMP": "2024-07-05 17:56:00", "RecNbr": 3260, "BatV": 12.83, "PanelTempC": 25.55, "IRT5023A1xx24": 25.435260772705078, "IRT5020A3xx24": 13.915763854980469, "IRT5018A3xx24": 31.47168731689453, "TDR5023A10624": 0.049184851348400116, "TDR5023A11824": 0.3077753186225891, "TDR5023A13024": 0.23146963119506836, "TDR5023A14224": 0.07137780636548996, "TDR5026A20624": 0.20403137803077698, "TDR5026A21824": 0.13617466390132904, "TDR5026A23024": 0.41449055075645447, "TDR5027A40624": 0.4456987679004669, "TDR5027A41824": 0.2408297210931778, "TDR5027A43024": 0.48783302307128906, "DEN5023A1xx24": 1.9213998317718506}]
2024-07-05 19:15:18,207 - data_logger - INFO - Attempting to connect to datalogger on port /dev/ttyUSB0 (Attempt 1/3)
2024-07-05 19:24:02,155 - data_logger - INFO - Successfully connected to datalogger on port /dev/ttyUSB0
2024-07-05 19:24:03,218 - data_logger - INFO - Retrieved 4 table names: [b'Status', b'RandomData', b'DataTableInfo', b'Public']
2024-07-05 19:24:03,218 - data_logger - INFO - Selected table for data retrieval: b'RandomData'
2024-07-05 19:24:03,219 - data_logger - INFO - Attempting to retrieve data from RandomData between 2024-07-05 18:24:03.218804 and 2024-07-05 19:24:03.218804
2024-07-05 19:24:04,587 - data_logger - INFO - Retrieved and cleaned 60 data points from RandomData
2024-07-05 19:24:04,587 - data_logger - DEBUG - Sample of cleaned data: [{"TIMESTAMP": "2024-07-05 18:25:00", "RecNbr": 3289, "BatV": 12.83, "PanelTempC": 24.75, "IRT5023A1xx24": 39.32417678833008, "IRT5020A3xx24": 33.44927978515625, "IRT5018A3xx24": -9.999987602233887, "TDR5023A10624": 0.29444044828414917, "TDR5023A11824": 0.05257343128323555, "TDR5023A13024": 0.1036170944571495, "TDR5023A14224": 0.010385243222117424, "TDR5026A20624": 0.1955924928188324, "TDR5026A21824": 0.49361780285835266, "TDR5026A23024": 0.14449290931224823, "TDR5027A40624": 0.4849272072315216, "TDR5027A41824": 0.43137040734291077, "TDR5027A43024": 0.31488555669784546, "DEN5023A1xx24": 0.20553866028785706}, {"TIMESTAMP": "2024-07-05 18:26:00", "RecNbr": 3290, "BatV": 12.83, "PanelTempC": 24.75, "IRT5023A1xx24": 24.00039291381836, "IRT5020A3xx24": 35.203861236572266, "IRT5018A3xx24": 32.2653694152832, "TDR5023A10624": 0.3109879791736603, "TDR5023A11824": 0.42902061343193054, "TDR5023A13024": 0.4204235076904297, "TDR5023A14224": 0.4443012773990631, "TDR5026A20624": 0.2248927652835846, "TDR5026A21824": 0.21024248003959656, "TDR5026A23024": 0.3938032388687134, "TDR5027A40624": 0.2726954519748688, "TDR5027A41824": 0.022970207035541534, "TDR5027A43024": 0.17858417332172394, "DEN5023A1xx24": 1.5873371362686157}]
2024-07-05 19:36:01,092 - data_logger - INFO - Attempting to connect to datalogger on port /dev/ttyUSB0 (Attempt 1/3)
2024-07-05 19:39:41,334 - data_logger - INFO - Successfully connected to datalogger on port /dev/ttyUSB0
2024-07-05 19:39:42,398 - data_logger - INFO - Retrieved 4 table names: [b'Status', b'RandomData', b'DataTableInfo', b'Public']
2024-07-05 19:39:42,400 - data_logger - INFO - Selected table for data retrieval: b'RandomData'
2024-07-05 19:39:42,402 - data_logger - INFO - Attempting to retrieve data from RandomData between 2024-07-05 18:39:42.401225 and 2024-07-05 19:39:42.401225
2024-07-05 19:39:43,743 - data_logger - INFO - Retrieved and cleaned 60 data points from RandomData
2024-07-05 19:39:43,745 - data_logger - DEBUG - Sample of cleaned data: [{"TIMESTAMP": "2024-07-05 18:40:00", "RecNbr": 3304, "BatV": 12.83, "PanelTempC": 24.72, "IRT5023A1xx24": -9.352897644042969, "IRT5020A3xx24": 38.85538864135742, "IRT5018A3xx24": -4.298850059509277, "TDR5023A10624": 0.2529574930667877, "TDR5023A11824": 0.406511127948761, "TDR5023A13024": 0.4013330936431885, "TDR5023A14224": 0.1691102534532547, "TDR5026A20624": 0.4432751536369324, "TDR5026A21824": 0.04097136855125427, "TDR5026A23024": 0.03591775894165039, "TDR5027A40624": 0.029091956093907356, "TDR5027A41824": 0.07008685916662216, "TDR5027A43024": 0.012800721451640129, "DEN5023A1xx24": 5.6367974281311035}, {"TIMESTAMP": "2024-07-05 18:41:00", "RecNbr": 3305, "BatV": 12.83, "PanelTempC": 24.72, "IRT5023A1xx24": 6.393135070800781, "IRT5020A3xx24": 11.290254592895508, "IRT5018A3xx24": -8.727164268493652, "TDR5023A10624": 0.1990489959716797, "TDR5023A11824": 0.18012958765029907, "TDR5023A13024": 0.17148564755916595, "TDR5023A14224": 0.2122117429971695, "TDR5026A20624": 0.2417905032634735, "TDR5026A21824": 0.4075583517551422, "TDR5026A23024": 0.45089828968048096, "TDR5027A40624": 0.2366342544555664, "TDR5027A41824": 0.3006763160228729, "TDR5027A43024": 0.41713714599609375, "DEN5023A1xx24": 7.226590156555176}]
2024-07-05 19:50:17,602 - data_logger - INFO - Attempting to connect to datalogger on port /dev/ttyUSB0 (Attempt 1/3)
2024-07-05 19:52:11,687 - data_logger - INFO - Successfully connected to datalogger on port /dev/ttyUSB0
2024-07-05 19:52:12,751 - data_logger - INFO - Retrieved 4 table names: [b'Status', b'RandomData', b'DataTableInfo', b'Public']
2024-07-05 19:52:12,753 - data_logger - INFO - Selected table for data retrieval: b'RandomData'
2024-07-05 19:52:12,755 - data_logger - INFO - Attempting to retrieve data from RandomData between 2024-07-05 18:52:12.753973 and 2024-07-05 19:52:12.753973
2024-07-05 19:52:14,108 - data_logger - INFO - Retrieved and cleaned 60 data points from RandomData
2024-07-05 19:52:14,109 - data_logger - DEBUG - Sample of cleaned data: [{"TIMESTAMP": "2024-07-05 18:53:00", "RecNbr": 3317, "BatV": 12.83, "PanelTempC": 24.81, "IRT5023A1xx24": 33.58844757080078, "IRT5020A3xx24": 31.13431167602539, "IRT5018A3xx24": 4.140894889831543, "TDR5023A10624": 0.34179219603538513, "TDR5023A11824": 0.04175349697470665, "TDR5023A13024": 0.23204055428504944, "TDR5023A14224": 0.1006411612033844, "TDR5026A20624": 0.19303572177886963, "TDR5026A21824": 0.3725576102733612, "TDR5026A23024": 0.2074309140443802, "TDR5027A40624": 0.0714302584528923, "TDR5027A41824": 0.2914470136165619, "TDR5027A43024": 0.42670753598213196, "DEN5023A1xx24": 2.6286110877990723}, {"TIMESTAMP": "2024-07-05 18:54:00", "RecNbr": 3318, "BatV": 12.83, "PanelTempC": 24.81, "IRT5023A1xx24": -9.310685157775879, "IRT5020A3xx24": 23.188533782958984, "IRT5018A3xx24": 28.830955505371094, "TDR5023A10624": 0.08257527649402618, "TDR5023A11824": 0.06474316120147705, "TDR5023A13024": 0.27275174856185913, "TDR5023A14224": 0.44091176986694336, "TDR5026A20624": 0.17735910415649414, "TDR5026A21824": 0.16056741774082184, "TDR5026A23024": 0.38005322217941284, "TDR5027A40624": 0.12053859233856201, "TDR5027A41824": 0.22372688353061676, "TDR5027A43024": 0.2867334187030792, "DEN5023A1xx24": 5.06951904296875}]
2024-07-05 20:09:28,634 - data_logger - INFO - Attempting to connect to datalogger on port /dev/ttyUSB0 (Attempt 1/3)
2024-07-05 20:11:20,003 - data_logger - INFO - Successfully connected to datalogger on port /dev/ttyUSB0
2024-07-05 20:11:21,052 - data_logger - INFO - Retrieved 4 table names: [b'Status', b'RandomData', b'DataTableInfo', b'Public']
2024-07-05 20:11:21,053 - data_logger - INFO - Selected table for data retrieval: b'RandomData'
2024-07-05 20:11:21,053 - data_logger - INFO - Attempting to retrieve data from RandomData between 2024-07-05 19:11:21.053459 and 2024-07-05 20:11:21.053459
2024-07-05 20:11:22,413 - data_logger - INFO - Retrieved and cleaned 60 data points from RandomData
2024-07-05 20:11:22,414 - data_logger - DEBUG - Sample of cleaned data: [{"TIMESTAMP": "2024-07-05 19:12:00", "RecNbr": 3336, "BatV": 12.83, "PanelTempC": 24.16, "IRT5023A1xx24": -1.6019926071166992, "IRT5020A3xx24": -6.781085014343262, "IRT5018A3xx24": 33.79186248779297, "TDR5023A10624": 0.006623543798923492, "TDR5023A11824": 0.023008273914456367, "TDR5023A13024": 0.3143528997898102, "TDR5023A14224": 0.49523064494132996, "TDR5026A20624": 0.17766927182674408, "TDR5026A21824": 0.25174275040626526, "TDR5026A23024": 0.46617892384529114, "TDR5027A40624": 0.23591288924217224, "TDR5027A41824": 0.2802836000919342, "TDR5027A43024": 0.23362959921360016, "DEN5023A1xx24": 3.8626482486724854}, {"TIMESTAMP": "2024-07-05 19:13:00", "RecNbr": 3337, "BatV": 12.83, "PanelTempC": 24.13, "IRT5023A1xx24": 26.50619125366211, "IRT5020A3xx24": 4.594742774963379, "IRT5018A3xx24": 25.686874389648438, "TDR5023A10624": 0.019601669162511826, "TDR5023A11824": 0.15981119871139526, "TDR5023A13024": 0.4267677664756775, "TDR5023A14224": 0.4764583706855774, "TDR5026A20624": 0.15989349782466888, "TDR5026A21824": 0.001632715342566371, "TDR5026A23024": 0.10441111773252487, "TDR5027A40624": 0.23078490793704987, "TDR5027A41824": 0.2885614037513733, "TDR5027A43024": 0.11271096765995026, "DEN5023A1xx24": 7.232515335083008}]
2024-07-05 20:16:56,128 - data_logger - INFO - Attempting to connect to datalogger on port /dev/ttyUSB0 (Attempt 1/3)
2024-07-05 20:18:45,629 - data_logger - INFO - Successfully connected to datalogger on port /dev/ttyUSB0
2024-07-05 20:18:46,634 - data_logger - INFO - Retrieved 4 table names: [b'Status', b'RandomData', b'DataTableInfo', b'Public']
2024-07-05 20:18:46,634 - data_logger - INFO - Selected table for data retrieval: b'RandomData'
2024-07-05 20:18:46,636 - data_logger - INFO - Attempting to retrieve data from RandomData between 2024-07-05 19:18:46.635355 and 2024-07-05 20:18:46.635355
2024-07-05 20:18:47,988 - data_logger - INFO - Retrieved and cleaned 60 data points from RandomData
2024-07-05 20:18:47,989 - data_logger - DEBUG - Sample of cleaned data: [{"TIMESTAMP": "2024-07-05 19:19:00", "RecNbr": 3343, "BatV": 12.83, "PanelTempC": 23.93, "IRT5023A1xx24": 5.543749809265137, "IRT5020A3xx24": -6.56191349029541, "IRT5018A3xx24": 32.78019714355469, "TDR5023A10624": 0.3244319260120392, "TDR5023A11824": 0.058284103870391846, "TDR5023A13024": 0.145817831158638, "TDR5023A14224": 0.14088818430900574, "TDR5026A20624": 0.020827673375606537, "TDR5026A21824": 0.08770657330751419, "TDR5026A23024": 0.41905778646469116, "TDR5027A40624": 0.305799275636673, "TDR5027A41824": 0.358885794878006, "TDR5027A43024": 0.016678012907505035, "DEN5023A1xx24": 5.98158073425293}, {"TIMESTAMP": "2024-07-05 19:20:00", "RecNbr": 3344, "BatV": 12.83, "PanelTempC": 23.9, "IRT5023A1xx24": 39.275211334228516, "IRT5020A3xx24": 31.051353454589844, "IRT5018A3xx24": 22.358142852783203, "TDR5023A10624": 0.25129252672195435, "TDR5023A11824": 0.32688599824905396, "TDR5023A13024": 0.1757446974515915, "TDR5023A14224": 0.20787368714809418, "TDR5026A20624": 0.020985983312129974, "TDR5026A21824": 0.05459816753864288, "TDR5026A23024": 0.30440494418144226, "TDR5027A40624": 0.14735478162765503, "TDR5027A41824": 0.33037564158439636, "TDR5027A43024": 0.48085787892341614, "DEN5023A1xx24": 7.062592506408691}]
2024-07-05 20:23:11,784 - data_logger - INFO - Attempting to connect to datalogger on port /dev/ttyUSB0 (Attempt 1/3)
2024-07-05 20:24:26,215 - data_logger - INFO - Successfully connected to datalogger on port /dev/ttyUSB0
2024-07-05 20:24:27,310 - data_logger - INFO - Retrieved 4 table names: [b'Status', b'RandomData', b'DataTableInfo', b'Public']
2024-07-05 20:24:27,310 - data_logger - INFO - Selected table for data retrieval: b'RandomData'
2024-07-05 20:24:27,311 - data_logger - INFO - Attempting to retrieve data from RandomData between 2024-07-05 19:24:27.311042 and 2024-07-05 20:24:27.311042
2024-07-05 20:24:28,668 - data_logger - INFO - Retrieved and cleaned 60 data points from RandomData
2024-07-05 20:24:28,668 - data_logger - DEBUG - Sample of cleaned data: [{"TIMESTAMP": "2024-07-05 19:25:00", "RecNbr": 3349, "BatV": 12.83, "PanelTempC": 23.75, "IRT5023A1xx24": 3.099310874938965, "IRT5020A3xx24": 13.699165344238281, "IRT5018A3xx24": 28.330604553222656, "TDR5023A10624": 0.12283025681972504, "TDR5023A11824": 0.06261885911226273, "TDR5023A13024": 0.11923754215240479, "TDR5023A14224": 0.18176163733005524, "TDR5026A20624": 0.06590189039707184, "TDR5026A21824": 0.2912493944168091, "TDR5026A23024": 0.4085317552089691, "TDR5027A40624": 0.12126408517360687, "TDR5027A41824": 0.06598655134439468, "TDR5027A43024": 0.36135363578796387, "DEN5023A1xx24": 3.2970974445343018}, {"TIMESTAMP": "2024-07-05 19:26:00", "RecNbr": 3350, "BatV": 12.83, "PanelTempC": 23.7, "IRT5023A1xx24": 23.222068786621094, "IRT5020A3xx24": 20.054655075073242, "IRT5018A3xx24": 26.630634307861328, "TDR5023A10624": 0.43967097997665405, "TDR5023A11824": 0.30643242597579956, "TDR5023A13024": 0.4364223778247833, "TDR5023A14224": 0.47686225175857544, "TDR5026A20624": 0.38891348242759705, "TDR5026A21824": 0.2794201076030731, "TDR5026A23024": 0.45336151123046875, "TDR5027A40624": 0.047309938818216324, "TDR5027A41824": 0.19865143299102783, "TDR5027A43024": 0.3566431701183319, "DEN5023A1xx24": 1.216857671737671}]
2024-07-05 20:26:13,106 - data_logger - INFO - Attempting to connect to datalogger on port /dev/ttyUSB0 (Attempt 1/3)
2024-07-05 20:29:38,296 - data_logger - INFO - Successfully connected to datalogger on port /dev/ttyUSB0
2024-07-05 20:29:39,358 - data_logger - INFO - Retrieved 4 table names: [b'Status', b'RandomData', b'DataTableInfo', b'Public']
2024-07-05 20:29:39,363 - data_logger - INFO - Selected table for data retrieval: b'RandomData'
2024-07-05 20:29:39,364 - data_logger - INFO - Attempting to retrieve data from RandomData between 2024-07-05 19:29:39.363920 and 2024-07-05 20:29:39.363920
2024-07-05 20:29:40,706 - data_logger - INFO - Retrieved and cleaned 60 data points from RandomData
2024-07-05 20:29:40,707 - data_logger - DEBUG - Sample of cleaned data: [{"TIMESTAMP": "2024-07-05 19:30:00", "RecNbr": 3354, "BatV": 12.83, "PanelTempC": 23.61, "IRT5023A1xx24": 25.395492553710938, "IRT5020A3xx24": 3.834996223449707, "IRT5018A3xx24": 18.903844833374023, "TDR5023A10624": 0.06372136622667313, "TDR5023A11824": 0.19656109809875488, "TDR5023A13024": 0.35183510184288025, "TDR5023A14224": 0.4889119565486908, "TDR5026A20624": 0.3082064688205719, "TDR5026A21824": 0.29954397678375244, "TDR5026A23024": 0.3246299922466278, "TDR5027A40624": 0.27279096841812134, "TDR5027A41824": 0.455523282289505, "TDR5027A43024": 0.16795405745506287, "DEN5023A1xx24": 5.703936576843262}, {"TIMESTAMP": "2024-07-05 19:31:00", "RecNbr": 3355, "BatV": 12.83, "PanelTempC": 23.58, "IRT5023A1xx24": -9.324047088623047, "IRT5020A3xx24": 5.975354194641113, "IRT5018A3xx24": 13.691028594970703, "TDR5023A10624": 0.2549828588962555, "TDR5023A11824": 0.24410781264305115, "TDR5023A13024": 0.4033156633377075, "TDR5023A14224": 0.04479319229722023, "TDR5026A20624": 0.24508744478225708, "TDR5026A21824": 0.23378542065620422, "TDR5026A23024": 0.3763991594314575, "TDR5027A40624": 0.0008596077095717192, "TDR5027A41824": 0.39690321683883667, "TDR5027A43024": 0.35178253054618835, "DEN5023A1xx24": 0.8487052321434021}]
2024-07-05 20:31:58,090 - data_logger - INFO - Attempting to connect to datalogger on port /dev/ttyUSB0 (Attempt 1/3)
2024-07-05 20:34:52,901 - data_logger - INFO - Successfully connected to datalogger on port /dev/ttyUSB0
2024-07-05 20:34:53,981 - data_logger - INFO - Retrieved 4 table names: [b'Status', b'RandomData', b'DataTableInfo', b'Public']
2024-07-05 20:34:53,981 - data_logger - INFO - Selected table for data retrieval: b'RandomData'
2024-07-05 20:34:53,983 - data_logger - INFO - Attempting to retrieve data from RandomData between 2024-07-05 19:34:53.982112 and 2024-07-05 20:34:53.982112
2024-07-05 20:34:55,327 - data_logger - INFO - Retrieved and cleaned 60 data points from RandomData
2024-07-05 20:34:55,328 - data_logger - DEBUG - Sample of cleaned data: [{"TIMESTAMP": "2024-07-05 19:35:00", "RecNbr": 3359, "BatV": 12.83, "PanelTempC": 23.52, "IRT5023A1xx24": 0.7760105133056641, "IRT5020A3xx24": -5.934595108032227, "IRT5018A3xx24": 38.561973571777344, "TDR5023A10624": 0.17248104512691498, "TDR5023A11824": 0.4798111021518707, "TDR5023A13024": 0.15081076323986053, "TDR5023A14224": 0.09250243753194809, "TDR5026A20624": 0.18284209072589874, "TDR5026A21824": 0.024636369198560715, "TDR5026A23024": 0.0308916624635458, "TDR5027A40624": 0.49517613649368286, "TDR5027A41824": 0.39217838644981384, "TDR5027A43024": 0.020071176812052727, "DEN5023A1xx24": 6.695362091064453}, {"TIMESTAMP": "2024-07-05 19:36:00", "RecNbr": 3360, "BatV": 12.83, "PanelTempC": 23.5, "IRT5023A1xx24": -0.15447330474853516, "IRT5020A3xx24": 29.183502197265625, "IRT5018A3xx24": 5.91469669342041, "TDR5023A10624": 0.010015862993896008, "TDR5023A11824": 0.40720757842063904, "TDR5023A13024": 0.0895632803440094, "TDR5023A14224": 0.44934919476509094, "TDR5026A20624": 0.0721656084060669, "TDR5026A21824": 0.19859224557876587, "TDR5026A23024": 0.25294026732444763, "TDR5027A40624": 0.3315576910972595, "TDR5027A41824": 0.25852975249290466, "TDR5027A43024": 0.28260675072669983, "DEN5023A1xx24": 5.278131484985352}]
2024-07-05 20:39:18,809 - data_logger - INFO - Attempting to connect to datalogger on port /dev/ttyUSB0 (Attempt 1/3)
2024-07-05 20:40:19,932 - data_logger - INFO - Successfully connected to datalogger on port /dev/ttyUSB0
2024-07-05 20:40:20,981 - data_logger - INFO - Retrieved 4 table names: [b'Status', b'RandomData', b'DataTableInfo', b'Public']
2024-07-05 20:40:20,982 - data_logger - INFO - Selected table for data retrieval: b'RandomData'
2024-07-05 20:40:20,984 - data_logger - INFO - Attempting to retrieve data from RandomData between 2024-07-05 19:40:20.983609 and 2024-07-05 20:40:20.983609
2024-07-05 20:40:22,351 - data_logger - INFO - Retrieved and cleaned 60 data points from RandomData
2024-07-05 20:40:22,353 - data_logger - DEBUG - Sample of cleaned data: [{"TIMESTAMP": "2024-07-05 19:41:00", "RecNbr": 3365, "BatV": 12.83, "PanelTempC": 23.38, "IRT5023A1xx24": 10.544553756713867, "IRT5020A3xx24": 22.896934509277344, "IRT5018A3xx24": -6.881871223449707, "TDR5023A10624": 0.2168978750705719, "TDR5023A11824": 0.41725805401802063, "TDR5023A13024": 0.2649171054363251, "TDR5023A14224": 0.438062846660614, "TDR5026A20624": 0.07280166447162628, "TDR5026A21824": 0.24499143660068512, "TDR5026A23024": 0.2653789818286896, "TDR5027A40624": 0.21256981790065765, "TDR5027A41824": 0.04472088813781738, "TDR5027A43024": 0.2475731074810028, "DEN5023A1xx24": 9.876948356628418}, {"TIMESTAMP": "2024-07-05 19:42:00", "RecNbr": 3366, "BatV": 12.83, "PanelTempC": 23.35, "IRT5023A1xx24": 16.625293731689453, "IRT5020A3xx24": 18.92991065979004, "IRT5018A3xx24": -9.864033699035645, "TDR5023A10624": 0.40257495641708374, "TDR5023A11824": 0.46963316202163696, "TDR5023A13024": 0.36999985575675964, "TDR5023A14224": 0.12397756427526474, "TDR5026A20624": 0.173132985830307, "TDR5026A21824": 0.4385247528553009, "TDR5026A23024": 0.30864977836608887, "TDR5027A40624": 0.3270654082298279, "TDR5027A41824": 0.1969798058271408, "TDR5027A43024": 0.21521081030368805, "DEN5023A1xx24": 8.861101150512695}]
2024-07-05 21:12:09,085 - data_logger - INFO - Attempting to connect to datalogger on port /dev/ttyUSB0 (Attempt 1/3)
2024-07-05 21:12:19,129 - data_logger - INFO - Successfully connected to datalogger on port /dev/ttyUSB0
2024-07-05 21:12:19,157 - data_logger - ERROR - Failed to get table names: unpack requires a buffer of 8 bytes
2024-07-05 21:42:22,262 - data_logger - INFO - Attempting to connect to datalogger on port /dev/ttyUSB0 (Attempt 1/3)
2024-07-05 21:42:32,305 - data_logger - INFO - Successfully connected to datalogger on port /dev/ttyUSB0
2024-07-05 21:42:32,334 - data_logger - ERROR - Failed to get table names: unpack requires a buffer of 8 bytes
2024-07-05 22:12:35,523 - data_logger - INFO - Attempting to connect to datalogger on port /dev/ttyUSB0 (Attempt 1/3)
2024-07-05 22:12:45,566 - data_logger - INFO - Successfully connected to datalogger on port /dev/ttyUSB0
2024-07-05 22:12:45,595 - data_logger - ERROR - Failed to get table names: unpack requires a buffer of 8 bytes
2024-07-05 22:42:49,664 - data_logger - INFO - Attempting to connect to datalogger on port /dev/ttyUSB0 (Attempt 1/3)
2024-07-05 22:42:59,706 - data_logger - INFO - Successfully connected to datalogger on port /dev/ttyUSB0
2024-07-05 22:42:59,735 - data_logger - ERROR - Failed to get table names: unpack requires a buffer of 8 bytes
2024-07-05 23:13:02,971 - data_logger - INFO - Attempting to connect to datalogger on port /dev/ttyUSB0 (Attempt 1/3)
2024-07-05 23:13:13,014 - data_logger - INFO - Successfully connected to datalogger on port /dev/ttyUSB0
2024-07-05 23:13:13,043 - data_logger - ERROR - Failed to get table names: unpack requires a buffer of 8 bytes
2024-07-05 23:43:18,394 - data_logger - INFO - Attempting to connect to datalogger on port /dev/ttyUSB0 (Attempt 1/3)
2024-07-05 23:43:28,437 - data_logger - INFO - Successfully connected to datalogger on port /dev/ttyUSB0
2024-07-05 23:43:28,466 - data_logger - ERROR - Failed to get table names: unpack requires a buffer of 8 bytes
2024-07-06 00:13:30,354 - data_logger - INFO - Attempting to connect to datalogger on port /dev/ttyUSB0 (Attempt 1/3)
2024-07-06 00:13:40,409 - data_logger - INFO - Successfully connected to datalogger on port /dev/ttyUSB0
2024-07-06 00:13:40,442 - data_logger - ERROR - Failed to get table names: unpack requires a buffer of 8 bytes
2024-07-06 00:43:45,541 - data_logger - INFO - Attempting to connect to datalogger on port /dev/ttyUSB0 (Attempt 1/3)
2024-07-06 00:43:55,594 - data_logger - INFO - Successfully connected to datalogger on port /dev/ttyUSB0
2024-07-06 00:43:55,627 - data_logger - ERROR - Failed to get table names: unpack requires a buffer of 8 bytes
2024-07-06 01:13:58,310 - data_logger - INFO - Attempting to connect to datalogger on port /dev/ttyUSB0 (Attempt 1/3)
2024-07-06 01:14:08,354 - data_logger - INFO - Successfully connected to datalogger on port /dev/ttyUSB0
2024-07-06 01:14:08,383 - data_logger - ERROR - Failed to get table names: unpack requires a buffer of 8 bytes
2024-07-06 01:44:11,613 - data_logger - INFO - Attempting to connect to datalogger on port /dev/ttyUSB0 (Attempt 1/3)
2024-07-06 01:44:21,657 - data_logger - INFO - Successfully connected to datalogger on port /dev/ttyUSB0
2024-07-06 01:44:21,686 - data_logger - ERROR - Failed to get table names: unpack requires a buffer of 8 bytes
2024-07-06 02:14:24,674 - data_logger - INFO - Attempting to connect to datalogger on port /dev/ttyUSB0 (Attempt 1/3)
2024-07-06 02:14:34,728 - data_logger - INFO - Successfully connected to datalogger on port /dev/ttyUSB0
2024-07-06 02:14:34,761 - data_logger - ERROR - Failed to get table names: unpack requires a buffer of 8 bytes
2024-07-06 02:44:38,165 - data_logger - INFO - Attempting to connect to datalogger on port /dev/ttyUSB0 (Attempt 1/3)
2024-07-06 02:44:48,209 - data_logger - INFO - Successfully connected to datalogger on port /dev/ttyUSB0
2024-07-06 02:44:48,238 - data_logger - ERROR - Failed to get table names: unpack requires a buffer of 8 bytes
2024-07-06 03:14:53,347 - data_logger - INFO - Attempting to connect to datalogger on port /dev/ttyUSB0 (Attempt 1/3)
2024-07-06 03:15:03,390 - data_logger - INFO - Successfully connected to datalogger on port /dev/ttyUSB0
2024-07-06 03:15:03,419 - data_logger - ERROR - Failed to get table names: unpack requires a buffer of 8 bytes
2024-07-06 03:45:07,243 - data_logger - INFO - Attempting to connect to datalogger on port /dev/ttyUSB0 (Attempt 1/3)
2024-07-06 03:45:17,283 - data_logger - INFO - Successfully connected to datalogger on port /dev/ttyUSB0
2024-07-06 03:45:17,313 - data_logger - ERROR - Failed to get table names: unpack requires a buffer of 8 bytes
2024-07-06 04:15:20,924 - data_logger - INFO - Attempting to connect to datalogger on port /dev/ttyUSB0 (Attempt 1/3)
2024-07-06 04:15:30,979 - data_logger - INFO - Successfully connected to datalogger on port /dev/ttyUSB0
2024-07-06 04:15:31,011 - data_logger - ERROR - Failed to get table names: unpack requires a buffer of 8 bytes
2024-07-06 04:45:35,790 - data_logger - INFO - Attempting to connect to datalogger on port /dev/ttyUSB0 (Attempt 1/3)
2024-07-06 04:45:45,844 - data_logger - INFO - Successfully connected to datalogger on port /dev/ttyUSB0
2024-07-06 04:45:45,878 - data_logger - ERROR - Failed to get table names: unpack requires a buffer of 8 bytes
2024-07-06 05:15:47,448 - data_logger - INFO - Attempting to connect to datalogger on port /dev/ttyUSB0 (Attempt 1/3)
2024-07-06 05:15:57,490 - data_logger - INFO - Successfully connected to datalogger on port /dev/ttyUSB0
2024-07-06 05:15:57,519 - data_logger - ERROR - Failed to get table names: unpack requires a buffer of 8 bytes
2024-07-06 05:45:59,326 - data_logger - INFO - Attempting to connect to datalogger on port /dev/ttyUSB0 (Attempt 1/3)
2024-07-06 05:46:09,369 - data_logger - INFO - Successfully connected to datalogger on port /dev/ttyUSB0
2024-07-06 05:46:09,398 - data_logger - ERROR - Failed to get table names: unpack requires a buffer of 8 bytes
2024-07-06 06:16:14,776 - data_logger - INFO - Attempting to connect to datalogger on port /dev/ttyUSB0 (Attempt 1/3)
2024-07-06 06:16:24,831 - data_logger - INFO - Successfully connected to datalogger on port /dev/ttyUSB0
2024-07-06 06:16:24,865 - data_logger - ERROR - Failed to get table names: unpack requires a buffer of 8 bytes
2024-07-06 06:46:27,995 - data_logger - INFO - Attempting to connect to datalogger on port /dev/ttyUSB0 (Attempt 1/3)
2024-07-06 06:46:38,039 - data_logger - INFO - Successfully connected to datalogger on port /dev/ttyUSB0
2024-07-06 06:46:38,068 - data_logger - ERROR - Failed to get table names: unpack requires a buffer of 8 bytes
2024-07-06 07:16:43,408 - data_logger - INFO - Attempting to connect to datalogger on port /dev/ttyUSB0 (Attempt 1/3)
2024-07-06 07:16:43,408 - data_logger - ERROR - Failed to connect to datalogger: [Errno 2] could not open port /dev/ttyUSB0: [Errno 2] No such file or directory: '/dev/ttyUSB0'
2024-07-06 07:16:43,409 - data_logger - INFO - Retrying in 5 seconds...
2024-07-06 07:16:48,414 - data_logger - INFO - Attempting to connect to datalogger on port /dev/ttyUSB0 (Attempt 2/3)
2024-07-06 07:16:48,415 - data_logger - ERROR - Failed to connect to datalogger: [Errno 2] could not open port /dev/ttyUSB0: [Errno 2] No such file or directory: '/dev/ttyUSB0'
2024-07-06 07:16:48,416 - data_logger - INFO - Retrying in 5 seconds...
2024-07-06 07:16:53,419 - data_logger - INFO - Attempting to connect to datalogger on port /dev/ttyUSB0 (Attempt 3/3)
2024-07-06 07:16:53,421 - data_logger - ERROR - Failed to connect to datalogger: [Errno 2] could not open port /dev/ttyUSB0: [Errno 2] No such file or directory: '/dev/ttyUSB0'
2024-07-06 07:16:53,422 - data_logger - ERROR - Max retries reached. Unable to connect to datalogger.
2024-07-06 07:48:44,620 - data_logger - INFO - Attempting to connect to datalogger on port /dev/ttyUSB0 (Attempt 1/5)
2024-07-06 07:48:54,670 - data_logger - INFO - Successfully connected to datalogger on port /dev/ttyUSB0
2024-07-06 07:48:55,750 - data_logger - INFO - Retrieved 4 table names: [b'Status', b'RandomData', b'DataTableInfo', b'Public']
2024-07-06 07:48:55,751 - data_logger - INFO - Selected table for data retrieval: b'RandomData'
2024-07-06 07:48:55,752 - data_logger - INFO - Attempting to retrieve data from RandomData between 2024-07-06 06:48:55.751993 and 2024-07-06 07:48:55.751993
2024-07-06 07:48:57,123 - data_logger - INFO - Retrieved and cleaned 60 data points from RandomData
2024-07-06 07:48:57,124 - data_logger - DEBUG - Sample of cleaned data: [{"TIMESTAMP": "2024-07-06 06:49:00", "RecNbr": 4033, "BatV": 12.83, "PanelTempC": 17.39, "IRT5023A1xx24": 34.84329605102539, "IRT5020A3xx24": -7.42945671081543, "IRT5018A3xx24": 24.407909393310547, "TDR5023A10624": 0.14587971568107605, "TDR5023A11824": 0.27134525775909424, "TDR5023A13024": 0.40483102202415466, "TDR5023A14224": 0.2879888117313385, "TDR5026A20624": 0.19806191325187683, "TDR5026A21824": 0.233685702085495, "TDR5026A23024": 0.07294856756925583, "TDR5027A40624": 0.28249838948249817, "TDR5027A41824": 0.20767509937286377, "TDR5027A43024": 0.3293083608150482, "DEN5023A1xx24": 8.444960594177246}, {"TIMESTAMP": "2024-07-06 06:50:00", "RecNbr": 4034, "BatV": 12.83, "PanelTempC": 17.39, "IRT5023A1xx24": 8.185461044311523, "IRT5020A3xx24": 9.011699676513672, "IRT5018A3xx24": 3.0884056091308594, "TDR5023A10624": 0.15580789744853973, "TDR5023A11824": 0.24632428586483002, "TDR5023A13024": 0.4646620750427246, "TDR5023A14224": 0.40209898352622986, "TDR5026A20624": 0.26507943868637085, "TDR5026A21824": 0.277218759059906, "TDR5026A23024": 0.4690764546394348, "TDR5027A40624": 0.37826967239379883, "TDR5027A41824": 0.12538430094718933, "TDR5027A43024": 0.10742420703172684, "DEN5023A1xx24": 2.5842370986938477}]
2024-07-06 07:49:13,978 - data_logger - INFO - Attempting to connect to datalogger on port /dev/ttyUSB0 (Attempt 1/5)
2024-07-06 07:49:24,056 - data_logger - INFO - Successfully connected to datalogger on port /dev/ttyUSB0
2024-07-06 07:49:25,104 - data_logger - INFO - Retrieved 4 table names: [b'Status', b'RandomData', b'DataTableInfo', b'Public']
2024-07-06 07:49:25,105 - data_logger - INFO - Selected table for data retrieval: b'RandomData'
2024-07-06 07:49:25,107 - data_logger - INFO - Attempting to retrieve data from RandomData between 2024-07-06 06:49:25.105663 and 2024-07-06 07:49:25.105663
2024-07-06 07:49:26,463 - data_logger - INFO - Retrieved and cleaned 60 data points from RandomData
2024-07-06 07:49:26,464 - data_logger - DEBUG - Sample of cleaned data: [{"TIMESTAMP": "2024-07-06 06:50:00", "RecNbr": 4034, "BatV": 12.83, "PanelTempC": 17.39, "IRT5023A1xx24": 8.185461044311523, "IRT5020A3xx24": 9.011699676513672, "IRT5018A3xx24": 3.0884056091308594, "TDR5023A10624": 0.15580789744853973, "TDR5023A11824": 0.24632428586483002, "TDR5023A13024": 0.4646620750427246, "TDR5023A14224": 0.40209898352622986, "TDR5026A20624": 0.26507943868637085, "TDR5026A21824": 0.277218759059906, "TDR5026A23024": 0.4690764546394348, "TDR5027A40624": 0.37826967239379883, "TDR5027A41824": 0.12538430094718933, "TDR5027A43024": 0.10742420703172684, "DEN5023A1xx24": 2.5842370986938477}, {"TIMESTAMP": "2024-07-06 06:51:00", "RecNbr": 4035, "BatV": 12.83, "PanelTempC": 17.36, "IRT5023A1xx24": 10.497163772583008, "IRT5020A3xx24": -1.239999771118164, "IRT5018A3xx24": 31.935386657714844, "TDR5023A10624": 0.16067729890346527, "TDR5023A11824": 0.40537720918655396, "TDR5023A13024": 0.3882690668106079, "TDR5023A14224": 0.3258157968521118, "TDR5026A20624": 0.40427330136299133, "TDR5026A21824": 0.21400000154972076, "TDR5026A23024": 0.24574477970600128, "TDR5027A40624": 0.2697959840297699, "TDR5027A41824": 0.1653398722410202, "TDR5027A43024": 0.2302086055278778, "DEN5023A1xx24": 3.229895830154419}]
