2024-07-05 15:19:23,075 - lora_functions - INFO - Initializing LoRa data transmission
2024-07-05 15:19:23,075 - lora_functions - DEBUG - Original data to be sent: {"TIMESTAMP": "2024-07-05 15:19:00", "RecNbr": 3103, "BatV": 12.83, "PanelTempC": 25.49, "IRT5023A1xx24": 37.97981262207031, "IRT5020A3xx24": 2.7739343643188477, "IRT5018A3xx24": 30.64630889892578, "TDR5023A10624": 0.2929539680480957, "TDR5023A11824": 0.25156840682029724, "TDR5023A13024": 0.16630704700946808, "TDR5023A14224": 0.059844937175512314, "TDR5026A20624": 0.2418656051158905, "TDR5026A21824": 0.28287798166275024, "TDR5026A23024": 0.06350899487733841, "TDR5027A40624": 0.49356067180633545, "TDR5027A41824": 0.333764910697937, "TDR5027A43024": 0.255891352891922, "DEN5023A1xx24": 8.524761199951172}
2024-07-05 15:19:23,077 - lora_functions - INFO - Setting LoRa work mode...
2024-07-05 15:19:23,901 - lora_functions - INFO - Setting LoRa join mode...
2024-07-05 15:19:24,074 - lora_functions - INFO - Setting LoRa region: US915
2024-07-05 15:19:24,273 - lora_functions - INFO - Setting LoRa device address...
2024-07-05 15:19:24,473 - lora_functions - INFO - Setting LoRa application session key...
2024-07-05 15:19:24,672 - lora_functions - INFO - Setting LoRa network session key...
2024-07-05 15:19:24,872 - lora_functions - INFO - Setting LoRa data rate: 3
2024-07-05 15:19:25,094 - lora_functions - INFO - Joining LoRaWAN network...
2024-07-05 15:19:25,271 - lora_functions - INFO - Joined LoRaWAN network successfully
2024-07-05 15:19:25,443 - lora_functions - DEBUG - Hashed data: {"032": 37.98, "033": 2.77, "034": 30.65, "035": 0.29, "036": 0.25, "037": 0.17, "038": 0.06, "039": 0.24, "040": 0.28, "042": 0.49, "043": 0.33, "044": 0.26, "049": 8.52, "time": "20240705151900", "BatV": 12.83}
2024-07-05 15:19:25,443 - lora_functions - INFO - Data split into 3 chunks
2024-07-05 15:19:25,444 - lora_functions - DEBUG - Sending chunk 1: {"032": 37.98, "033": 2.77, "034": 30.65, "035": 0.29, "036": 0.25, "037": 0.17, "time": "20240705151900"}
2024-07-05 15:19:28,785 - lora_functions - INFO - Sent payload: {"032": 37.98, "033": 2.77, "034": 30.65, "035": 0.29, "036": 0.25, "037": 0.17, "time": "20240705151900"}
2024-07-05 15:19:28,786 - lora_functions - INFO - Waiting 55.75 seconds before sending next chunk
2024-07-05 15:20:24,549 - lora_functions - DEBUG - Sending chunk 2: {"038": 0.06, "039": 0.24, "040": 0.28, "042": 0.49, "043": 0.33, "044": 0.26, "time": "20240705151900"}
2024-07-05 15:20:27,880 - lora_functions - INFO - Sent payload: {"038": 0.06, "039": 0.24, "040": 0.28, "042": 0.49, "043": 0.33, "044": 0.26, "time": "20240705151900"}
2024-07-05 15:20:27,881 - lora_functions - INFO - Waiting 78.39 seconds before sending next chunk
2024-07-05 15:22:05,793 - lora_functions - DEBUG - Sending chunk 3: {"049": 8.52, "time": "20240705151900"}
2024-07-05 15:22:09,116 - lora_functions - INFO - Sent payload: {"049": 8.52, "time": "20240705151900"}
2024-07-05 15:22:09,117 - lora_functions - INFO - Successfully sent 3 LoRa packets in 163.67 seconds
2024-07-05 15:22:11,018 - lora_functions - INFO - LoRa connection closed successfully
