2024-07-04 12:28:44,551 - main - INFO - Running on Node LINEAR_CORN_A
2024-07-04 12:28:44,954 - main - INFO - Loaded metadata for 44 sensors
2024-07-04 12:28:56,029 - main - ERROR - An error occurred in the main process: unable to open database file
Traceback (most recent call last):
  File "/home/span2node-a/Desktop/Logger_Lora/main.py", line 40, in main
    latest_time = get_latest_timestamp(config["database"]["name"])
  File "/home/span2node-a/Desktop/Logger_Lora/src/database_functions.py", line 46, in get_latest_timestamp
    conn = sqlite3.connect(db_name)
sqlite3.OperationalError: unable to open database file
2024-07-04 12:40:56,351 - main - INFO - Running on Node LINEAR_CORN_A
2024-07-04 12:40:56,791 - main - INFO - Loaded metadata for 44 sensors
2024-07-04 12:41:07,934 - main - ERROR - An error occurred in the main process: unable to open database file
Traceback (most recent call last):
  File "/home/span2node-a/Desktop/Logger_Lora/main.py", line 40, in main
    latest_time = get_latest_timestamp(config["database"]["name"])
  File "/home/span2node-a/Desktop/Logger_Lora/src/database_functions.py", line 46, in get_latest_timestamp
    conn = sqlite3.connect(db_name)
sqlite3.OperationalError: unable to open database file
2024-07-04 12:43:40,420 - main - INFO - Running on Node LINEAR_CORN_A
2024-07-04 12:43:40,870 - main - INFO - Loaded metadata for 44 sensors
2024-07-04 12:43:52,026 - main - ERROR - An error occurred in the main process: unable to open database file
Traceback (most recent call last):
  File "/home/span2node-a/Desktop/Logger_Lora/main.py", line 40, in main
    latest_time = get_latest_timestamp(config["database"]["name"])
  File "/home/span2node-a/Desktop/Logger_Lora/src/database_functions.py", line 46, in get_latest_timestamp
    conn = sqlite3.connect(db_name)
sqlite3.OperationalError: unable to open database file
2024-07-04 13:08:47,115 - main - INFO - Starting main process
2024-07-04 13:08:47,116 - main - DEBUG - Loading configuration
2024-07-04 13:08:47,142 - main - INFO - Running on Node LINEAR_CORN_A
2024-07-04 13:08:47,142 - main - ERROR - An error occurred in the main process: name 'get_project_root' is not defined
2024-07-04 13:08:47,144 - main - ERROR - Traceback (most recent call last):
  File "/home/span2node-a/Desktop/Logger_Lora/main.py", line 28, in main
    project_root = get_project_root()
NameError: name 'get_project_root' is not defined

2024-07-04 13:09:43,201 - main - INFO - Starting main process
2024-07-04 13:09:43,203 - main - DEBUG - Loading configuration
2024-07-04 13:09:43,237 - main - INFO - Running on Node LINEAR_CORN_A
2024-07-04 13:09:43,238 - main - DEBUG - Project root: /home/span2node-a/Desktop/Logger_Lora
2024-07-04 13:09:43,239 - main - DEBUG - Sensor metadata path: /home/span2node-a/Desktop/Logger_Lora/config/sensor_mapping.yaml
2024-07-04 13:09:43,240 - main - DEBUG - Updating system time
2024-07-04 13:09:43,461 - main - DEBUG - Loading sensor metadata
2024-07-04 13:09:43,654 - main - INFO - Loaded metadata for 44 sensors
2024-07-04 13:09:43,654 - main - DEBUG - Connecting to datalogger
2024-07-04 13:09:53,704 - main - DEBUG - Getting table names from datalogger
2024-07-04 13:09:54,769 - main - INFO - Retrieving data from logger for time range: start=2024-07-04 12:09:54.769800, stop=2024-07-04 13:09:54.769800
2024-07-04 13:09:54,770 - main - DEBUG - Getting data from datalogger
2024-07-04 13:09:54,868 - main - INFO - No new data to process
2024-07-04 13:10:45,343 - main - INFO - Starting main process
2024-07-04 13:10:45,344 - main - DEBUG - Loading configuration
2024-07-04 13:10:45,371 - main - INFO - Running on Node LINEAR_CORN_A
2024-07-04 13:10:45,372 - main - DEBUG - Project root: /home/span2node-a/Desktop/Logger_Lora
2024-07-04 13:10:45,372 - main - DEBUG - Sensor metadata path: /home/span2node-a/Desktop/Logger_Lora/config/sensor_mapping.yaml
2024-07-04 13:10:45,373 - main - DEBUG - Updating system time
2024-07-04 13:10:45,574 - main - DEBUG - Loading sensor metadata
2024-07-04 13:10:45,734 - main - INFO - Loaded metadata for 44 sensors
2024-07-04 13:10:45,734 - main - DEBUG - Connecting to datalogger
2024-07-04 13:10:55,783 - main - DEBUG - Getting table names from datalogger
2024-07-04 13:10:56,843 - main - INFO - Retrieving data from logger for time range: start=2024-07-04 12:10:56.843830, stop=2024-07-04 13:10:56.843830
2024-07-04 13:10:56,844 - main - DEBUG - Getting data from datalogger
2024-07-04 13:10:56,914 - main - INFO - No new data to process
2024-07-04 13:18:25,237 - main - INFO - Starting main process
2024-07-04 13:18:25,239 - main - DEBUG - Loading configuration
2024-07-04 13:18:25,266 - main - INFO - Running on Node LINEAR_CORN_A
2024-07-04 13:18:25,266 - main - DEBUG - Project root: /home/span2node-a/Desktop/Logger_Lora
2024-07-04 13:18:25,266 - main - DEBUG - Sensor metadata path: /home/span2node-a/Desktop/Logger_Lora/config/sensor_mapping.yaml
2024-07-04 13:18:25,267 - main - DEBUG - Updating system time
2024-07-04 13:18:25,469 - main - DEBUG - Loading sensor metadata
2024-07-04 13:18:25,637 - main - INFO - Loaded metadata for 44 sensors
2024-07-04 13:18:25,637 - main - DEBUG - Connecting to datalogger
2024-07-04 13:18:35,684 - main - DEBUG - Getting table names from datalogger
2024-07-04 13:18:36,751 - main - INFO - Retrieving data from logger for time range: start=2024-07-04 12:18:36.751421, stop=2024-07-04 13:18:36.751421
2024-07-04 13:18:36,751 - main - DEBUG - Getting data from datalogger
2024-07-04 13:18:36,848 - main - INFO - No new data to process
2024-07-04 13:22:26,448 - main - INFO - Starting main process
2024-07-04 13:22:26,449 - main - DEBUG - Loading configuration
2024-07-04 13:22:26,476 - main - INFO - Running on Node LINEAR_CORN_A
2024-07-04 13:22:26,477 - main - DEBUG - Project root: /home/span2node-a/Desktop/Logger_Lora
2024-07-04 13:22:26,477 - main - DEBUG - Sensor metadata path: /home/span2node-a/Desktop/Logger_Lora/config/sensor_mapping.yaml
2024-07-04 13:22:26,478 - main - DEBUG - Updating system time
2024-07-04 13:22:26,672 - main - DEBUG - Loading sensor metadata
2024-07-04 13:22:26,835 - main - INFO - Loaded metadata for 44 sensors
2024-07-04 13:22:26,835 - main - DEBUG - Connecting to datalogger
2024-07-04 13:22:46,895 - main - DEBUG - Getting table names from datalogger
2024-07-04 13:22:47,982 - main - INFO - Retrieving data from logger for time range: start=2024-07-04 12:22:47.981928, stop=2024-07-04 13:22:47.981928
2024-07-04 13:22:47,982 - main - DEBUG - Getting data from datalogger
2024-07-04 13:22:48,087 - main - INFO - Retrieved 1 data points
2024-07-04 13:22:48,087 - main - DEBUG - Sample of retrieved data: [{"TIMESTAMP": "2024-07-04 13:22:00", "RecNbr": 1546, "BatV": 12.83, "PanelTempC": 24.84, "IRT5023A1xx24": 9.015302658081055, "IRT5020A3xx24": 28.800655364990234, "IRT5018A3xx24": 6.308988571166992, "TDR5023A10624": 0.4158160090446472, "TDR5023A11824": 0.030538270249962807, "TDR5023A13024": 0.4427576959133148, "TDR5023A14224": 0.3794659674167633, "TDR5026A20624": 0.29458087682724, "TDR5026A21824": 0.29603415727615356, "TDR5026A23024": 0.33648520708084106, "TDR5027A40624": 0.3419680893421173, "TDR5027A41824": 0.4658794403076172, "TDR5027A43024": 0.33761951327323914, "DEN5023A1xx24": 4.949370861053467}]
2024-07-04 13:22:48,088 - main - INFO - Latest timestamp from logger: 2024-07-04 13:22:00
2024-07-04 13:22:48,088 - main - DEBUG - Latest data point: {"TIMESTAMP": "2024-07-04 13:22:00", "RecNbr": 1546, "BatV": 12.83, "PanelTempC": 24.84, "IRT5023A1xx24": 9.015302658081055, "IRT5020A3xx24": 28.800655364990234, "IRT5018A3xx24": 6.308988571166992, "TDR5023A10624": 0.4158160090446472, "TDR5023A11824": 0.030538270249962807, "TDR5023A13024": 0.4427576959133148, "TDR5023A14224": 0.3794659674167633, "TDR5026A20624": 0.29458087682724, "TDR5026A21824": 0.29603415727615356, "TDR5026A23024": 0.33648520708084106, "TDR5027A40624": 0.3419680893421173, "TDR5027A41824": 0.4658794403076172, "TDR5027A43024": 0.33761951327323914, "DEN5023A1xx24": 4.949370861053467}
2024-07-04 13:22:48,089 - main - DEBUG - Setting up database
2024-07-04 13:22:48,123 - main - DEBUG - Inserting data into database
2024-07-04 13:22:48,146 - main - DEBUG - Sending data via LoRa
2024-07-04 13:22:52,722 - main - INFO - Data processing and transmission successful!
2024-07-04 13:24:48,404 - main - INFO - Starting main process
2024-07-04 13:24:48,404 - main - DEBUG - Loading configuration
2024-07-04 13:24:48,429 - main - INFO - Running on Node LINEAR_CORN_A
2024-07-04 13:24:48,430 - main - DEBUG - Project root: /home/span2node-a/Desktop/Logger_Lora
2024-07-04 13:24:48,430 - main - DEBUG - Sensor metadata path: /home/span2node-a/Desktop/Logger_Lora/config/sensor_mapping.yaml
2024-07-04 13:24:48,430 - main - DEBUG - Updating system time
2024-07-04 13:24:48,637 - main - DEBUG - Loading sensor metadata
2024-07-04 13:24:48,798 - main - INFO - Loaded metadata for 44 sensors
2024-07-04 13:24:48,799 - main - DEBUG - Connecting to datalogger
2024-07-04 13:24:58,860 - main - DEBUG - Getting table names from datalogger
2024-07-04 13:24:59,962 - main - INFO - Retrieving data from logger for time range: start=2024-07-04 12:24:59.962579, stop=2024-07-04 13:24:59.962579
2024-07-04 13:24:59,963 - main - DEBUG - Getting data from datalogger
2024-07-04 13:25:00,122 - main - INFO - Retrieved 3 data points
2024-07-04 13:25:00,122 - main - DEBUG - Sample of retrieved data: [{"TIMESTAMP": "2024-07-04 13:22:00", "RecNbr": 1546, "BatV": 12.83, "PanelTempC": 24.84, "IRT5023A1xx24": 9.015302658081055, "IRT5020A3xx24": 28.800655364990234, "IRT5018A3xx24": 6.308988571166992, "TDR5023A10624": 0.4158160090446472, "TDR5023A11824": 0.030538270249962807, "TDR5023A13024": 0.4427576959133148, "TDR5023A14224": 0.3794659674167633, "TDR5026A20624": 0.29458087682724, "TDR5026A21824": 0.29603415727615356, "TDR5026A23024": 0.33648520708084106, "TDR5027A40624": 0.3419680893421173, "TDR5027A41824": 0.4658794403076172, "TDR5027A43024": 0.33761951327323914, "DEN5023A1xx24": 4.949370861053467}, {"TIMESTAMP": "2024-07-04 13:23:00", "RecNbr": 1547, "BatV": 12.84, "PanelTempC": 24.84, "IRT5023A1xx24": 16.264801025390625, "IRT5020A3xx24": 15.799474716186523, "IRT5018A3xx24": -1.851395606994629, "TDR5023A10624": 0.2186514437198639, "TDR5023A11824": 0.4101983308792114, "TDR5023A13024": 0.08031687140464783, "TDR5023A14224": 0.3872882127761841, "TDR5026A20624": 0.3388896584510803, "TDR5026A21824": 0.16165930032730103, "TDR5026A23024": 0.22047404944896698, "TDR5027A40624": 0.3569830656051636, "TDR5027A41824": 0.3959512710571289, "TDR5027A43024": 0.20599305629730225, "DEN5023A1xx24": 3.307368278503418}]
2024-07-04 13:25:00,123 - main - INFO - Latest timestamp from logger: 2024-07-04 13:24:00
2024-07-04 13:25:00,123 - main - DEBUG - Latest data point: {"TIMESTAMP": "2024-07-04 13:24:00", "RecNbr": 1548, "BatV": 12.84, "PanelTempC": 24.84, "IRT5023A1xx24": -0.7333459854125977, "IRT5020A3xx24": 18.00118064880371, "IRT5018A3xx24": 2.792904853820801, "TDR5023A10624": 0.38747602701187134, "TDR5023A11824": 0.03799403831362724, "TDR5023A13024": 0.14859038591384888, "TDR5023A14224": 0.430409699678421, "TDR5026A20624": 0.29441162943840027, "TDR5026A21824": 0.33709532022476196, "TDR5026A23024": 0.044713109731674194, "TDR5027A40624": 0.26001259684562683, "TDR5027A41824": 0.36626696586608887, "TDR5027A43024": 0.119853675365448, "DEN5023A1xx24": 4.253222465515137}
2024-07-04 13:25:00,124 - main - DEBUG - Setting up database
2024-07-04 13:25:00,128 - main - DEBUG - Inserting data into database
2024-07-04 13:25:00,151 - main - DEBUG - Sending data via LoRa
2024-07-04 13:25:04,788 - main - INFO - Data processing and transmission successful!
2024-07-05 07:03:18,736 - main - INFO - Starting main process
2024-07-05 07:03:18,738 - main - DEBUG - Loading configuration
2024-07-05 07:03:18,771 - main - INFO - Running on Node LINEAR_CORN_A
2024-07-05 07:03:18,772 - main - DEBUG - Project root: /home/span2node-a/Desktop/Logger_Lora
2024-07-05 07:03:18,772 - main - DEBUG - Sensor metadata path: /home/span2node-a/Desktop/Logger_Lora/config/sensor_mapping.yaml
2024-07-05 07:03:18,773 - main - DEBUG - Updating system time
2024-07-05 07:03:19,024 - main - DEBUG - Loading sensor metadata
2024-07-05 07:03:19,212 - main - INFO - Loaded metadata for 44 sensors
2024-07-05 07:03:19,213 - main - DEBUG - Connecting to datalogger
2024-07-05 07:03:29,275 - main - DEBUG - Getting table names from datalogger
2024-07-05 07:03:30,382 - main - INFO - Retrieving data from logger for time range: start=2024-07-05 06:03:30.382424, stop=2024-07-05 07:03:30.382424
2024-07-05 07:03:30,383 - main - DEBUG - Getting data from datalogger
2024-07-05 07:03:31,763 - main - INFO - Retrieved 60 data points
2024-07-05 07:03:31,763 - main - DEBUG - Sample of retrieved data: [{"TIMESTAMP": "2024-07-05 06:04:00", "RecNbr": 2548, "BatV": 12.84, "PanelTempC": 23.52, "IRT5023A1xx24": 6.571924209594727, "IRT5020A3xx24": 11.710208892822266, "IRT5018A3xx24": 16.794078826904297, "TDR5023A10624": 0.3510875999927521, "TDR5023A11824": 0.10739178210496902, "TDR5023A13024": 0.4843449592590332, "TDR5023A14224": 0.41587772965431213, "TDR5026A20624": 0.04010200500488281, "TDR5026A21824": 0.45224520564079285, "TDR5026A23024": 0.4812004268169403, "TDR5027A40624": 0.3905556797981262, "TDR5027A41824": 0.026980537921190262, "TDR5027A43024": 0.3818260431289673, "DEN5023A1xx24": 0.4813578724861145}, {"TIMESTAMP": "2024-07-05 06:05:00", "RecNbr": 2549, "BatV": 12.84, "PanelTempC": 23.52, "IRT5023A1xx24": 20.791452407836914, "IRT5020A3xx24": 2.2171812057495117, "IRT5018A3xx24": 23.616565704345703, "TDR5023A10624": 0.04813891276717186, "TDR5023A11824": 0.494058221578598, "TDR5023A13024": 0.13264906406402588, "TDR5023A14224": 0.46409401297569275, "TDR5026A20624": 0.266491562128067, "TDR5026A21824": 0.10476453602313995, "TDR5026A23024": 0.1369524896144867, "TDR5027A40624": 0.05718362703919411, "TDR5027A41824": 0.2797729969024658, "TDR5027A43024": 0.27370983362197876, "DEN5023A1xx24": 5.755642890930176}]
2024-07-05 07:03:31,763 - main - INFO - Latest timestamp from logger: 2024-07-05 07:03:00
2024-07-05 07:03:31,764 - main - DEBUG - Latest data point: {"TIMESTAMP": "2024-07-05 07:03:00", "RecNbr": 2607, "BatV": 12.84, "PanelTempC": 23.7, "IRT5023A1xx24": 11.10580825805664, "IRT5020A3xx24": 14.191568374633789, "IRT5018A3xx24": 31.55599594116211, "TDR5023A10624": 0.3395520746707916, "TDR5023A11824": 0.18089835345745087, "TDR5023A13024": 0.10840854793787003, "TDR5023A14224": 0.11476314812898636, "TDR5026A20624": 0.44790568947792053, "TDR5026A21824": 0.2437116503715515, "TDR5026A23024": 0.05083949491381645, "TDR5027A40624": 0.2919912040233612, "TDR5027A41824": 0.27819445729255676, "TDR5027A43024": 0.23126500844955444, "DEN5023A1xx24": 5.440496921539307}
2024-07-05 07:03:31,764 - main - DEBUG - Setting up database
2024-07-05 07:03:31,768 - main - DEBUG - Inserting data into database
2024-07-05 07:03:31,783 - main - DEBUG - Sending data via LoRa
2024-07-05 07:03:36,357 - main - INFO - Data processing and transmission successful!
2024-07-05 07:04:07,100 - main - INFO - Starting main process
2024-07-05 07:04:07,100 - main - DEBUG - Loading configuration
2024-07-05 07:04:07,131 - main - INFO - Running on Node LINEAR_CORN_A
2024-07-05 07:04:07,131 - main - DEBUG - Project root: /home/span2node-a/Desktop/Logger_Lora
2024-07-05 07:04:07,132 - main - DEBUG - Sensor metadata path: /home/span2node-a/Desktop/Logger_Lora/config/sensor_mapping.yaml
2024-07-05 07:04:07,132 - main - DEBUG - Updating system time
2024-07-05 07:04:07,405 - main - DEBUG - Loading sensor metadata
2024-07-05 07:04:07,612 - main - INFO - Loaded metadata for 44 sensors
2024-07-05 07:04:07,615 - main - DEBUG - Connecting to datalogger
2024-07-05 07:04:17,671 - main - DEBUG - Getting table names from datalogger
2024-07-05 07:04:18,758 - main - INFO - Retrieving data from logger for time range: start=2024-07-05 06:04:18.758141, stop=2024-07-05 07:04:18.758141
2024-07-05 07:04:18,758 - main - DEBUG - Getting data from datalogger
2024-07-05 07:04:20,113 - main - INFO - Retrieved 60 data points
2024-07-05 07:04:20,114 - main - DEBUG - Sample of retrieved data: [{"TIMESTAMP": "2024-07-05 06:05:00", "RecNbr": 2549, "BatV": 12.84, "PanelTempC": 23.52, "IRT5023A1xx24": 20.791452407836914, "IRT5020A3xx24": 2.2171812057495117, "IRT5018A3xx24": 23.616565704345703, "TDR5023A10624": 0.04813891276717186, "TDR5023A11824": 0.494058221578598, "TDR5023A13024": 0.13264906406402588, "TDR5023A14224": 0.46409401297569275, "TDR5026A20624": 0.266491562128067, "TDR5026A21824": 0.10476453602313995, "TDR5026A23024": 0.1369524896144867, "TDR5027A40624": 0.05718362703919411, "TDR5027A41824": 0.2797729969024658, "TDR5027A43024": 0.27370983362197876, "DEN5023A1xx24": 5.755642890930176}, {"TIMESTAMP": "2024-07-05 06:06:00", "RecNbr": 2550, "BatV": 12.84, "PanelTempC": 23.52, "IRT5023A1xx24": 28.448028564453125, "IRT5020A3xx24": 17.101701736450195, "IRT5018A3xx24": 23.876384735107422, "TDR5023A10624": 0.1784844547510147, "TDR5023A11824": 0.4751223921775818, "TDR5023A13024": 0.25006750226020813, "TDR5023A14224": 0.2860395312309265, "TDR5026A20624": 0.0752972885966301, "TDR5026A21824": 0.48682042956352234, "TDR5026A23024": 0.10847078263759613, "TDR5027A40624": 0.09073103219270706, "TDR5027A41824": 0.4913334548473358, "TDR5027A43024": 0.12787862122058868, "DEN5023A1xx24": 5.250458717346191}]
2024-07-05 07:04:20,114 - main - INFO - Latest timestamp from logger: 2024-07-05 07:04:00
2024-07-05 07:04:20,115 - main - DEBUG - Latest data point: {"TIMESTAMP": "2024-07-05 07:04:00", "RecNbr": 2608, "BatV": 12.84, "PanelTempC": 23.7, "IRT5023A1xx24": 38.06817626953125, "IRT5020A3xx24": -8.487166404724121, "IRT5018A3xx24": 32.777217864990234, "TDR5023A10624": 0.1397847831249237, "TDR5023A11824": 0.10544823110103607, "TDR5023A13024": 0.3872911334037781, "TDR5023A14224": 0.0806318148970604, "TDR5026A20624": 0.1159643903374672, "TDR5026A21824": 0.14013759791851044, "TDR5026A23024": 0.42015576362609863, "TDR5027A40624": 0.20908673107624054, "TDR5027A41824": 0.26884666085243225, "TDR5027A43024": 0.30676189064979553, "DEN5023A1xx24": 5.774628639221191}
2024-07-05 07:04:20,115 - main - DEBUG - Setting up database
2024-07-05 07:04:20,119 - main - DEBUG - Inserting data into database
2024-07-05 07:04:20,139 - main - DEBUG - Sending data via LoRa
2024-07-05 07:04:26,073 - main - INFO - Data processing and transmission successful!
2024-07-05 07:16:35,151 - main - INFO - Starting main process
2024-07-05 07:16:35,152 - main - DEBUG - Loading configuration
2024-07-05 07:16:35,186 - main - INFO - Running on Node LINEAR_CORN_A
2024-07-05 07:16:35,186 - main - DEBUG - Project root: /home/span2node-a/Desktop/Logger_Lora
2024-07-05 07:16:35,187 - main - DEBUG - Sensor metadata path: /home/span2node-a/Desktop/Logger_Lora/config/sensor_mapping.yaml
2024-07-05 07:16:35,187 - main - DEBUG - Updating system time
2024-07-05 07:16:35,444 - main - DEBUG - Loading sensor metadata
2024-07-05 07:16:35,638 - main - INFO - Loaded metadata for 44 sensors
2024-07-05 07:16:35,638 - main - DEBUG - Connecting to datalogger
2024-07-05 07:16:45,688 - main - DEBUG - Getting table names from datalogger
2024-07-05 07:16:46,766 - main - INFO - Retrieving data from logger for time range: start=2024-07-05 06:16:46.766138, stop=2024-07-05 07:16:46.766138
2024-07-05 07:16:46,768 - main - DEBUG - Getting data from datalogger
2024-07-05 07:16:48,138 - main - INFO - Retrieved 60 data points
2024-07-05 07:16:48,140 - main - DEBUG - Sample of retrieved data: [{"TIMESTAMP": "2024-07-05 06:17:00", "RecNbr": 2561, "BatV": 12.84, "PanelTempC": 23.52, "IRT5023A1xx24": -9.553764343261719, "IRT5020A3xx24": 33.9161262512207, "IRT5018A3xx24": 14.21365737915039, "TDR5023A10624": 0.024431155994534492, "TDR5023A11824": 0.21957248449325562, "TDR5023A13024": 0.1216140165925026, "TDR5023A14224": 0.04488871991634369, "TDR5026A20624": 0.44970542192459106, "TDR5026A21824": 0.04342367500066757, "TDR5026A23024": 0.09632954001426697, "TDR5027A40624": 0.3967849314212799, "TDR5027A41824": 0.12962183356285095, "TDR5027A43024": 0.4581790268421173, "DEN5023A1xx24": 8.859312057495117}, {"TIMESTAMP": "2024-07-05 06:18:00", "RecNbr": 2562, "BatV": 12.84, "PanelTempC": 23.52, "IRT5023A1xx24": 29.254070281982422, "IRT5020A3xx24": 3.8175268173217773, "IRT5018A3xx24": -0.00669097900390625, "TDR5023A10624": 0.274263471364975, "TDR5023A11824": 0.3761974573135376, "TDR5023A13024": 0.07117033004760742, "TDR5023A14224": 0.4095705449581146, "TDR5026A20624": 0.038287341594696045, "TDR5026A21824": 0.490055114030838, "TDR5026A23024": 0.14747308194637299, "TDR5027A40624": 0.28582707047462463, "TDR5027A41824": 0.0629718229174614, "TDR5027A43024": 0.35894647240638733, "DEN5023A1xx24": 0.25571125745773315}]
2024-07-05 07:16:48,142 - main - INFO - Latest timestamp from logger: 2024-07-05 07:16:00
2024-07-05 07:16:48,144 - main - DEBUG - Latest data point: {"TIMESTAMP": "2024-07-05 07:16:00", "RecNbr": 2620, "BatV": 12.84, "PanelTempC": 23.9, "IRT5023A1xx24": 19.153072357177734, "IRT5020A3xx24": 12.629070281982422, "IRT5018A3xx24": 10.843868255615234, "TDR5023A10624": 0.20400391519069672, "TDR5023A11824": 0.4283883273601532, "TDR5023A13024": 0.07875946909189224, "TDR5023A14224": 0.0269472673535347, "TDR5026A20624": 0.2232513129711151, "TDR5026A21824": 0.3389073610305786, "TDR5026A23024": 0.42834025621414185, "TDR5027A40624": 0.07258875668048859, "TDR5027A41824": 0.17654642462730408, "TDR5027A43024": 0.11372464150190353, "DEN5023A1xx24": 3.346656322479248}
2024-07-05 07:16:48,146 - main - DEBUG - Setting up database
2024-07-05 07:16:48,154 - main - DEBUG - Inserting data into database
2024-07-05 07:16:48,185 - main - DEBUG - Sending data via LoRa
2024-07-05 07:16:52,394 - main - INFO - Data processing and transmission successful!
2024-07-05 07:18:53,168 - main - INFO - Starting main process
2024-07-05 07:18:53,169 - main - DEBUG - Loading configuration
2024-07-05 07:18:53,201 - main - INFO - Running on Node LINEAR_CORN_A
2024-07-05 07:18:53,202 - main - DEBUG - Project root: /home/span2node-a/Desktop/Logger_Lora
2024-07-05 07:18:53,203 - main - DEBUG - Sensor metadata path: /home/span2node-a/Desktop/Logger_Lora/config/sensor_mapping.yaml
2024-07-05 07:18:53,204 - main - DEBUG - Updating system time
2024-07-05 07:18:53,470 - main - DEBUG - Loading sensor metadata
2024-07-05 07:18:53,656 - main - INFO - Loaded metadata for 44 sensors
2024-07-05 07:18:53,657 - main - DEBUG - Connecting to datalogger
2024-07-05 07:19:03,701 - main - DEBUG - Getting table names from datalogger
2024-07-05 07:19:04,784 - main - INFO - Retrieving data from logger for time range: start=2024-07-05 06:19:04.784020, stop=2024-07-05 07:19:04.784020
2024-07-05 07:19:04,785 - main - DEBUG - Getting data from datalogger
2024-07-05 07:19:06,181 - main - INFO - Retrieved 60 data points
2024-07-05 07:19:06,183 - main - DEBUG - Sample of retrieved data: [{"TIMESTAMP": "2024-07-05 06:20:00", "RecNbr": 2564, "BatV": 12.84, "PanelTempC": 23.52, "IRT5023A1xx24": 30.52696990966797, "IRT5020A3xx24": 21.67466163635254, "IRT5018A3xx24": 14.46635627746582, "TDR5023A10624": 0.30948877334594727, "TDR5023A11824": 0.23434235155582428, "TDR5023A13024": 0.14960865676403046, "TDR5023A14224": 0.1540413498878479, "TDR5026A20624": 0.17436645925045013, "TDR5026A21824": 0.35268574953079224, "TDR5026A23024": 0.11371061205863953, "TDR5027A40624": 0.07793375849723816, "TDR5027A41824": 0.32371124625205994, "TDR5027A43024": 0.15909156203269958, "DEN5023A1xx24": 0.577607274055481}, {"TIMESTAMP": "2024-07-05 06:21:00", "RecNbr": 2565, "BatV": 12.84, "PanelTempC": 23.52, "IRT5023A1xx24": -7.723859786987305, "IRT5020A3xx24": 25.268901824951172, "IRT5018A3xx24": 2.4451942443847656, "TDR5023A10624": 0.03250794857740402, "TDR5023A11824": 0.1433359682559967, "TDR5023A13024": 0.3262697756290436, "TDR5023A14224": 0.31193506717681885, "TDR5026A20624": 0.2553982734680176, "TDR5026A21824": 0.3576303720474243, "TDR5026A23024": 0.47943300008773804, "TDR5027A40624": 0.19675157964229584, "TDR5027A41824": 0.018477847799658775, "TDR5027A43024": 0.3946654498577118, "DEN5023A1xx24": 5.132884502410889}]
2024-07-05 07:19:06,183 - main - INFO - Latest timestamp from logger: 2024-07-05 07:19:00
2024-07-05 07:19:06,185 - main - DEBUG - Latest data point: {"TIMESTAMP": "2024-07-05 07:19:00", "RecNbr": 2623, "BatV": 12.83, "PanelTempC": 23.96, "IRT5023A1xx24": 32.74060821533203, "IRT5020A3xx24": 9.657529830932617, "IRT5018A3xx24": -3.6272101402282715, "TDR5023A10624": 0.3986209034919739, "TDR5023A11824": 0.2428881675004959, "TDR5023A13024": 0.08703035116195679, "TDR5023A14224": 0.40240976214408875, "TDR5026A20624": 0.4495246410369873, "TDR5026A21824": 0.3324849307537079, "TDR5026A23024": 0.25035208463668823, "TDR5027A40624": 0.12686821818351746, "TDR5027A41824": 0.27095648646354675, "TDR5027A43024": 0.2796904444694519, "DEN5023A1xx24": 4.987987041473389}
2024-07-05 07:19:06,185 - main - DEBUG - Setting up database
2024-07-05 07:19:06,188 - main - DEBUG - Inserting data into database
2024-07-05 07:19:06,204 - main - DEBUG - Sending data via LoRa
2024-07-05 07:19:10,386 - main - INFO - Data processing and transmission successful!
2024-07-05 07:30:43,516 - main - INFO - Starting main process
2024-07-05 07:30:43,517 - main - DEBUG - Loading configuration
2024-07-05 07:30:43,553 - main - INFO - Running on Node LINEAR_CORN_A
2024-07-05 07:30:43,554 - main - DEBUG - Project root: /home/span2node-a/Desktop/Logger_Lora
2024-07-05 07:30:43,554 - main - DEBUG - Sensor metadata path: /home/span2node-a/Desktop/Logger_Lora/config/sensor_mapping.yaml
2024-07-05 07:30:43,554 - main - DEBUG - Updating system time
2024-07-05 07:30:43,811 - main - DEBUG - Loading sensor metadata
2024-07-05 07:30:43,996 - main - INFO - Loaded metadata for 44 sensors
2024-07-05 07:30:43,998 - main - DEBUG - Connecting to datalogger
2024-07-05 07:30:54,045 - main - DEBUG - Getting table names from datalogger
2024-07-05 07:30:55,127 - main - INFO - Retrieving data from logger for time range: start=2024-07-05 06:30:55.127110, stop=2024-07-05 07:30:55.127110
2024-07-05 07:30:55,129 - main - DEBUG - Getting data from datalogger
2024-07-05 07:30:56,497 - main - INFO - Retrieved 60 data points
2024-07-05 07:30:56,498 - main - DEBUG - Sample of retrieved data: [{"TIMESTAMP": "2024-07-05 06:31:00", "RecNbr": 2575, "BatV": 12.84, "PanelTempC": 23.52, "IRT5023A1xx24": 12.096305847167969, "IRT5020A3xx24": -0.3638162612915039, "IRT5018A3xx24": 30.417583465576172, "TDR5023A10624": 0.36323845386505127, "TDR5023A11824": 0.12554362416267395, "TDR5023A13024": 0.41533514857292175, "TDR5023A14224": 0.2571055293083191, "TDR5026A20624": 0.4046718180179596, "TDR5026A21824": 0.05053555592894554, "TDR5026A23024": 0.09111723303794861, "TDR5027A40624": 0.3449242413043976, "TDR5027A41824": 0.42738860845565796, "TDR5027A43024": 0.3098950684070587, "DEN5023A1xx24": 6.021716117858887}, {"TIMESTAMP": "2024-07-05 06:32:00", "RecNbr": 2576, "BatV": 12.84, "PanelTempC": 23.52, "IRT5023A1xx24": -8.58853530883789, "IRT5020A3xx24": 37.75983428955078, "IRT5018A3xx24": 14.04404067993164, "TDR5023A10624": 0.3228820264339447, "TDR5023A11824": 0.4659019410610199, "TDR5023A13024": 0.3328980803489685, "TDR5023A14224": 0.28979888558387756, "TDR5026A20624": 0.4679363965988159, "TDR5026A21824": 0.39055660367012024, "TDR5026A23024": 0.39849039912223816, "TDR5027A40624": 0.24503609538078308, "TDR5027A41824": 0.12994393706321716, "TDR5027A43024": 0.45053738355636597, "DEN5023A1xx24": 4.492979526519775}]
2024-07-05 07:30:56,498 - main - INFO - Latest timestamp from logger: 2024-07-05 07:30:00
2024-07-05 07:30:56,499 - main - DEBUG - Latest data point: {"TIMESTAMP": "2024-07-05 07:30:00", "RecNbr": 2634, "BatV": 12.84, "PanelTempC": 24.1, "IRT5023A1xx24": 25.045860290527344, "IRT5020A3xx24": 6.444530487060547, "IRT5018A3xx24": 7.91425895690918, "TDR5023A10624": 0.13178236782550812, "TDR5023A11824": 0.0028779867570847273, "TDR5023A13024": 0.1712653636932373, "TDR5023A14224": 0.07227662205696106, "TDR5026A20624": 0.3433173894882202, "TDR5026A21824": 0.21689583361148834, "TDR5026A23024": 0.17677071690559387, "TDR5027A40624": 0.3712187707424164, "TDR5027A41824": 0.4603135585784912, "TDR5027A43024": 0.010921323671936989, "DEN5023A1xx24": 8.123063087463379}
2024-07-05 07:30:56,499 - main - DEBUG - Setting up database
2024-07-05 07:30:56,502 - main - DEBUG - Inserting data into database
2024-07-05 07:30:56,519 - main - DEBUG - Sending data via LoRa
2024-07-05 07:31:00,717 - main - INFO - Data processing and transmission successful!
2024-07-05 07:42:23,986 - main - INFO - Starting main process
2024-07-05 07:42:23,989 - main - DEBUG - Loading configuration
2024-07-05 07:42:24,022 - main - INFO - Running on Node LINEAR_CORN_A
2024-07-05 07:42:24,023 - main - DEBUG - Project root: /home/span2node-a/Desktop/Logger_Lora
2024-07-05 07:42:24,023 - main - DEBUG - Sensor metadata path: /home/span2node-a/Desktop/Logger_Lora/config/sensor_mapping.yaml
2024-07-05 07:42:24,024 - main - DEBUG - Updating system time
2024-07-05 07:42:24,279 - main - DEBUG - Loading sensor metadata
2024-07-05 07:42:24,468 - main - INFO - Loaded metadata for 44 sensors
2024-07-05 07:42:24,468 - main - DEBUG - Connecting to datalogger
2024-07-05 07:42:34,517 - main - DEBUG - Getting table names from datalogger
2024-07-05 07:42:35,588 - main - INFO - Retrieving data from logger for time range: start=2024-07-05 06:42:35.588799, stop=2024-07-05 07:42:35.588799
2024-07-05 07:42:35,589 - main - DEBUG - Getting data from datalogger
2024-07-05 07:42:36,943 - main - INFO - Retrieved 60 data points
2024-07-05 07:42:36,944 - main - DEBUG - Sample of retrieved data: [{"TIMESTAMP": "2024-07-05 06:43:00", "RecNbr": 2587, "BatV": 12.84, "PanelTempC": 23.52, "IRT5023A1xx24": 24.487991333007812, "IRT5020A3xx24": 37.64217758178711, "IRT5018A3xx24": -7.749267578125, "TDR5023A10624": 0.058780986815690994, "TDR5023A11824": 0.08474990725517273, "TDR5023A13024": 0.3288309574127197, "TDR5023A14224": 0.3499469459056854, "TDR5026A20624": 0.08838467299938202, "TDR5026A21824": 0.45950862765312195, "TDR5026A23024": 0.43479374051094055, "TDR5027A40624": 0.007119018584489822, "TDR5027A41824": 0.21952998638153076, "TDR5027A43024": 0.31530943512916565, "DEN5023A1xx24": 4.853358745574951}, {"TIMESTAMP": "2024-07-05 06:44:00", "RecNbr": 2588, "BatV": 12.84, "PanelTempC": 23.52, "IRT5023A1xx24": 11.056634902954102, "IRT5020A3xx24": 39.95698928833008, "IRT5018A3xx24": -3.2318248748779297, "TDR5023A10624": 0.34674349427223206, "TDR5023A11824": 0.469565749168396, "TDR5023A13024": 0.4975266754627228, "TDR5023A14224": 0.4365098178386688, "TDR5026A20624": 0.4627939760684967, "TDR5026A21824": 0.2122897505760193, "TDR5026A23024": 0.4046406149864197, "TDR5027A40624": 0.44139915704727173, "TDR5027A41824": 0.2847718894481659, "TDR5027A43024": 0.38306304812431335, "DEN5023A1xx24": 9.182107925415039}]
2024-07-05 07:42:36,944 - main - INFO - Latest timestamp from logger: 2024-07-05 07:42:00
2024-07-05 07:42:36,945 - main - DEBUG - Latest data point: {"TIMESTAMP": "2024-07-05 07:42:00", "RecNbr": 2646, "BatV": 12.84, "PanelTempC": 24.28, "IRT5023A1xx24": 6.8577117919921875, "IRT5020A3xx24": 23.098308563232422, "IRT5018A3xx24": 8.786243438720703, "TDR5023A10624": 0.43544232845306396, "TDR5023A11824": 0.22203442454338074, "TDR5023A13024": 0.30542436242103577, "TDR5023A14224": 0.4207487404346466, "TDR5026A20624": 0.11907074600458145, "TDR5026A21824": 0.3405027687549591, "TDR5026A23024": 0.4790763258934021, "TDR5027A40624": 0.23003488779067993, "TDR5027A41824": 0.16683387756347656, "TDR5027A43024": 0.1334071308374405, "DEN5023A1xx24": 0.6588196158409119}
2024-07-05 07:42:36,945 - main - DEBUG - Setting up database
2024-07-05 07:42:36,949 - main - DEBUG - Inserting data into database
2024-07-05 07:42:36,965 - main - DEBUG - Sending data via LoRa
2024-07-05 07:42:41,143 - main - INFO - Data processing and transmission successful!
2024-07-05 07:52:28,307 - main - INFO - Starting main process
2024-07-05 07:52:28,307 - main - DEBUG - Loading configuration
2024-07-05 07:52:28,354 - main - INFO - Running on Node LINEAR_CORN_A
2024-07-05 07:52:28,355 - main - DEBUG - Project root: /home/span2node-a/Desktop/Logger_Lora
2024-07-05 07:52:28,356 - main - DEBUG - Sensor metadata path: /home/span2node-a/Desktop/Logger_Lora/config/sensor_mapping.yaml
2024-07-05 07:52:28,357 - main - DEBUG - Updating system time
2024-07-05 07:52:28,723 - main - DEBUG - Loading sensor metadata
2024-07-05 07:52:28,988 - main - INFO - Loaded metadata for 44 sensors
2024-07-05 07:52:28,990 - main - DEBUG - Connecting to datalogger
2024-07-05 07:52:39,043 - main - DEBUG - Getting table names from datalogger
2024-07-05 07:52:40,160 - main - INFO - Retrieving data from logger for time range: start=2024-07-05 06:52:40.160545, stop=2024-07-05 07:52:40.160545
2024-07-05 07:52:40,161 - main - DEBUG - Getting data from datalogger
2024-07-05 07:52:41,536 - main - INFO - Retrieved 60 data points
2024-07-05 07:52:41,538 - main - DEBUG - Sample of retrieved data: [{"TIMESTAMP": "2024-07-05 06:53:00", "RecNbr": 2597, "BatV": 12.84, "PanelTempC": 23.55, "IRT5023A1xx24": 6.250814437866211, "IRT5020A3xx24": -4.4986677169799805, "IRT5018A3xx24": 1.834228515625, "TDR5023A10624": 0.07456617057323456, "TDR5023A11824": 0.43727007508277893, "TDR5023A13024": 0.14919213950634003, "TDR5023A14224": 0.09622936695814133, "TDR5026A20624": 0.411894828081131, "TDR5026A21824": 0.24320639669895172, "TDR5026A23024": 0.05952087417244911, "TDR5027A40624": 0.08045342564582825, "TDR5027A41824": 0.10757792741060257, "TDR5027A43024": 0.3655904531478882, "DEN5023A1xx24": 6.813770294189453}, {"TIMESTAMP": "2024-07-05 06:54:00", "RecNbr": 2598, "BatV": 12.84, "PanelTempC": 23.55, "IRT5023A1xx24": 22.264232635498047, "IRT5020A3xx24": 26.075695037841797, "IRT5018A3xx24": -1.51580810546875, "TDR5023A10624": 0.17600120604038239, "TDR5023A11824": 0.276476114988327, "TDR5023A13024": 0.14117643237113953, "TDR5023A14224": 0.2053002417087555, "TDR5026A20624": 0.42541080713272095, "TDR5026A21824": 0.24761775135993958, "TDR5026A23024": 0.28425413370132446, "TDR5027A40624": 0.28430289030075073, "TDR5027A41824": 0.2892898917198181, "TDR5027A43024": 0.08901550620794296, "DEN5023A1xx24": 2.4308857917785645}]
2024-07-05 07:52:41,539 - main - INFO - Latest timestamp from logger: 2024-07-05 07:52:00
2024-07-05 07:52:41,540 - main - DEBUG - Latest data point: {"TIMESTAMP": "2024-07-05 07:52:00", "RecNbr": 2656, "BatV": 12.84, "PanelTempC": 24.28, "IRT5023A1xx24": 24.78110122680664, "IRT5020A3xx24": 34.18178939819336, "IRT5018A3xx24": 39.7993049621582, "TDR5023A10624": 0.3199336528778076, "TDR5023A11824": 0.421286940574646, "TDR5023A13024": 0.2612965404987335, "TDR5023A14224": 0.15453402698040009, "TDR5026A20624": 0.23057614266872406, "TDR5026A21824": 0.36245647072792053, "TDR5026A23024": 0.12952379882335663, "TDR5027A40624": 0.13155873119831085, "TDR5027A41824": 0.2571744918823242, "TDR5027A43024": 0.23230835795402527, "DEN5023A1xx24": 5.518677234649658}
2024-07-05 07:52:41,541 - main - DEBUG - Setting up database
2024-07-05 07:52:41,551 - main - DEBUG - Inserting data into database
2024-07-05 07:52:41,573 - main - DEBUG - Sending data via LoRa
2024-07-05 07:52:41,577 - main - ERROR - An error occurred in the main process: 'lora'
2024-07-05 07:52:41,581 - main - ERROR - Traceback (most recent call last):
  File "/home/span2node-a/Desktop/Logger_Lora/main.py", line 92, in main
    send_lora_data(latest_data, config["lora"], sensor_metadata, clip_floats=config.get("clip_floats", False))
  File "/home/span2node-a/Desktop/Logger_Lora/src/lora_functions.py", line 52, in send_lora_data
    lora_manager = LoRaManager(config['lora'])
KeyError: 'lora'

2024-07-05 07:53:25,316 - main - INFO - Starting main process
2024-07-05 07:53:25,316 - main - DEBUG - Loading configuration
2024-07-05 07:53:25,346 - main - INFO - Running on Node LINEAR_CORN_A
2024-07-05 07:53:25,346 - main - DEBUG - Project root: /home/span2node-a/Desktop/Logger_Lora
2024-07-05 07:53:25,346 - main - DEBUG - Sensor metadata path: /home/span2node-a/Desktop/Logger_Lora/config/sensor_mapping.yaml
2024-07-05 07:53:25,347 - main - DEBUG - Updating system time
2024-07-05 07:53:25,585 - main - DEBUG - Loading sensor metadata
2024-07-05 07:53:25,764 - main - INFO - Loaded metadata for 44 sensors
2024-07-05 07:53:25,764 - main - DEBUG - Connecting to datalogger
2024-07-05 07:53:35,793 - main - DEBUG - Getting table names from datalogger
2024-07-05 07:53:36,861 - main - INFO - Retrieving data from logger for time range: start=2024-07-05 06:53:36.861674, stop=2024-07-05 07:53:36.861674
2024-07-05 07:53:36,862 - main - DEBUG - Getting data from datalogger
2024-07-05 07:53:38,234 - main - INFO - Retrieved 60 data points
2024-07-05 07:53:38,235 - main - DEBUG - Sample of retrieved data: [{"TIMESTAMP": "2024-07-05 06:54:00", "RecNbr": 2598, "BatV": 12.84, "PanelTempC": 23.55, "IRT5023A1xx24": 22.264232635498047, "IRT5020A3xx24": 26.075695037841797, "IRT5018A3xx24": -1.51580810546875, "TDR5023A10624": 0.17600120604038239, "TDR5023A11824": 0.276476114988327, "TDR5023A13024": 0.14117643237113953, "TDR5023A14224": 0.2053002417087555, "TDR5026A20624": 0.42541080713272095, "TDR5026A21824": 0.24761775135993958, "TDR5026A23024": 0.28425413370132446, "TDR5027A40624": 0.28430289030075073, "TDR5027A41824": 0.2892898917198181, "TDR5027A43024": 0.08901550620794296, "DEN5023A1xx24": 2.4308857917785645}, {"TIMESTAMP": "2024-07-05 06:55:00", "RecNbr": 2599, "BatV": 12.84, "PanelTempC": 23.58, "IRT5023A1xx24": 11.50440788269043, "IRT5020A3xx24": 18.30219268798828, "IRT5018A3xx24": -6.338387966156006, "TDR5023A10624": 0.04791080206632614, "TDR5023A11824": 0.3461795151233673, "TDR5023A13024": 0.07717231661081314, "TDR5023A14224": 0.23731517791748047, "TDR5026A20624": 0.05240543931722641, "TDR5026A21824": 0.325514018535614, "TDR5026A23024": 0.012639181688427925, "TDR5027A40624": 0.15250606834888458, "TDR5027A41824": 0.17384137213230133, "TDR5027A43024": 0.3326265811920166, "DEN5023A1xx24": 2.321122884750366}]
2024-07-05 07:53:38,236 - main - INFO - Latest timestamp from logger: 2024-07-05 07:53:00
2024-07-05 07:53:38,240 - main - DEBUG - Latest data point: {"TIMESTAMP": "2024-07-05 07:53:00", "RecNbr": 2657, "BatV": 12.84, "PanelTempC": 24.28, "IRT5023A1xx24": 25.74850082397461, "IRT5020A3xx24": 32.32896041870117, "IRT5018A3xx24": 26.791336059570312, "TDR5023A10624": 0.4882631003856659, "TDR5023A11824": 0.22385470569133759, "TDR5023A13024": 0.0678548812866211, "TDR5023A14224": 0.35885974764823914, "TDR5026A20624": 0.2104480117559433, "TDR5026A21824": 0.4345783293247223, "TDR5026A23024": 0.020549623295664787, "TDR5027A40624": 0.4769565761089325, "TDR5027A41824": 0.4762979745864868, "TDR5027A43024": 0.48359036445617676, "DEN5023A1xx24": 7.6513824462890625}
2024-07-05 07:53:38,241 - main - DEBUG - Setting up database
2024-07-05 07:53:38,246 - main - DEBUG - Inserting data into database
2024-07-05 07:53:38,289 - main - DEBUG - Sending data via LoRa
2024-07-05 07:53:38,294 - main - ERROR - An error occurred in the main process: 'lora'
2024-07-05 07:53:38,296 - main - ERROR - Traceback (most recent call last):
  File "/home/span2node-a/Desktop/Logger_Lora/main.py", line 92, in main
    send_lora_data(latest_data, config["lora"], sensor_metadata, clip_floats=config.get("clip_floats", False))
  File "/home/span2node-a/Desktop/Logger_Lora/src/lora_functions.py", line 52, in send_lora_data
    lora_manager = LoRaManager(config['lora'])
KeyError: 'lora'

2024-07-05 07:55:09,798 - main - INFO - Starting main process
2024-07-05 07:55:09,832 - main - INFO - Running on Node LINEAR_CORN_A
2024-07-05 07:55:09,832 - main - DEBUG - Project root: /home/span2node-a/Desktop/Logger_Lora
2024-07-05 07:55:09,833 - main - DEBUG - Sensor metadata path: /home/span2node-a/Desktop/Logger_Lora/config/sensor_mapping.yaml
2024-07-05 07:55:10,301 - main - INFO - Loaded metadata for 44 sensors
2024-07-05 07:55:21,429 - main - INFO - Retrieving data from logger for time range: start=2024-07-05 06:55:21.429022, stop=2024-07-05 07:55:21.429022
2024-07-05 07:55:22,797 - main - INFO - Retrieved 60 data points
2024-07-05 07:55:22,798 - main - DEBUG - Sample of retrieved data: [{"TIMESTAMP": "2024-07-05 06:56:00", "RecNbr": 2600, "BatV": 12.84, "PanelTempC": 23.58, "IRT5023A1xx24": 33.31914138793945, "IRT5020A3xx24": 28.954971313476562, "IRT5018A3xx24": -5.841698169708252, "TDR5023A10624": 0.3680900037288666, "TDR5023A11824": 0.3518107831478119, "TDR5023A13024": 0.06106802448630333, "TDR5023A14224": 0.46416664123535156, "TDR5026A20624": 0.3394714295864105, "TDR5026A21824": 0.24331273138523102, "TDR5026A23024": 0.11115538328886032, "TDR5027A40624": 0.27136239409446716, "TDR5027A41824": 0.19221358001232147, "TDR5027A43024": 0.17037823796272278, "DEN5023A1xx24": 7.364411354064941}, {"TIMESTAMP": "2024-07-05 06:57:00", "RecNbr": 2601, "BatV": 12.84, "PanelTempC": 23.61, "IRT5023A1xx24": -0.1741962432861328, "IRT5020A3xx24": 16.5405330657959, "IRT5018A3xx24": 35.11664962768555, "TDR5023A10624": 0.11355975270271301, "TDR5023A11824": 0.02423923835158348, "TDR5023A13024": 0.22254571318626404, "TDR5023A14224": 0.0012733587063848972, "TDR5026A20624": 0.37440788745880127, "TDR5026A21824": 0.16304142773151398, "TDR5026A23024": 0.07218099385499954, "TDR5027A40624": 0.25538262724876404, "TDR5027A41824": 0.11654791235923767, "TDR5027A43024": 0.464559406042099, "DEN5023A1xx24": 8.476995468139648}]
2024-07-05 07:55:22,799 - main - INFO - Latest timestamp from logger: 2024-07-05 07:55:00
2024-07-05 07:55:22,800 - main - DEBUG - Latest data point: {"TIMESTAMP": "2024-07-05 07:55:00", "RecNbr": 2659, "BatV": 12.84, "PanelTempC": 24.3, "IRT5023A1xx24": 6.051885604858398, "IRT5020A3xx24": 23.957881927490234, "IRT5018A3xx24": 31.741092681884766, "TDR5023A10624": 0.2520312964916229, "TDR5023A11824": 0.49562492966651917, "TDR5023A13024": 0.1379367560148239, "TDR5023A14224": 0.4988482594490051, "TDR5026A20624": 0.43460649251937866, "TDR5026A21824": 0.058679062873125076, "TDR5026A23024": 0.1367797553539276, "TDR5027A40624": 0.282858282327652, "TDR5027A41824": 0.22083888947963715, "TDR5027A43024": 0.35957100987434387, "DEN5023A1xx24": 2.113065481185913}
2024-07-05 07:57:31,088 - main - INFO - Data processing and transmission successful!
