2024-07-05 15:18:59,798 - utils - INFO - Loaded configuration for Node LINEAR_CORN_A
2024-07-05 15:18:59,799 - utils - INFO - Database will be stored at: data/LINEAR_CORN_A.db
2024-07-05 15:18:59,800 - utils - INFO - Clip floats option set to: True
2024-07-05 15:19:00,381 - utils - DEBUG - Attempting to load sensor metadata from: /home/span2node-a/Desktop/Logger_Lora/config/sensor_mapping.yaml
2024-07-05 15:19:00,381 - utils - DEBUG - Attempting to load sensor metadata from: /home/span2node-a/Desktop/Logger_Lora/config/sensor_mapping.yaml
2024-07-05 15:19:00,548 - utils - INFO - Sensor metadata loaded from /home/span2node-a/Desktop/Logger_Lora/config/sensor_mapping.yaml
2024-07-05 15:19:00,548 - utils - INFO - Sensor metadata loaded from /home/span2node-a/Desktop/Logger_Lora/config/sensor_mapping.yaml
2024-07-05 15:19:25,272 - utils - WARNING - No hash found for sensor_id: TIMESTAMP
2024-07-05 15:19:25,272 - utils - WARNING - No hash found for sensor_id: TIMESTAMP
2024-07-05 15:19:25,272 - utils - WARNING - No hash found for sensor_id: TIMESTAMP
2024-07-05 15:19:25,274 - utils - WARNING - No hash found for sensor_id: RecNbr
2024-07-05 15:19:25,274 - utils - WARNING - No hash found for sensor_id: RecNbr
2024-07-05 15:19:25,274 - utils - WARNING - No hash found for sensor_id: RecNbr
2024-07-05 15:19:25,274 - utils - WARNING - No hash found for sensor_id: RecNbr
2024-07-05 15:19:25,276 - utils - WARNING - No hash found for sensor_id: BatV
2024-07-05 15:19:25,276 - utils - WARNING - No hash found for sensor_id: BatV
2024-07-05 15:19:25,276 - utils - WARNING - No hash found for sensor_id: BatV
2024-07-05 15:19:25,276 - utils - WARNING - No hash found for sensor_id: BatV
2024-07-05 15:19:25,276 - utils - WARNING - No hash found for sensor_id: BatV
2024-07-05 15:19:25,278 - utils - WARNING - No hash found for sensor_id: PanelTempC
2024-07-05 15:19:25,278 - utils - WARNING - No hash found for sensor_id: PanelTempC
2024-07-05 15:19:25,278 - utils - WARNING - No hash found for sensor_id: PanelTempC
2024-07-05 15:19:25,278 - utils - WARNING - No hash found for sensor_id: PanelTempC
2024-07-05 15:19:25,278 - utils - WARNING - No hash found for sensor_id: PanelTempC
2024-07-05 15:19:25,278 - utils - WARNING - No hash found for sensor_id: PanelTempC
2024-07-05 15:19:25,282 - utils - DEBUG - Hash found for sensor_id: IRT5023A1xx24
2024-07-05 15:19:25,282 - utils - DEBUG - Hash found for sensor_id: IRT5023A1xx24
2024-07-05 15:19:25,282 - utils - DEBUG - Hash found for sensor_id: IRT5023A1xx24
2024-07-05 15:19:25,282 - utils - DEBUG - Hash found for sensor_id: IRT5023A1xx24
2024-07-05 15:19:25,282 - utils - DEBUG - Hash found for sensor_id: IRT5023A1xx24
2024-07-05 15:19:25,282 - utils - DEBUG - Hash found for sensor_id: IRT5023A1xx24
2024-07-05 15:19:25,282 - utils - DEBUG - Hash found for sensor_id: IRT5023A1xx24
2024-07-05 15:19:25,285 - utils - DEBUG - Hash found for sensor_id: IRT5023A1xx24
2024-07-05 15:19:25,285 - utils - DEBUG - Hash found for sensor_id: IRT5023A1xx24
2024-07-05 15:19:25,285 - utils - DEBUG - Hash found for sensor_id: IRT5023A1xx24
2024-07-05 15:19:25,285 - utils - DEBUG - Hash found for sensor_id: IRT5023A1xx24
2024-07-05 15:19:25,285 - utils - DEBUG - Hash found for sensor_id: IRT5023A1xx24
2024-07-05 15:19:25,285 - utils - DEBUG - Hash found for sensor_id: IRT5023A1xx24
2024-07-05 15:19:25,285 - utils - DEBUG - Hash found for sensor_id: IRT5023A1xx24
2024-07-05 15:19:25,285 - utils - DEBUG - Hash found for sensor_id: IRT5023A1xx24
2024-07-05 15:19:25,289 - utils - DEBUG - Hash found for sensor_id: IRT5020A3xx24
2024-07-05 15:19:25,289 - utils - DEBUG - Hash found for sensor_id: IRT5020A3xx24
2024-07-05 15:19:25,289 - utils - DEBUG - Hash found for sensor_id: IRT5020A3xx24
2024-07-05 15:19:25,289 - utils - DEBUG - Hash found for sensor_id: IRT5020A3xx24
2024-07-05 15:19:25,289 - utils - DEBUG - Hash found for sensor_id: IRT5020A3xx24
2024-07-05 15:19:25,289 - utils - DEBUG - Hash found for sensor_id: IRT5020A3xx24
2024-07-05 15:19:25,289 - utils - DEBUG - Hash found for sensor_id: IRT5020A3xx24
2024-07-05 15:19:25,289 - utils - DEBUG - Hash found for sensor_id: IRT5020A3xx24
2024-07-05 15:19:25,289 - utils - DEBUG - Hash found for sensor_id: IRT5020A3xx24
2024-07-05 15:19:25,293 - utils - DEBUG - Hash found for sensor_id: IRT5020A3xx24
2024-07-05 15:19:25,293 - utils - DEBUG - Hash found for sensor_id: IRT5020A3xx24
2024-07-05 15:19:25,293 - utils - DEBUG - Hash found for sensor_id: IRT5020A3xx24
2024-07-05 15:19:25,293 - utils - DEBUG - Hash found for sensor_id: IRT5020A3xx24
2024-07-05 15:19:25,293 - utils - DEBUG - Hash found for sensor_id: IRT5020A3xx24
2024-07-05 15:19:25,293 - utils - DEBUG - Hash found for sensor_id: IRT5020A3xx24
2024-07-05 15:19:25,293 - utils - DEBUG - Hash found for sensor_id: IRT5020A3xx24
2024-07-05 15:19:25,293 - utils - DEBUG - Hash found for sensor_id: IRT5020A3xx24
2024-07-05 15:19:25,293 - utils - DEBUG - Hash found for sensor_id: IRT5020A3xx24
2024-07-05 15:19:25,293 - utils - DEBUG - Hash found for sensor_id: IRT5020A3xx24
2024-07-05 15:19:25,297 - utils - DEBUG - Hash found for sensor_id: IRT5018A3xx24
2024-07-05 15:19:25,297 - utils - DEBUG - Hash found for sensor_id: IRT5018A3xx24
2024-07-05 15:19:25,297 - utils - DEBUG - Hash found for sensor_id: IRT5018A3xx24
2024-07-05 15:19:25,297 - utils - DEBUG - Hash found for sensor_id: IRT5018A3xx24
2024-07-05 15:19:25,297 - utils - DEBUG - Hash found for sensor_id: IRT5018A3xx24
2024-07-05 15:19:25,297 - utils - DEBUG - Hash found for sensor_id: IRT5018A3xx24
2024-07-05 15:19:25,297 - utils - DEBUG - Hash found for sensor_id: IRT5018A3xx24
2024-07-05 15:19:25,297 - utils - DEBUG - Hash found for sensor_id: IRT5018A3xx24
2024-07-05 15:19:25,297 - utils - DEBUG - Hash found for sensor_id: IRT5018A3xx24
2024-07-05 15:19:25,297 - utils - DEBUG - Hash found for sensor_id: IRT5018A3xx24
2024-07-05 15:19:25,297 - utils - DEBUG - Hash found for sensor_id: IRT5018A3xx24
2024-07-05 15:19:25,300 - utils - DEBUG - Hash found for sensor_id: IRT5018A3xx24
2024-07-05 15:19:25,300 - utils - DEBUG - Hash found for sensor_id: IRT5018A3xx24
2024-07-05 15:19:25,300 - utils - DEBUG - Hash found for sensor_id: IRT5018A3xx24
2024-07-05 15:19:25,300 - utils - DEBUG - Hash found for sensor_id: IRT5018A3xx24
2024-07-05 15:19:25,300 - utils - DEBUG - Hash found for sensor_id: IRT5018A3xx24
2024-07-05 15:19:25,300 - utils - DEBUG - Hash found for sensor_id: IRT5018A3xx24
2024-07-05 15:19:25,300 - utils - DEBUG - Hash found for sensor_id: IRT5018A3xx24
2024-07-05 15:19:25,300 - utils - DEBUG - Hash found for sensor_id: IRT5018A3xx24
2024-07-05 15:19:25,300 - utils - DEBUG - Hash found for sensor_id: IRT5018A3xx24
2024-07-05 15:19:25,300 - utils - DEBUG - Hash found for sensor_id: IRT5018A3xx24
2024-07-05 15:19:25,300 - utils - DEBUG - Hash found for sensor_id: IRT5018A3xx24
2024-07-05 15:19:25,300 - utils - DEBUG - Hash found for sensor_id: IRT5018A3xx24
2024-07-05 15:19:25,304 - utils - DEBUG - Hash found for sensor_id: TDR5023A10624
2024-07-05 15:19:25,304 - utils - DEBUG - Hash found for sensor_id: TDR5023A10624
2024-07-05 15:19:25,304 - utils - DEBUG - Hash found for sensor_id: TDR5023A10624
2024-07-05 15:19:25,304 - utils - DEBUG - Hash found for sensor_id: TDR5023A10624
2024-07-05 15:19:25,304 - utils - DEBUG - Hash found for sensor_id: TDR5023A10624
2024-07-05 15:19:25,304 - utils - DEBUG - Hash found for sensor_id: TDR5023A10624
2024-07-05 15:19:25,304 - utils - DEBUG - Hash found for sensor_id: TDR5023A10624
2024-07-05 15:19:25,304 - utils - DEBUG - Hash found for sensor_id: TDR5023A10624
2024-07-05 15:19:25,304 - utils - DEBUG - Hash found for sensor_id: TDR5023A10624
2024-07-05 15:19:25,304 - utils - DEBUG - Hash found for sensor_id: TDR5023A10624
2024-07-05 15:19:25,304 - utils - DEBUG - Hash found for sensor_id: TDR5023A10624
2024-07-05 15:19:25,304 - utils - DEBUG - Hash found for sensor_id: TDR5023A10624
2024-07-05 15:19:25,304 - utils - DEBUG - Hash found for sensor_id: TDR5023A10624
2024-07-05 15:19:25,307 - utils - DEBUG - Hash found for sensor_id: TDR5023A10624
2024-07-05 15:19:25,307 - utils - DEBUG - Hash found for sensor_id: TDR5023A10624
2024-07-05 15:19:25,307 - utils - DEBUG - Hash found for sensor_id: TDR5023A10624
2024-07-05 15:19:25,307 - utils - DEBUG - Hash found for sensor_id: TDR5023A10624
2024-07-05 15:19:25,307 - utils - DEBUG - Hash found for sensor_id: TDR5023A10624
2024-07-05 15:19:25,307 - utils - DEBUG - Hash found for sensor_id: TDR5023A10624
2024-07-05 15:19:25,307 - utils - DEBUG - Hash found for sensor_id: TDR5023A10624
2024-07-05 15:19:25,307 - utils - DEBUG - Hash found for sensor_id: TDR5023A10624
2024-07-05 15:19:25,307 - utils - DEBUG - Hash found for sensor_id: TDR5023A10624
2024-07-05 15:19:25,307 - utils - DEBUG - Hash found for sensor_id: TDR5023A10624
2024-07-05 15:19:25,307 - utils - DEBUG - Hash found for sensor_id: TDR5023A10624
2024-07-05 15:19:25,307 - utils - DEBUG - Hash found for sensor_id: TDR5023A10624
2024-07-05 15:19:25,307 - utils - DEBUG - Hash found for sensor_id: TDR5023A10624
2024-07-05 15:19:25,307 - utils - DEBUG - Hash found for sensor_id: TDR5023A10624
2024-07-05 15:19:25,311 - utils - DEBUG - Hash found for sensor_id: TDR5023A11824
2024-07-05 15:19:25,311 - utils - DEBUG - Hash found for sensor_id: TDR5023A11824
2024-07-05 15:19:25,311 - utils - DEBUG - Hash found for sensor_id: TDR5023A11824
2024-07-05 15:19:25,311 - utils - DEBUG - Hash found for sensor_id: TDR5023A11824
2024-07-05 15:19:25,311 - utils - DEBUG - Hash found for sensor_id: TDR5023A11824
2024-07-05 15:19:25,311 - utils - DEBUG - Hash found for sensor_id: TDR5023A11824
2024-07-05 15:19:25,311 - utils - DEBUG - Hash found for sensor_id: TDR5023A11824
2024-07-05 15:19:25,311 - utils - DEBUG - Hash found for sensor_id: TDR5023A11824
2024-07-05 15:19:25,311 - utils - DEBUG - Hash found for sensor_id: TDR5023A11824
2024-07-05 15:19:25,311 - utils - DEBUG - Hash found for sensor_id: TDR5023A11824
2024-07-05 15:19:25,311 - utils - DEBUG - Hash found for sensor_id: TDR5023A11824
2024-07-05 15:19:25,311 - utils - DEBUG - Hash found for sensor_id: TDR5023A11824
2024-07-05 15:19:25,311 - utils - DEBUG - Hash found for sensor_id: TDR5023A11824
2024-07-05 15:19:25,311 - utils - DEBUG - Hash found for sensor_id: TDR5023A11824
2024-07-05 15:19:25,311 - utils - DEBUG - Hash found for sensor_id: TDR5023A11824
2024-07-05 15:19:25,315 - utils - DEBUG - Hash found for sensor_id: TDR5023A11824
2024-07-05 15:19:25,315 - utils - DEBUG - Hash found for sensor_id: TDR5023A11824
2024-07-05 15:19:25,315 - utils - DEBUG - Hash found for sensor_id: TDR5023A11824
2024-07-05 15:19:25,315 - utils - DEBUG - Hash found for sensor_id: TDR5023A11824
2024-07-05 15:19:25,315 - utils - DEBUG - Hash found for sensor_id: TDR5023A11824
2024-07-05 15:19:25,315 - utils - DEBUG - Hash found for sensor_id: TDR5023A11824
2024-07-05 15:19:25,315 - utils - DEBUG - Hash found for sensor_id: TDR5023A11824
2024-07-05 15:19:25,315 - utils - DEBUG - Hash found for sensor_id: TDR5023A11824
2024-07-05 15:19:25,315 - utils - DEBUG - Hash found for sensor_id: TDR5023A11824
2024-07-05 15:19:25,315 - utils - DEBUG - Hash found for sensor_id: TDR5023A11824
2024-07-05 15:19:25,315 - utils - DEBUG - Hash found for sensor_id: TDR5023A11824
2024-07-05 15:19:25,315 - utils - DEBUG - Hash found for sensor_id: TDR5023A11824
2024-07-05 15:19:25,315 - utils - DEBUG - Hash found for sensor_id: TDR5023A11824
2024-07-05 15:19:25,315 - utils - DEBUG - Hash found for sensor_id: TDR5023A11824
2024-07-05 15:19:25,315 - utils - DEBUG - Hash found for sensor_id: TDR5023A11824
2024-07-05 15:19:25,315 - utils - DEBUG - Hash found for sensor_id: TDR5023A11824
2024-07-05 15:19:25,320 - utils - DEBUG - Hash found for sensor_id: TDR5023A13024
2024-07-05 15:19:25,320 - utils - DEBUG - Hash found for sensor_id: TDR5023A13024
2024-07-05 15:19:25,320 - utils - DEBUG - Hash found for sensor_id: TDR5023A13024
2024-07-05 15:19:25,320 - utils - DEBUG - Hash found for sensor_id: TDR5023A13024
2024-07-05 15:19:25,320 - utils - DEBUG - Hash found for sensor_id: TDR5023A13024
2024-07-05 15:19:25,320 - utils - DEBUG - Hash found for sensor_id: TDR5023A13024
2024-07-05 15:19:25,320 - utils - DEBUG - Hash found for sensor_id: TDR5023A13024
2024-07-05 15:19:25,320 - utils - DEBUG - Hash found for sensor_id: TDR5023A13024
2024-07-05 15:19:25,320 - utils - DEBUG - Hash found for sensor_id: TDR5023A13024
2024-07-05 15:19:25,320 - utils - DEBUG - Hash found for sensor_id: TDR5023A13024
2024-07-05 15:19:25,320 - utils - DEBUG - Hash found for sensor_id: TDR5023A13024
2024-07-05 15:19:25,320 - utils - DEBUG - Hash found for sensor_id: TDR5023A13024
2024-07-05 15:19:25,320 - utils - DEBUG - Hash found for sensor_id: TDR5023A13024
2024-07-05 15:19:25,320 - utils - DEBUG - Hash found for sensor_id: TDR5023A13024
2024-07-05 15:19:25,320 - utils - DEBUG - Hash found for sensor_id: TDR5023A13024
2024-07-05 15:19:25,320 - utils - DEBUG - Hash found for sensor_id: TDR5023A13024
2024-07-05 15:19:25,320 - utils - DEBUG - Hash found for sensor_id: TDR5023A13024
2024-07-05 15:19:25,325 - utils - DEBUG - Hash found for sensor_id: TDR5023A13024
2024-07-05 15:19:25,325 - utils - DEBUG - Hash found for sensor_id: TDR5023A13024
2024-07-05 15:19:25,325 - utils - DEBUG - Hash found for sensor_id: TDR5023A13024
2024-07-05 15:19:25,325 - utils - DEBUG - Hash found for sensor_id: TDR5023A13024
2024-07-05 15:19:25,325 - utils - DEBUG - Hash found for sensor_id: TDR5023A13024
2024-07-05 15:19:25,325 - utils - DEBUG - Hash found for sensor_id: TDR5023A13024
2024-07-05 15:19:25,325 - utils - DEBUG - Hash found for sensor_id: TDR5023A13024
2024-07-05 15:19:25,325 - utils - DEBUG - Hash found for sensor_id: TDR5023A13024
2024-07-05 15:19:25,325 - utils - DEBUG - Hash found for sensor_id: TDR5023A13024
2024-07-05 15:19:25,325 - utils - DEBUG - Hash found for sensor_id: TDR5023A13024
2024-07-05 15:19:25,325 - utils - DEBUG - Hash found for sensor_id: TDR5023A13024
2024-07-05 15:19:25,325 - utils - DEBUG - Hash found for sensor_id: TDR5023A13024
2024-07-05 15:19:25,325 - utils - DEBUG - Hash found for sensor_id: TDR5023A13024
2024-07-05 15:19:25,325 - utils - DEBUG - Hash found for sensor_id: TDR5023A13024
2024-07-05 15:19:25,325 - utils - DEBUG - Hash found for sensor_id: TDR5023A13024
2024-07-05 15:19:25,325 - utils - DEBUG - Hash found for sensor_id: TDR5023A13024
2024-07-05 15:19:25,325 - utils - DEBUG - Hash found for sensor_id: TDR5023A13024
2024-07-05 15:19:25,325 - utils - DEBUG - Hash found for sensor_id: TDR5023A13024
2024-07-05 15:19:25,331 - utils - DEBUG - Hash found for sensor_id: TDR5023A14224
2024-07-05 15:19:25,331 - utils - DEBUG - Hash found for sensor_id: TDR5023A14224
2024-07-05 15:19:25,331 - utils - DEBUG - Hash found for sensor_id: TDR5023A14224
2024-07-05 15:19:25,331 - utils - DEBUG - Hash found for sensor_id: TDR5023A14224
2024-07-05 15:19:25,331 - utils - DEBUG - Hash found for sensor_id: TDR5023A14224
2024-07-05 15:19:25,331 - utils - DEBUG - Hash found for sensor_id: TDR5023A14224
2024-07-05 15:19:25,331 - utils - DEBUG - Hash found for sensor_id: TDR5023A14224
2024-07-05 15:19:25,331 - utils - DEBUG - Hash found for sensor_id: TDR5023A14224
2024-07-05 15:19:25,331 - utils - DEBUG - Hash found for sensor_id: TDR5023A14224
2024-07-05 15:19:25,331 - utils - DEBUG - Hash found for sensor_id: TDR5023A14224
2024-07-05 15:19:25,331 - utils - DEBUG - Hash found for sensor_id: TDR5023A14224
2024-07-05 15:19:25,331 - utils - DEBUG - Hash found for sensor_id: TDR5023A14224
2024-07-05 15:19:25,331 - utils - DEBUG - Hash found for sensor_id: TDR5023A14224
2024-07-05 15:19:25,331 - utils - DEBUG - Hash found for sensor_id: TDR5023A14224
2024-07-05 15:19:25,331 - utils - DEBUG - Hash found for sensor_id: TDR5023A14224
2024-07-05 15:19:25,331 - utils - DEBUG - Hash found for sensor_id: TDR5023A14224
2024-07-05 15:19:25,331 - utils - DEBUG - Hash found for sensor_id: TDR5023A14224
2024-07-05 15:19:25,331 - utils - DEBUG - Hash found for sensor_id: TDR5023A14224
2024-07-05 15:19:25,331 - utils - DEBUG - Hash found for sensor_id: TDR5023A14224
2024-07-05 15:19:25,337 - utils - DEBUG - Hash found for sensor_id: TDR5023A14224
2024-07-05 15:19:25,337 - utils - DEBUG - Hash found for sensor_id: TDR5023A14224
2024-07-05 15:19:25,337 - utils - DEBUG - Hash found for sensor_id: TDR5023A14224
2024-07-05 15:19:25,337 - utils - DEBUG - Hash found for sensor_id: TDR5023A14224
2024-07-05 15:19:25,337 - utils - DEBUG - Hash found for sensor_id: TDR5023A14224
2024-07-05 15:19:25,337 - utils - DEBUG - Hash found for sensor_id: TDR5023A14224
2024-07-05 15:19:25,337 - utils - DEBUG - Hash found for sensor_id: TDR5023A14224
2024-07-05 15:19:25,337 - utils - DEBUG - Hash found for sensor_id: TDR5023A14224
2024-07-05 15:19:25,337 - utils - DEBUG - Hash found for sensor_id: TDR5023A14224
2024-07-05 15:19:25,337 - utils - DEBUG - Hash found for sensor_id: TDR5023A14224
2024-07-05 15:19:25,337 - utils - DEBUG - Hash found for sensor_id: TDR5023A14224
2024-07-05 15:19:25,337 - utils - DEBUG - Hash found for sensor_id: TDR5023A14224
2024-07-05 15:19:25,337 - utils - DEBUG - Hash found for sensor_id: TDR5023A14224
2024-07-05 15:19:25,337 - utils - DEBUG - Hash found for sensor_id: TDR5023A14224
2024-07-05 15:19:25,337 - utils - DEBUG - Hash found for sensor_id: TDR5023A14224
2024-07-05 15:19:25,337 - utils - DEBUG - Hash found for sensor_id: TDR5023A14224
2024-07-05 15:19:25,337 - utils - DEBUG - Hash found for sensor_id: TDR5023A14224
2024-07-05 15:19:25,337 - utils - DEBUG - Hash found for sensor_id: TDR5023A14224
2024-07-05 15:19:25,337 - utils - DEBUG - Hash found for sensor_id: TDR5023A14224
2024-07-05 15:19:25,337 - utils - DEBUG - Hash found for sensor_id: TDR5023A14224
2024-07-05 15:19:25,345 - utils - DEBUG - Hash found for sensor_id: TDR5026A20624
2024-07-05 15:19:25,345 - utils - DEBUG - Hash found for sensor_id: TDR5026A20624
2024-07-05 15:19:25,345 - utils - DEBUG - Hash found for sensor_id: TDR5026A20624
2024-07-05 15:19:25,345 - utils - DEBUG - Hash found for sensor_id: TDR5026A20624
2024-07-05 15:19:25,345 - utils - DEBUG - Hash found for sensor_id: TDR5026A20624
2024-07-05 15:19:25,345 - utils - DEBUG - Hash found for sensor_id: TDR5026A20624
2024-07-05 15:19:25,345 - utils - DEBUG - Hash found for sensor_id: TDR5026A20624
2024-07-05 15:19:25,345 - utils - DEBUG - Hash found for sensor_id: TDR5026A20624
2024-07-05 15:19:25,345 - utils - DEBUG - Hash found for sensor_id: TDR5026A20624
2024-07-05 15:19:25,345 - utils - DEBUG - Hash found for sensor_id: TDR5026A20624
2024-07-05 15:19:25,345 - utils - DEBUG - Hash found for sensor_id: TDR5026A20624
2024-07-05 15:19:25,345 - utils - DEBUG - Hash found for sensor_id: TDR5026A20624
2024-07-05 15:19:25,345 - utils - DEBUG - Hash found for sensor_id: TDR5026A20624
2024-07-05 15:19:25,345 - utils - DEBUG - Hash found for sensor_id: TDR5026A20624
2024-07-05 15:19:25,345 - utils - DEBUG - Hash found for sensor_id: TDR5026A20624
2024-07-05 15:19:25,345 - utils - DEBUG - Hash found for sensor_id: TDR5026A20624
2024-07-05 15:19:25,345 - utils - DEBUG - Hash found for sensor_id: TDR5026A20624
2024-07-05 15:19:25,345 - utils - DEBUG - Hash found for sensor_id: TDR5026A20624
2024-07-05 15:19:25,345 - utils - DEBUG - Hash found for sensor_id: TDR5026A20624
2024-07-05 15:19:25,345 - utils - DEBUG - Hash found for sensor_id: TDR5026A20624
2024-07-05 15:19:25,345 - utils - DEBUG - Hash found for sensor_id: TDR5026A20624
2024-07-05 15:19:25,352 - utils - DEBUG - Hash found for sensor_id: TDR5026A20624
2024-07-05 15:19:25,352 - utils - DEBUG - Hash found for sensor_id: TDR5026A20624
2024-07-05 15:19:25,352 - utils - DEBUG - Hash found for sensor_id: TDR5026A20624
2024-07-05 15:19:25,352 - utils - DEBUG - Hash found for sensor_id: TDR5026A20624
2024-07-05 15:19:25,352 - utils - DEBUG - Hash found for sensor_id: TDR5026A20624
2024-07-05 15:19:25,352 - utils - DEBUG - Hash found for sensor_id: TDR5026A20624
2024-07-05 15:19:25,352 - utils - DEBUG - Hash found for sensor_id: TDR5026A20624
2024-07-05 15:19:25,352 - utils - DEBUG - Hash found for sensor_id: TDR5026A20624
2024-07-05 15:19:25,352 - utils - DEBUG - Hash found for sensor_id: TDR5026A20624
2024-07-05 15:19:25,352 - utils - DEBUG - Hash found for sensor_id: TDR5026A20624
2024-07-05 15:19:25,352 - utils - DEBUG - Hash found for sensor_id: TDR5026A20624
2024-07-05 15:19:25,352 - utils - DEBUG - Hash found for sensor_id: TDR5026A20624
2024-07-05 15:19:25,352 - utils - DEBUG - Hash found for sensor_id: TDR5026A20624
2024-07-05 15:19:25,352 - utils - DEBUG - Hash found for sensor_id: TDR5026A20624
2024-07-05 15:19:25,352 - utils - DEBUG - Hash found for sensor_id: TDR5026A20624
2024-07-05 15:19:25,352 - utils - DEBUG - Hash found for sensor_id: TDR5026A20624
2024-07-05 15:19:25,352 - utils - DEBUG - Hash found for sensor_id: TDR5026A20624
2024-07-05 15:19:25,352 - utils - DEBUG - Hash found for sensor_id: TDR5026A20624
2024-07-05 15:19:25,352 - utils - DEBUG - Hash found for sensor_id: TDR5026A20624
2024-07-05 15:19:25,352 - utils - DEBUG - Hash found for sensor_id: TDR5026A20624
2024-07-05 15:19:25,352 - utils - DEBUG - Hash found for sensor_id: TDR5026A20624
2024-07-05 15:19:25,352 - utils - DEBUG - Hash found for sensor_id: TDR5026A20624
2024-07-05 15:19:25,359 - utils - DEBUG - Hash found for sensor_id: TDR5026A21824
2024-07-05 15:19:25,359 - utils - DEBUG - Hash found for sensor_id: TDR5026A21824
2024-07-05 15:19:25,359 - utils - DEBUG - Hash found for sensor_id: TDR5026A21824
2024-07-05 15:19:25,359 - utils - DEBUG - Hash found for sensor_id: TDR5026A21824
2024-07-05 15:19:25,359 - utils - DEBUG - Hash found for sensor_id: TDR5026A21824
2024-07-05 15:19:25,359 - utils - DEBUG - Hash found for sensor_id: TDR5026A21824
2024-07-05 15:19:25,359 - utils - DEBUG - Hash found for sensor_id: TDR5026A21824
2024-07-05 15:19:25,359 - utils - DEBUG - Hash found for sensor_id: TDR5026A21824
2024-07-05 15:19:25,359 - utils - DEBUG - Hash found for sensor_id: TDR5026A21824
2024-07-05 15:19:25,359 - utils - DEBUG - Hash found for sensor_id: TDR5026A21824
2024-07-05 15:19:25,359 - utils - DEBUG - Hash found for sensor_id: TDR5026A21824
2024-07-05 15:19:25,359 - utils - DEBUG - Hash found for sensor_id: TDR5026A21824
2024-07-05 15:19:25,359 - utils - DEBUG - Hash found for sensor_id: TDR5026A21824
2024-07-05 15:19:25,359 - utils - DEBUG - Hash found for sensor_id: TDR5026A21824
2024-07-05 15:19:25,359 - utils - DEBUG - Hash found for sensor_id: TDR5026A21824
2024-07-05 15:19:25,359 - utils - DEBUG - Hash found for sensor_id: TDR5026A21824
2024-07-05 15:19:25,359 - utils - DEBUG - Hash found for sensor_id: TDR5026A21824
2024-07-05 15:19:25,359 - utils - DEBUG - Hash found for sensor_id: TDR5026A21824
2024-07-05 15:19:25,359 - utils - DEBUG - Hash found for sensor_id: TDR5026A21824
2024-07-05 15:19:25,359 - utils - DEBUG - Hash found for sensor_id: TDR5026A21824
2024-07-05 15:19:25,359 - utils - DEBUG - Hash found for sensor_id: TDR5026A21824
2024-07-05 15:19:25,359 - utils - DEBUG - Hash found for sensor_id: TDR5026A21824
2024-07-05 15:19:25,359 - utils - DEBUG - Hash found for sensor_id: TDR5026A21824
2024-07-05 15:19:25,367 - utils - DEBUG - Hash found for sensor_id: TDR5026A21824
2024-07-05 15:19:25,367 - utils - DEBUG - Hash found for sensor_id: TDR5026A21824
2024-07-05 15:19:25,367 - utils - DEBUG - Hash found for sensor_id: TDR5026A21824
2024-07-05 15:19:25,367 - utils - DEBUG - Hash found for sensor_id: TDR5026A21824
2024-07-05 15:19:25,367 - utils - DEBUG - Hash found for sensor_id: TDR5026A21824
2024-07-05 15:19:25,367 - utils - DEBUG - Hash found for sensor_id: TDR5026A21824
2024-07-05 15:19:25,367 - utils - DEBUG - Hash found for sensor_id: TDR5026A21824
2024-07-05 15:19:25,367 - utils - DEBUG - Hash found for sensor_id: TDR5026A21824
2024-07-05 15:19:25,367 - utils - DEBUG - Hash found for sensor_id: TDR5026A21824
2024-07-05 15:19:25,367 - utils - DEBUG - Hash found for sensor_id: TDR5026A21824
2024-07-05 15:19:25,367 - utils - DEBUG - Hash found for sensor_id: TDR5026A21824
2024-07-05 15:19:25,367 - utils - DEBUG - Hash found for sensor_id: TDR5026A21824
2024-07-05 15:19:25,367 - utils - DEBUG - Hash found for sensor_id: TDR5026A21824
2024-07-05 15:19:25,367 - utils - DEBUG - Hash found for sensor_id: TDR5026A21824
2024-07-05 15:19:25,367 - utils - DEBUG - Hash found for sensor_id: TDR5026A21824
2024-07-05 15:19:25,367 - utils - DEBUG - Hash found for sensor_id: TDR5026A21824
2024-07-05 15:19:25,367 - utils - DEBUG - Hash found for sensor_id: TDR5026A21824
2024-07-05 15:19:25,367 - utils - DEBUG - Hash found for sensor_id: TDR5026A21824
2024-07-05 15:19:25,367 - utils - DEBUG - Hash found for sensor_id: TDR5026A21824
2024-07-05 15:19:25,367 - utils - DEBUG - Hash found for sensor_id: TDR5026A21824
2024-07-05 15:19:25,367 - utils - DEBUG - Hash found for sensor_id: TDR5026A21824
2024-07-05 15:19:25,367 - utils - DEBUG - Hash found for sensor_id: TDR5026A21824
2024-07-05 15:19:25,367 - utils - DEBUG - Hash found for sensor_id: TDR5026A21824
2024-07-05 15:19:25,367 - utils - DEBUG - Hash found for sensor_id: TDR5026A21824
2024-07-05 15:19:25,373 - utils - WARNING - No hash found for sensor_id: TDR5026A23024
2024-07-05 15:19:25,373 - utils - WARNING - No hash found for sensor_id: TDR5026A23024
2024-07-05 15:19:25,373 - utils - WARNING - No hash found for sensor_id: TDR5026A23024
2024-07-05 15:19:25,373 - utils - WARNING - No hash found for sensor_id: TDR5026A23024
2024-07-05 15:19:25,373 - utils - WARNING - No hash found for sensor_id: TDR5026A23024
2024-07-05 15:19:25,373 - utils - WARNING - No hash found for sensor_id: TDR5026A23024
2024-07-05 15:19:25,373 - utils - WARNING - No hash found for sensor_id: TDR5026A23024
2024-07-05 15:19:25,373 - utils - WARNING - No hash found for sensor_id: TDR5026A23024
2024-07-05 15:19:25,373 - utils - WARNING - No hash found for sensor_id: TDR5026A23024
2024-07-05 15:19:25,373 - utils - WARNING - No hash found for sensor_id: TDR5026A23024
2024-07-05 15:19:25,373 - utils - WARNING - No hash found for sensor_id: TDR5026A23024
2024-07-05 15:19:25,373 - utils - WARNING - No hash found for sensor_id: TDR5026A23024
2024-07-05 15:19:25,373 - utils - WARNING - No hash found for sensor_id: TDR5026A23024
2024-07-05 15:19:25,373 - utils - WARNING - No hash found for sensor_id: TDR5026A23024
2024-07-05 15:19:25,373 - utils - WARNING - No hash found for sensor_id: TDR5026A23024
2024-07-05 15:19:25,373 - utils - WARNING - No hash found for sensor_id: TDR5026A23024
2024-07-05 15:19:25,373 - utils - WARNING - No hash found for sensor_id: TDR5026A23024
2024-07-05 15:19:25,373 - utils - WARNING - No hash found for sensor_id: TDR5026A23024
2024-07-05 15:19:25,373 - utils - WARNING - No hash found for sensor_id: TDR5026A23024
2024-07-05 15:19:25,373 - utils - WARNING - No hash found for sensor_id: TDR5026A23024
2024-07-05 15:19:25,373 - utils - WARNING - No hash found for sensor_id: TDR5026A23024
2024-07-05 15:19:25,373 - utils - WARNING - No hash found for sensor_id: TDR5026A23024
2024-07-05 15:19:25,373 - utils - WARNING - No hash found for sensor_id: TDR5026A23024
2024-07-05 15:19:25,373 - utils - WARNING - No hash found for sensor_id: TDR5026A23024
2024-07-05 15:19:25,373 - utils - WARNING - No hash found for sensor_id: TDR5026A23024
2024-07-05 15:19:25,380 - utils - DEBUG - Hash found for sensor_id: TDR5027A40624
2024-07-05 15:19:25,380 - utils - DEBUG - Hash found for sensor_id: TDR5027A40624
2024-07-05 15:19:25,380 - utils - DEBUG - Hash found for sensor_id: TDR5027A40624
2024-07-05 15:19:25,380 - utils - DEBUG - Hash found for sensor_id: TDR5027A40624
2024-07-05 15:19:25,380 - utils - DEBUG - Hash found for sensor_id: TDR5027A40624
2024-07-05 15:19:25,380 - utils - DEBUG - Hash found for sensor_id: TDR5027A40624
2024-07-05 15:19:25,380 - utils - DEBUG - Hash found for sensor_id: TDR5027A40624
2024-07-05 15:19:25,380 - utils - DEBUG - Hash found for sensor_id: TDR5027A40624
2024-07-05 15:19:25,380 - utils - DEBUG - Hash found for sensor_id: TDR5027A40624
2024-07-05 15:19:25,380 - utils - DEBUG - Hash found for sensor_id: TDR5027A40624
2024-07-05 15:19:25,380 - utils - DEBUG - Hash found for sensor_id: TDR5027A40624
2024-07-05 15:19:25,380 - utils - DEBUG - Hash found for sensor_id: TDR5027A40624
2024-07-05 15:19:25,380 - utils - DEBUG - Hash found for sensor_id: TDR5027A40624
2024-07-05 15:19:25,380 - utils - DEBUG - Hash found for sensor_id: TDR5027A40624
2024-07-05 15:19:25,380 - utils - DEBUG - Hash found for sensor_id: TDR5027A40624
2024-07-05 15:19:25,380 - utils - DEBUG - Hash found for sensor_id: TDR5027A40624
2024-07-05 15:19:25,380 - utils - DEBUG - Hash found for sensor_id: TDR5027A40624
2024-07-05 15:19:25,380 - utils - DEBUG - Hash found for sensor_id: TDR5027A40624
2024-07-05 15:19:25,380 - utils - DEBUG - Hash found for sensor_id: TDR5027A40624
2024-07-05 15:19:25,380 - utils - DEBUG - Hash found for sensor_id: TDR5027A40624
2024-07-05 15:19:25,380 - utils - DEBUG - Hash found for sensor_id: TDR5027A40624
2024-07-05 15:19:25,380 - utils - DEBUG - Hash found for sensor_id: TDR5027A40624
2024-07-05 15:19:25,380 - utils - DEBUG - Hash found for sensor_id: TDR5027A40624
2024-07-05 15:19:25,380 - utils - DEBUG - Hash found for sensor_id: TDR5027A40624
2024-07-05 15:19:25,380 - utils - DEBUG - Hash found for sensor_id: TDR5027A40624
2024-07-05 15:19:25,380 - utils - DEBUG - Hash found for sensor_id: TDR5027A40624
2024-07-05 15:19:25,387 - utils - DEBUG - Hash found for sensor_id: TDR5027A40624
2024-07-05 15:19:25,387 - utils - DEBUG - Hash found for sensor_id: TDR5027A40624
2024-07-05 15:19:25,387 - utils - DEBUG - Hash found for sensor_id: TDR5027A40624
2024-07-05 15:19:25,387 - utils - DEBUG - Hash found for sensor_id: TDR5027A40624
2024-07-05 15:19:25,387 - utils - DEBUG - Hash found for sensor_id: TDR5027A40624
2024-07-05 15:19:25,387 - utils - DEBUG - Hash found for sensor_id: TDR5027A40624
2024-07-05 15:19:25,387 - utils - DEBUG - Hash found for sensor_id: TDR5027A40624
2024-07-05 15:19:25,387 - utils - DEBUG - Hash found for sensor_id: TDR5027A40624
2024-07-05 15:19:25,387 - utils - DEBUG - Hash found for sensor_id: TDR5027A40624
2024-07-05 15:19:25,387 - utils - DEBUG - Hash found for sensor_id: TDR5027A40624
2024-07-05 15:19:25,387 - utils - DEBUG - Hash found for sensor_id: TDR5027A40624
2024-07-05 15:19:25,387 - utils - DEBUG - Hash found for sensor_id: TDR5027A40624
2024-07-05 15:19:25,387 - utils - DEBUG - Hash found for sensor_id: TDR5027A40624
2024-07-05 15:19:25,387 - utils - DEBUG - Hash found for sensor_id: TDR5027A40624
2024-07-05 15:19:25,387 - utils - DEBUG - Hash found for sensor_id: TDR5027A40624
2024-07-05 15:19:25,387 - utils - DEBUG - Hash found for sensor_id: TDR5027A40624
2024-07-05 15:19:25,387 - utils - DEBUG - Hash found for sensor_id: TDR5027A40624
2024-07-05 15:19:25,387 - utils - DEBUG - Hash found for sensor_id: TDR5027A40624
2024-07-05 15:19:25,387 - utils - DEBUG - Hash found for sensor_id: TDR5027A40624
2024-07-05 15:19:25,387 - utils - DEBUG - Hash found for sensor_id: TDR5027A40624
2024-07-05 15:19:25,387 - utils - DEBUG - Hash found for sensor_id: TDR5027A40624
2024-07-05 15:19:25,387 - utils - DEBUG - Hash found for sensor_id: TDR5027A40624
2024-07-05 15:19:25,387 - utils - DEBUG - Hash found for sensor_id: TDR5027A40624
2024-07-05 15:19:25,387 - utils - DEBUG - Hash found for sensor_id: TDR5027A40624
2024-07-05 15:19:25,387 - utils - DEBUG - Hash found for sensor_id: TDR5027A40624
2024-07-05 15:19:25,387 - utils - DEBUG - Hash found for sensor_id: TDR5027A40624
2024-07-05 15:19:25,387 - utils - DEBUG - Hash found for sensor_id: TDR5027A40624
2024-07-05 15:19:25,394 - utils - DEBUG - Hash found for sensor_id: TDR5027A41824
2024-07-05 15:19:25,394 - utils - DEBUG - Hash found for sensor_id: TDR5027A41824
2024-07-05 15:19:25,394 - utils - DEBUG - Hash found for sensor_id: TDR5027A41824
2024-07-05 15:19:25,394 - utils - DEBUG - Hash found for sensor_id: TDR5027A41824
2024-07-05 15:19:25,394 - utils - DEBUG - Hash found for sensor_id: TDR5027A41824
2024-07-05 15:19:25,394 - utils - DEBUG - Hash found for sensor_id: TDR5027A41824
2024-07-05 15:19:25,394 - utils - DEBUG - Hash found for sensor_id: TDR5027A41824
2024-07-05 15:19:25,394 - utils - DEBUG - Hash found for sensor_id: TDR5027A41824
2024-07-05 15:19:25,394 - utils - DEBUG - Hash found for sensor_id: TDR5027A41824
2024-07-05 15:19:25,394 - utils - DEBUG - Hash found for sensor_id: TDR5027A41824
2024-07-05 15:19:25,394 - utils - DEBUG - Hash found for sensor_id: TDR5027A41824
2024-07-05 15:19:25,394 - utils - DEBUG - Hash found for sensor_id: TDR5027A41824
2024-07-05 15:19:25,394 - utils - DEBUG - Hash found for sensor_id: TDR5027A41824
2024-07-05 15:19:25,394 - utils - DEBUG - Hash found for sensor_id: TDR5027A41824
2024-07-05 15:19:25,394 - utils - DEBUG - Hash found for sensor_id: TDR5027A41824
2024-07-05 15:19:25,394 - utils - DEBUG - Hash found for sensor_id: TDR5027A41824
2024-07-05 15:19:25,394 - utils - DEBUG - Hash found for sensor_id: TDR5027A41824
2024-07-05 15:19:25,394 - utils - DEBUG - Hash found for sensor_id: TDR5027A41824
2024-07-05 15:19:25,394 - utils - DEBUG - Hash found for sensor_id: TDR5027A41824
2024-07-05 15:19:25,394 - utils - DEBUG - Hash found for sensor_id: TDR5027A41824
2024-07-05 15:19:25,394 - utils - DEBUG - Hash found for sensor_id: TDR5027A41824
2024-07-05 15:19:25,394 - utils - DEBUG - Hash found for sensor_id: TDR5027A41824
2024-07-05 15:19:25,394 - utils - DEBUG - Hash found for sensor_id: TDR5027A41824
2024-07-05 15:19:25,394 - utils - DEBUG - Hash found for sensor_id: TDR5027A41824
2024-07-05 15:19:25,394 - utils - DEBUG - Hash found for sensor_id: TDR5027A41824
2024-07-05 15:19:25,394 - utils - DEBUG - Hash found for sensor_id: TDR5027A41824
2024-07-05 15:19:25,394 - utils - DEBUG - Hash found for sensor_id: TDR5027A41824
2024-07-05 15:19:25,394 - utils - DEBUG - Hash found for sensor_id: TDR5027A41824
2024-07-05 15:19:25,401 - utils - DEBUG - Hash found for sensor_id: TDR5027A41824
2024-07-05 15:19:25,401 - utils - DEBUG - Hash found for sensor_id: TDR5027A41824
2024-07-05 15:19:25,401 - utils - DEBUG - Hash found for sensor_id: TDR5027A41824
2024-07-05 15:19:25,401 - utils - DEBUG - Hash found for sensor_id: TDR5027A41824
2024-07-05 15:19:25,401 - utils - DEBUG - Hash found for sensor_id: TDR5027A41824
2024-07-05 15:19:25,401 - utils - DEBUG - Hash found for sensor_id: TDR5027A41824
2024-07-05 15:19:25,401 - utils - DEBUG - Hash found for sensor_id: TDR5027A41824
2024-07-05 15:19:25,401 - utils - DEBUG - Hash found for sensor_id: TDR5027A41824
2024-07-05 15:19:25,401 - utils - DEBUG - Hash found for sensor_id: TDR5027A41824
2024-07-05 15:19:25,401 - utils - DEBUG - Hash found for sensor_id: TDR5027A41824
2024-07-05 15:19:25,401 - utils - DEBUG - Hash found for sensor_id: TDR5027A41824
2024-07-05 15:19:25,401 - utils - DEBUG - Hash found for sensor_id: TDR5027A41824
2024-07-05 15:19:25,401 - utils - DEBUG - Hash found for sensor_id: TDR5027A41824
2024-07-05 15:19:25,401 - utils - DEBUG - Hash found for sensor_id: TDR5027A41824
2024-07-05 15:19:25,401 - utils - DEBUG - Hash found for sensor_id: TDR5027A41824
2024-07-05 15:19:25,401 - utils - DEBUG - Hash found for sensor_id: TDR5027A41824
2024-07-05 15:19:25,401 - utils - DEBUG - Hash found for sensor_id: TDR5027A41824
2024-07-05 15:19:25,401 - utils - DEBUG - Hash found for sensor_id: TDR5027A41824
2024-07-05 15:19:25,401 - utils - DEBUG - Hash found for sensor_id: TDR5027A41824
2024-07-05 15:19:25,401 - utils - DEBUG - Hash found for sensor_id: TDR5027A41824
2024-07-05 15:19:25,401 - utils - DEBUG - Hash found for sensor_id: TDR5027A41824
2024-07-05 15:19:25,401 - utils - DEBUG - Hash found for sensor_id: TDR5027A41824
2024-07-05 15:19:25,401 - utils - DEBUG - Hash found for sensor_id: TDR5027A41824
2024-07-05 15:19:25,401 - utils - DEBUG - Hash found for sensor_id: TDR5027A41824
2024-07-05 15:19:25,401 - utils - DEBUG - Hash found for sensor_id: TDR5027A41824
2024-07-05 15:19:25,401 - utils - DEBUG - Hash found for sensor_id: TDR5027A41824
2024-07-05 15:19:25,401 - utils - DEBUG - Hash found for sensor_id: TDR5027A41824
2024-07-05 15:19:25,401 - utils - DEBUG - Hash found for sensor_id: TDR5027A41824
2024-07-05 15:19:25,401 - utils - DEBUG - Hash found for sensor_id: TDR5027A41824
2024-07-05 15:19:25,409 - utils - DEBUG - Hash found for sensor_id: TDR5027A43024
2024-07-05 15:19:25,409 - utils - DEBUG - Hash found for sensor_id: TDR5027A43024
2024-07-05 15:19:25,409 - utils - DEBUG - Hash found for sensor_id: TDR5027A43024
2024-07-05 15:19:25,409 - utils - DEBUG - Hash found for sensor_id: TDR5027A43024
2024-07-05 15:19:25,409 - utils - DEBUG - Hash found for sensor_id: TDR5027A43024
2024-07-05 15:19:25,409 - utils - DEBUG - Hash found for sensor_id: TDR5027A43024
2024-07-05 15:19:25,409 - utils - DEBUG - Hash found for sensor_id: TDR5027A43024
2024-07-05 15:19:25,409 - utils - DEBUG - Hash found for sensor_id: TDR5027A43024
2024-07-05 15:19:25,409 - utils - DEBUG - Hash found for sensor_id: TDR5027A43024
2024-07-05 15:19:25,409 - utils - DEBUG - Hash found for sensor_id: TDR5027A43024
2024-07-05 15:19:25,409 - utils - DEBUG - Hash found for sensor_id: TDR5027A43024
2024-07-05 15:19:25,409 - utils - DEBUG - Hash found for sensor_id: TDR5027A43024
2024-07-05 15:19:25,409 - utils - DEBUG - Hash found for sensor_id: TDR5027A43024
2024-07-05 15:19:25,409 - utils - DEBUG - Hash found for sensor_id: TDR5027A43024
2024-07-05 15:19:25,409 - utils - DEBUG - Hash found for sensor_id: TDR5027A43024
2024-07-05 15:19:25,409 - utils - DEBUG - Hash found for sensor_id: TDR5027A43024
2024-07-05 15:19:25,409 - utils - DEBUG - Hash found for sensor_id: TDR5027A43024
2024-07-05 15:19:25,409 - utils - DEBUG - Hash found for sensor_id: TDR5027A43024
2024-07-05 15:19:25,409 - utils - DEBUG - Hash found for sensor_id: TDR5027A43024
2024-07-05 15:19:25,409 - utils - DEBUG - Hash found for sensor_id: TDR5027A43024
2024-07-05 15:19:25,409 - utils - DEBUG - Hash found for sensor_id: TDR5027A43024
2024-07-05 15:19:25,409 - utils - DEBUG - Hash found for sensor_id: TDR5027A43024
2024-07-05 15:19:25,409 - utils - DEBUG - Hash found for sensor_id: TDR5027A43024
2024-07-05 15:19:25,409 - utils - DEBUG - Hash found for sensor_id: TDR5027A43024
2024-07-05 15:19:25,409 - utils - DEBUG - Hash found for sensor_id: TDR5027A43024
2024-07-05 15:19:25,409 - utils - DEBUG - Hash found for sensor_id: TDR5027A43024
2024-07-05 15:19:25,409 - utils - DEBUG - Hash found for sensor_id: TDR5027A43024
2024-07-05 15:19:25,409 - utils - DEBUG - Hash found for sensor_id: TDR5027A43024
2024-07-05 15:19:25,409 - utils - DEBUG - Hash found for sensor_id: TDR5027A43024
2024-07-05 15:19:25,409 - utils - DEBUG - Hash found for sensor_id: TDR5027A43024
2024-07-05 15:19:25,417 - utils - DEBUG - Hash found for sensor_id: TDR5027A43024
2024-07-05 15:19:25,417 - utils - DEBUG - Hash found for sensor_id: TDR5027A43024
2024-07-05 15:19:25,417 - utils - DEBUG - Hash found for sensor_id: TDR5027A43024
2024-07-05 15:19:25,417 - utils - DEBUG - Hash found for sensor_id: TDR5027A43024
2024-07-05 15:19:25,417 - utils - DEBUG - Hash found for sensor_id: TDR5027A43024
2024-07-05 15:19:25,417 - utils - DEBUG - Hash found for sensor_id: TDR5027A43024
2024-07-05 15:19:25,417 - utils - DEBUG - Hash found for sensor_id: TDR5027A43024
2024-07-05 15:19:25,417 - utils - DEBUG - Hash found for sensor_id: TDR5027A43024
2024-07-05 15:19:25,417 - utils - DEBUG - Hash found for sensor_id: TDR5027A43024
2024-07-05 15:19:25,417 - utils - DEBUG - Hash found for sensor_id: TDR5027A43024
2024-07-05 15:19:25,417 - utils - DEBUG - Hash found for sensor_id: TDR5027A43024
2024-07-05 15:19:25,417 - utils - DEBUG - Hash found for sensor_id: TDR5027A43024
2024-07-05 15:19:25,417 - utils - DEBUG - Hash found for sensor_id: TDR5027A43024
2024-07-05 15:19:25,417 - utils - DEBUG - Hash found for sensor_id: TDR5027A43024
2024-07-05 15:19:25,417 - utils - DEBUG - Hash found for sensor_id: TDR5027A43024
2024-07-05 15:19:25,417 - utils - DEBUG - Hash found for sensor_id: TDR5027A43024
2024-07-05 15:19:25,417 - utils - DEBUG - Hash found for sensor_id: TDR5027A43024
2024-07-05 15:19:25,417 - utils - DEBUG - Hash found for sensor_id: TDR5027A43024
2024-07-05 15:19:25,417 - utils - DEBUG - Hash found for sensor_id: TDR5027A43024
2024-07-05 15:19:25,417 - utils - DEBUG - Hash found for sensor_id: TDR5027A43024
2024-07-05 15:19:25,417 - utils - DEBUG - Hash found for sensor_id: TDR5027A43024
2024-07-05 15:19:25,417 - utils - DEBUG - Hash found for sensor_id: TDR5027A43024
2024-07-05 15:19:25,417 - utils - DEBUG - Hash found for sensor_id: TDR5027A43024
2024-07-05 15:19:25,417 - utils - DEBUG - Hash found for sensor_id: TDR5027A43024
2024-07-05 15:19:25,417 - utils - DEBUG - Hash found for sensor_id: TDR5027A43024
2024-07-05 15:19:25,417 - utils - DEBUG - Hash found for sensor_id: TDR5027A43024
2024-07-05 15:19:25,417 - utils - DEBUG - Hash found for sensor_id: TDR5027A43024
2024-07-05 15:19:25,417 - utils - DEBUG - Hash found for sensor_id: TDR5027A43024
2024-07-05 15:19:25,417 - utils - DEBUG - Hash found for sensor_id: TDR5027A43024
2024-07-05 15:19:25,417 - utils - DEBUG - Hash found for sensor_id: TDR5027A43024
2024-07-05 15:19:25,417 - utils - DEBUG - Hash found for sensor_id: TDR5027A43024
2024-07-05 15:19:25,426 - utils - DEBUG - Hash found for sensor_id: DEN5023A1xx24
2024-07-05 15:19:25,426 - utils - DEBUG - Hash found for sensor_id: DEN5023A1xx24
2024-07-05 15:19:25,426 - utils - DEBUG - Hash found for sensor_id: DEN5023A1xx24
2024-07-05 15:19:25,426 - utils - DEBUG - Hash found for sensor_id: DEN5023A1xx24
2024-07-05 15:19:25,426 - utils - DEBUG - Hash found for sensor_id: DEN5023A1xx24
2024-07-05 15:19:25,426 - utils - DEBUG - Hash found for sensor_id: DEN5023A1xx24
2024-07-05 15:19:25,426 - utils - DEBUG - Hash found for sensor_id: DEN5023A1xx24
2024-07-05 15:19:25,426 - utils - DEBUG - Hash found for sensor_id: DEN5023A1xx24
2024-07-05 15:19:25,426 - utils - DEBUG - Hash found for sensor_id: DEN5023A1xx24
2024-07-05 15:19:25,426 - utils - DEBUG - Hash found for sensor_id: DEN5023A1xx24
2024-07-05 15:19:25,426 - utils - DEBUG - Hash found for sensor_id: DEN5023A1xx24
2024-07-05 15:19:25,426 - utils - DEBUG - Hash found for sensor_id: DEN5023A1xx24
2024-07-05 15:19:25,426 - utils - DEBUG - Hash found for sensor_id: DEN5023A1xx24
2024-07-05 15:19:25,426 - utils - DEBUG - Hash found for sensor_id: DEN5023A1xx24
2024-07-05 15:19:25,426 - utils - DEBUG - Hash found for sensor_id: DEN5023A1xx24
2024-07-05 15:19:25,426 - utils - DEBUG - Hash found for sensor_id: DEN5023A1xx24
2024-07-05 15:19:25,426 - utils - DEBUG - Hash found for sensor_id: DEN5023A1xx24
2024-07-05 15:19:25,426 - utils - DEBUG - Hash found for sensor_id: DEN5023A1xx24
2024-07-05 15:19:25,426 - utils - DEBUG - Hash found for sensor_id: DEN5023A1xx24
2024-07-05 15:19:25,426 - utils - DEBUG - Hash found for sensor_id: DEN5023A1xx24
2024-07-05 15:19:25,426 - utils - DEBUG - Hash found for sensor_id: DEN5023A1xx24
2024-07-05 15:19:25,426 - utils - DEBUG - Hash found for sensor_id: DEN5023A1xx24
2024-07-05 15:19:25,426 - utils - DEBUG - Hash found for sensor_id: DEN5023A1xx24
2024-07-05 15:19:25,426 - utils - DEBUG - Hash found for sensor_id: DEN5023A1xx24
2024-07-05 15:19:25,426 - utils - DEBUG - Hash found for sensor_id: DEN5023A1xx24
2024-07-05 15:19:25,426 - utils - DEBUG - Hash found for sensor_id: DEN5023A1xx24
2024-07-05 15:19:25,426 - utils - DEBUG - Hash found for sensor_id: DEN5023A1xx24
2024-07-05 15:19:25,426 - utils - DEBUG - Hash found for sensor_id: DEN5023A1xx24
2024-07-05 15:19:25,426 - utils - DEBUG - Hash found for sensor_id: DEN5023A1xx24
2024-07-05 15:19:25,426 - utils - DEBUG - Hash found for sensor_id: DEN5023A1xx24
2024-07-05 15:19:25,426 - utils - DEBUG - Hash found for sensor_id: DEN5023A1xx24
2024-07-05 15:19:25,426 - utils - DEBUG - Hash found for sensor_id: DEN5023A1xx24
2024-07-05 15:19:25,434 - utils - DEBUG - Hash found for sensor_id: DEN5023A1xx24
2024-07-05 15:19:25,434 - utils - DEBUG - Hash found for sensor_id: DEN5023A1xx24
2024-07-05 15:19:25,434 - utils - DEBUG - Hash found for sensor_id: DEN5023A1xx24
2024-07-05 15:19:25,434 - utils - DEBUG - Hash found for sensor_id: DEN5023A1xx24
2024-07-05 15:19:25,434 - utils - DEBUG - Hash found for sensor_id: DEN5023A1xx24
2024-07-05 15:19:25,434 - utils - DEBUG - Hash found for sensor_id: DEN5023A1xx24
2024-07-05 15:19:25,434 - utils - DEBUG - Hash found for sensor_id: DEN5023A1xx24
2024-07-05 15:19:25,434 - utils - DEBUG - Hash found for sensor_id: DEN5023A1xx24
2024-07-05 15:19:25,434 - utils - DEBUG - Hash found for sensor_id: DEN5023A1xx24
2024-07-05 15:19:25,434 - utils - DEBUG - Hash found for sensor_id: DEN5023A1xx24
2024-07-05 15:19:25,434 - utils - DEBUG - Hash found for sensor_id: DEN5023A1xx24
2024-07-05 15:19:25,434 - utils - DEBUG - Hash found for sensor_id: DEN5023A1xx24
2024-07-05 15:19:25,434 - utils - DEBUG - Hash found for sensor_id: DEN5023A1xx24
2024-07-05 15:19:25,434 - utils - DEBUG - Hash found for sensor_id: DEN5023A1xx24
2024-07-05 15:19:25,434 - utils - DEBUG - Hash found for sensor_id: DEN5023A1xx24
2024-07-05 15:19:25,434 - utils - DEBUG - Hash found for sensor_id: DEN5023A1xx24
2024-07-05 15:19:25,434 - utils - DEBUG - Hash found for sensor_id: DEN5023A1xx24
2024-07-05 15:19:25,434 - utils - DEBUG - Hash found for sensor_id: DEN5023A1xx24
2024-07-05 15:19:25,434 - utils - DEBUG - Hash found for sensor_id: DEN5023A1xx24
2024-07-05 15:19:25,434 - utils - DEBUG - Hash found for sensor_id: DEN5023A1xx24
2024-07-05 15:19:25,434 - utils - DEBUG - Hash found for sensor_id: DEN5023A1xx24
2024-07-05 15:19:25,434 - utils - DEBUG - Hash found for sensor_id: DEN5023A1xx24
2024-07-05 15:19:25,434 - utils - DEBUG - Hash found for sensor_id: DEN5023A1xx24
2024-07-05 15:19:25,434 - utils - DEBUG - Hash found for sensor_id: DEN5023A1xx24
2024-07-05 15:19:25,434 - utils - DEBUG - Hash found for sensor_id: DEN5023A1xx24
2024-07-05 15:19:25,434 - utils - DEBUG - Hash found for sensor_id: DEN5023A1xx24
2024-07-05 15:19:25,434 - utils - DEBUG - Hash found for sensor_id: DEN5023A1xx24
2024-07-05 15:19:25,434 - utils - DEBUG - Hash found for sensor_id: DEN5023A1xx24
2024-07-05 15:19:25,434 - utils - DEBUG - Hash found for sensor_id: DEN5023A1xx24
2024-07-05 15:19:25,434 - utils - DEBUG - Hash found for sensor_id: DEN5023A1xx24
2024-07-05 15:19:25,434 - utils - DEBUG - Hash found for sensor_id: DEN5023A1xx24
2024-07-05 15:19:25,434 - utils - DEBUG - Hash found for sensor_id: DEN5023A1xx24
2024-07-05 15:19:25,434 - utils - DEBUG - Hash found for sensor_id: DEN5023A1xx24
